#
# There is insufficient memory for the Java Runtime Environment to continue.
# Native memory allocation (malloc) failed to allocate 1058896 bytes for Chunk::new
# Possible reasons:
#   The system is out of physical RAM or swap space
#   The process is running with CompressedOops enabled, and the Java Heap may be blocking the growth of the native heap
# Possible solutions:
#   Reduce memory load on the system
#   Increase physical memory or swap space
#   Check if swap backing store is full
#   Decrease Java heap size (-Xmx/-Xms)
#   Decrease number of Java threads
#   Decrease Java thread stack sizes (-Xss)
#   Set larger code cache with -XX:ReservedCodeCacheSize=
#   JVM is running with Unscaled Compressed Oops mode in which the Java heap is
#     placed in the first 4GB address space. The Java Heap base address is the
#     maximum limit for the native heap growth. Please use -XX:HeapBaseMinAddress
#     to set the Java Heap base and to place the Java Heap above 4GB virtual address.
# This output file may be truncated or incomplete.
#
#  Out of Memory Error (./src/hotspot/share/memory/arena.cpp:197), pid=1376, tid=14400
#
# JRE version: OpenJDK Runtime Environment Corretto-11.0.12.7.1 (11.0.12+7) (build 11.0.12+7-LTS)
# Java VM: OpenJDK 64-Bit Server VM Corretto-11.0.12.7.1 (11.0.12+7-LTS, mixed mode, tiered, compressed oops, g1 gc, windows-amd64)
# No core dump will be written. Minidumps are not enabled by default on client versions of Windows
#

---------------  S U M M A R Y ------------

Command Line: --add-opens=java.base/java.util=ALL-UNNAMED --add-opens=java.base/java.lang=ALL-UNNAMED --add-opens=java.base/java.lang.invoke=ALL-UNNAMED --add-opens=java.base/java.util=ALL-UNNAMED --add-opens=java.prefs/java.util.prefs=ALL-UNNAMED --add-opens=java.prefs/java.util.prefs=ALL-UNNAMED --add-opens=java.base/java.nio.charset=ALL-UNNAMED --add-opens=java.base/java.net=ALL-UNNAMED --add-opens=java.base/java.util.concurrent.atomic=ALL-UNNAMED -XX:MaxMetaspaceSize=256m -XX:+HeapDumpOnOutOfMemoryError -Xms256m -Xmx512m -Dfile.encoding=windows-1252 -Duser.country=BR -Duser.language=pt -Duser.variant org.gradle.launcher.daemon.bootstrap.GradleDaemon 7.1.1

Host: Intel(R) Core(TM) i3-2330M CPU @ 2.20GHz, 4 cores, 5G,  Windows 10 , 64 bit Build 19041 (10.0.19041.1151)
Time: Fri Aug 20 07:33:48 2021 Hora oficial do Brasil elapsed time: 23.538393 seconds (0d 0h 0m 23s)

---------------  T H R E A D  ---------------

Current thread (0x000001acc3fca800):  JavaThread "C2 CompilerThread1" daemon [_thread_in_native, id=14400, stack(0x000000159c200000,0x000000159c300000)]


Current CompileTask:
C2:  23539 3611       4       org.objectweb.asm.Frame::execute (2318 bytes)

Stack: [0x000000159c200000,0x000000159c300000]
Native frames: (J=compiled Java code, j=interpreted, Vv=VM code, C=native code)
V  [jvm.dll+0x601d7a]
V  [jvm.dll+0x78b45e]
V  [jvm.dll+0x78cb2f]
V  [jvm.dll+0x78d1f3]
V  [jvm.dll+0x24bc58]
V  [jvm.dll+0xc219c]
V  [jvm.dll+0xc275c]
V  [jvm.dll+0x3548d7]
V  [jvm.dll+0x19dd11]
V  [jvm.dll+0x205642]
V  [jvm.dll+0x20471d]
V  [jvm.dll+0x18990c]
V  [jvm.dll+0x213b57]
V  [jvm.dll+0x211d1b]
V  [jvm.dll+0x74f509]
V  [jvm.dll+0x748574]
V  [jvm.dll+0x600c16]
C  [ucrtbase.dll+0x21bb2]
C  [KERNEL32.DLL+0x17034]
C  [ntdll.dll+0x52651]


---------------  P R O C E S S  ---------------

Threads class SMR info:
_java_thread_list=0x000001acc0169820, length=38, elements={
0x000001aca39ce000, 0x000001acbf13c000, 0x000001acbf13d800, 0x000001acbf189000,
0x000001acbf18c000, 0x000001acbf192000, 0x000001acbf195800, 0x000001acbf19a800,
0x000001acbf1a2800, 0x000001acbf302800, 0x000001acc18aa800, 0x000001acc1693800,
0x000001acc0903000, 0x000001acc1889800, 0x000001acc0b35800, 0x000001acc14b3800,
0x000001acc171e800, 0x000001acc0383000, 0x000001acc0380800, 0x000001acc0381800,
0x000001acc0382000, 0x000001acc0384800, 0x000001acc037f000, 0x000001acc0380000,
0x000001acc0736000, 0x000001acc0730800, 0x000001acc0737000, 0x000001acc0731800,
0x000001acc0732000, 0x000001acc3fca800, 0x000001acc0733000, 0x000001acc073c000,
0x000001acc0739800, 0x000001acc0735800, 0x000001acc0733800, 0x000001acc073a000,
0x000001acc0734800, 0x000001acc073f000
}

Java Threads: ( => current thread )
  0x000001aca39ce000 JavaThread "main" [_thread_blocked, id=10624, stack(0x0000001599700000,0x0000001599800000)]
  0x000001acbf13c000 JavaThread "Reference Handler" daemon [_thread_blocked, id=6108, stack(0x0000001599e00000,0x0000001599f00000)]
  0x000001acbf13d800 JavaThread "Finalizer" daemon [_thread_blocked, id=16412, stack(0x0000001599f00000,0x000000159a000000)]
  0x000001acbf189000 JavaThread "Signal Dispatcher" daemon [_thread_blocked, id=8748, stack(0x000000159a000000,0x000000159a100000)]
  0x000001acbf18c000 JavaThread "Attach Listener" daemon [_thread_blocked, id=7252, stack(0x000000159a100000,0x000000159a200000)]
  0x000001acbf192000 JavaThread "Service Thread" daemon [_thread_blocked, id=8988, stack(0x000000159a200000,0x000000159a300000)]
  0x000001acbf195800 JavaThread "C2 CompilerThread0" daemon [_thread_in_native, id=7392, stack(0x000000159a300000,0x000000159a400000)]
  0x000001acbf19a800 JavaThread "C1 CompilerThread0" daemon [_thread_in_native, id=2056, stack(0x000000159a400000,0x000000159a500000)]
  0x000001acbf1a2800 JavaThread "Sweeper thread" daemon [_thread_blocked, id=17476, stack(0x000000159a500000,0x000000159a600000)]
  0x000001acbf302800 JavaThread "Common-Cleaner" daemon [_thread_blocked, id=9864, stack(0x000000159a600000,0x000000159a700000)]
  0x000001acc18aa800 JavaThread "Daemon health stats" [_thread_blocked, id=4656, stack(0x000000159ac00000,0x000000159ad00000)]
  0x000001acc1693800 JavaThread "SeedGenerator Thread" daemon [_thread_blocked, id=17048, stack(0x000000159ad00000,0x000000159ae00000)]
  0x000001acc0903000 JavaThread "Incoming local TCP Connector on port 57228" [_thread_in_native, id=14540, stack(0x000000159ae00000,0x000000159af00000)]
  0x000001acc1889800 JavaThread "Daemon periodic checks" [_thread_blocked, id=16120, stack(0x000000159af00000,0x000000159b000000)]
  0x000001acc0b35800 JavaThread "Daemon" [_thread_blocked, id=2456, stack(0x000000159b100000,0x000000159b200000)]
  0x000001acc14b3800 JavaThread "Handler for socket connection from /127.0.0.1:57228 to /127.0.0.1:57229" [_thread_in_native, id=14072, stack(0x000000159b200000,0x000000159b300000)]
  0x000001acc171e800 JavaThread "Cancel handler" [_thread_blocked, id=12104, stack(0x000000159b300000,0x000000159b400000)]
  0x000001acc0383000 JavaThread "Daemon worker" [_thread_in_Java, id=11120, stack(0x000000159a800000,0x000000159a900000)]
  0x000001acc0380800 JavaThread "Asynchronous log dispatcher for DefaultDaemonConnection: socket connection from /127.0.0.1:57228 to /127.0.0.1:57229" [_thread_blocked, id=16944, stack(0x000000159b400000,0x000000159b500000)]
  0x000001acc0381800 JavaThread "Stdin handler" [_thread_blocked, id=984, stack(0x000000159b500000,0x000000159b600000)]
  0x000001acc0382000 JavaThread "Daemon client event forwarder" [_thread_blocked, id=9076, stack(0x000000159b600000,0x000000159b700000)]
  0x000001acc0384800 JavaThread "Cache worker for journal cache (C:\Users\wagner.prado\.gradle\caches\journal-1)" [_thread_blocked, id=12028, stack(0x000000159b800000,0x000000159b900000)]
  0x000001acc037f000 JavaThread "File lock request listener" [_thread_in_native, id=3240, stack(0x000000159b900000,0x000000159ba00000)]
  0x000001acc0380000 JavaThread "Cache worker for file hash cache (C:\Users\wagner.prado\.gradle\caches\7.1.1\fileHashes)" [_thread_blocked, id=11632, stack(0x000000159ba00000,0x000000159bb00000)]
  0x000001acc0736000 JavaThread "Cache worker for file hash cache (C:\Users\wagner.prado\Dropbox\curso\Programação\Java Digital innovation\Santander java\SantanderDIO_ControleDePonto\SantanderDIO_ControleDePonto\.gradle\7.1.1\fileHashes)" [_thread_blocked, id=8272, stack(0x000000159bd00000,0x000000159be00000)]
  0x000001acc0730800 JavaThread "File watcher server" daemon [_thread_in_native, id=16728, stack(0x000000159be00000,0x000000159bf00000)]
  0x000001acc0737000 JavaThread "File watcher consumer" daemon [_thread_blocked, id=18208, stack(0x000000159bf00000,0x000000159c000000)]
  0x000001acc0731800 JavaThread "Cache worker for checksums cache (C:\Users\wagner.prado\Dropbox\curso\Programação\Java Digital innovation\Santander java\SantanderDIO_ControleDePonto\SantanderDIO_ControleDePonto\.gradle\checksums)" [_thread_blocked, id=18112, stack(0x000000159bb00000,0x000000159bc00000)]
  0x000001acc0732000 JavaThread "Cache worker for cache directory md-supplier (C:\Users\wagner.prado\.gradle\caches\7.1.1\md-supplier)" [_thread_blocked, id=6376, stack(0x000000159b000000,0x000000159b100000)]
=>0x000001acc3fca800 JavaThread "C2 CompilerThread1" daemon [_thread_in_native, id=14400, stack(0x000000159c200000,0x000000159c300000)]
  0x000001acc0733000 JavaThread "Cache worker for cache directory md-rule (C:\Users\wagner.prado\.gradle\caches\7.1.1\md-rule)" [_thread_blocked, id=16028, stack(0x000000159c300000,0x000000159c400000)]
  0x000001acc073c000 JavaThread "Cache worker for execution history cache (C:\Users\wagner.prado\.gradle\caches\7.1.1\executionHistory)" [_thread_blocked, id=16008, stack(0x000000159c500000,0x000000159c600000)]
  0x000001acc0739800 JavaThread "jar transforms" [_thread_blocked, id=12516, stack(0x000000159c600000,0x000000159c700000)]
  0x000001acc0735800 JavaThread "jar transforms Thread 2" [_thread_blocked, id=1796, stack(0x000000159c000000,0x000000159c100000)]
  0x000001acc0733800 JavaThread "Cache worker for file content cache (C:\Users\wagner.prado\.gradle\caches\7.1.1\fileContent)" [_thread_blocked, id=16060, stack(0x000000159b700000,0x000000159b800000)]
  0x000001acc073a000 JavaThread "jar transforms Thread 3" [_thread_blocked, id=16176, stack(0x000000159bc00000,0x000000159bd00000)]
  0x000001acc0734800 JavaThread "jar transforms Thread 4" [_thread_blocked, id=2732, stack(0x000000159c100000,0x000000159c200000)]
  0x000001acc073f000 JavaThread "Cache worker for dependencies-accessors (C:\Users\wagner.prado\Dropbox\curso\Programação\Java Digital innovation\Santander java\SantanderDIO_ControleDePonto\SantanderDIO_ControleDePonto\.gradle\7.1.1\dependencies-accessors)" [_thread_blocked, id=11368, stack(0x000000159c400000,0x000000159c500000)]

Other Threads:
  0x000001acbf105800 VMThread "VM Thread" [stack: 0x0000001599d00000,0x0000001599e00000] [id=13468]
  0x000001acbf333800 WatcherThread [stack: 0x000000159a700000,0x000000159a800000] [id=18068]
  0x000001aca39e4800 GCTaskThread "GC Thread#0" [stack: 0x0000001599800000,0x0000001599900000] [id=7476]
  0x000001acbf62c800 GCTaskThread "GC Thread#1" [stack: 0x000000159a900000,0x000000159aa00000] [id=16804]
  0x000001acbfdfb000 GCTaskThread "GC Thread#2" [stack: 0x000000159aa00000,0x000000159ab00000] [id=17616]
  0x000001acbfdfc000 GCTaskThread "GC Thread#3" [stack: 0x000000159ab00000,0x000000159ac00000] [id=4516]
  0x000001aca39ef800 ConcurrentGCThread "G1 Main Marker" [stack: 0x0000001599900000,0x0000001599a00000] [id=16608]
  0x000001aca39f3000 ConcurrentGCThread "G1 Conc#0" [stack: 0x0000001599a00000,0x0000001599b00000] [id=16080]
  0x000001acbe79c800 ConcurrentGCThread "G1 Refine#0" [stack: 0x0000001599b00000,0x0000001599c00000] [id=14592]
  0x000001acbe79d000 ConcurrentGCThread "G1 Young RemSet Sampling" [stack: 0x0000001599c00000,0x0000001599d00000] [id=8400]

Threads with active compile tasks:
C2 CompilerThread0  23638 3719       4       java.util.AbstractCollection::addAll (42 bytes)
C1 CompilerThread0  23639 3748   !   3       java.lang.invoke.MethodHandles$Lookup::revealDirect (209 bytes)
C2 CompilerThread1  23639 3611       4       org.objectweb.asm.Frame::execute (2318 bytes)

VM state:not at safepoint (normal execution)

VM Mutex/Monitor currently owned by a thread:  ([mutex/lock_event])
[0x000001aca39ca810] AdapterHandlerLibrary_lock - owner thread: 0x0000000000000000

Heap address: 0x00000000e0000000, size: 512 MB, Compressed Oops mode: 32-bit
Narrow klass base: 0x0000000000000000, Narrow klass shift: 3
Compressed class space size: 260046848 Address: 0x0000000100000000

Heap:
 garbage-first heap   total 262144K, used 105608K [0x00000000e0000000, 0x0000000100000000)
  region size 1024K, 86 young (88064K), 7 survivors (7168K)
 Metaspace       used 42364K, capacity 43310K, committed 43340K, reserved 292864K
  class space    used 5360K, capacity 5735K, committed 5760K, reserved 253952K
Heap Regions: E=young(eden), S=young(survivor), O=old, HS=humongous(starts), HC=humongous(continues), CS=collection set, F=free, A=archive, TAMS=top-at-mark-start (previous, next)
|   0|0x00000000e0000000, 0x00000000e0100000, 0x00000000e0100000|100%|HS|  |TAMS 0x00000000e0100000, 0x00000000e0000000| Complete 
|   1|0x00000000e0100000, 0x00000000e0200000, 0x00000000e0200000|100%|HC|  |TAMS 0x00000000e0200000, 0x00000000e0100000| Complete 
|   2|0x00000000e0200000, 0x00000000e0300000, 0x00000000e0300000|100%|HC|  |TAMS 0x00000000e0300000, 0x00000000e0200000| Complete 
|   3|0x00000000e0300000, 0x00000000e0400000, 0x00000000e0400000|100%| O|  |TAMS 0x00000000e0400000, 0x00000000e0300000| Untracked 
|   4|0x00000000e0400000, 0x00000000e0500000, 0x00000000e0500000|100%| O|  |TAMS 0x00000000e0500000, 0x00000000e0400000| Untracked 
|   5|0x00000000e0500000, 0x00000000e0600000, 0x00000000e0600000|100%| O|  |TAMS 0x00000000e0600000, 0x00000000e0500000| Untracked 
|   6|0x00000000e0600000, 0x00000000e0700000, 0x00000000e0700000|100%| O|  |TAMS 0x00000000e0700000, 0x00000000e0600000| Untracked 
|   7|0x00000000e0700000, 0x00000000e0800000, 0x00000000e0800000|100%| O|  |TAMS 0x00000000e0800000, 0x00000000e0700000| Untracked 
|   8|0x00000000e0800000, 0x00000000e0900000, 0x00000000e0900000|100%| O|  |TAMS 0x00000000e0900000, 0x00000000e0800000| Untracked 
|   9|0x00000000e0900000, 0x00000000e0a00000, 0x00000000e0a00000|100%| O|  |TAMS 0x00000000e0a00000, 0x00000000e0900000| Untracked 
|  10|0x00000000e0a00000, 0x00000000e0b00000, 0x00000000e0b00000|100%| O|  |TAMS 0x00000000e0b00000, 0x00000000e0a00000| Untracked 
|  11|0x00000000e0b00000, 0x00000000e0c00000, 0x00000000e0c00000|100%| O|  |TAMS 0x00000000e0c00000, 0x00000000e0b00000| Untracked 
|  12|0x00000000e0c00000, 0x00000000e0d00000, 0x00000000e0d00000|100%| O|  |TAMS 0x00000000e0d00000, 0x00000000e0c00000| Untracked 
|  13|0x00000000e0d00000, 0x00000000e0e00000, 0x00000000e0e00000|100%| O|  |TAMS 0x00000000e0e00000, 0x00000000e0d00000| Untracked 
|  14|0x00000000e0e00000, 0x00000000e0f00000, 0x00000000e0f00000|100%| O|  |TAMS 0x00000000e0f00000, 0x00000000e0e00000| Untracked 
|  15|0x00000000e0f00000, 0x00000000e0fce800, 0x00000000e1000000| 80%| O|  |TAMS 0x00000000e0fce800, 0x00000000e0f00000| Untracked 
|  16|0x00000000e1000000, 0x00000000e1100000, 0x00000000e1100000|100%|HS|  |TAMS 0x00000000e1000000, 0x00000000e1000000| Complete 
|  17|0x00000000e1100000, 0x00000000e1200000, 0x00000000e1200000|100%|HS|  |TAMS 0x00000000e1100000, 0x00000000e1100000| Complete 
|  18|0x00000000e1200000, 0x00000000e1300000, 0x00000000e1300000|100%|HC|  |TAMS 0x00000000e1200000, 0x00000000e1200000| Complete 
|  19|0x00000000e1300000, 0x00000000e1400000, 0x00000000e1400000|100%|HS|  |TAMS 0x00000000e1300000, 0x00000000e1300000| Complete 
|  20|0x00000000e1400000, 0x00000000e1400000, 0x00000000e1500000|  0%| F|  |TAMS 0x00000000e1400000, 0x00000000e1400000| Untracked 
|  21|0x00000000e1500000, 0x00000000e1500000, 0x00000000e1600000|  0%| F|  |TAMS 0x00000000e1500000, 0x00000000e1500000| Untracked 
|  22|0x00000000e1600000, 0x00000000e1600000, 0x00000000e1700000|  0%| F|  |TAMS 0x00000000e1600000, 0x00000000e1600000| Untracked 
|  23|0x00000000e1700000, 0x00000000e1700000, 0x00000000e1800000|  0%| F|  |TAMS 0x00000000e1700000, 0x00000000e1700000| Untracked 
|  24|0x00000000e1800000, 0x00000000e1800000, 0x00000000e1900000|  0%| F|  |TAMS 0x00000000e1800000, 0x00000000e1800000| Untracked 
|  25|0x00000000e1900000, 0x00000000e1900000, 0x00000000e1a00000|  0%| F|  |TAMS 0x00000000e1900000, 0x00000000e1900000| Untracked 
|  26|0x00000000e1a00000, 0x00000000e1a00000, 0x00000000e1b00000|  0%| F|  |TAMS 0x00000000e1a00000, 0x00000000e1a00000| Untracked 
|  27|0x00000000e1b00000, 0x00000000e1b00000, 0x00000000e1c00000|  0%| F|  |TAMS 0x00000000e1b00000, 0x00000000e1b00000| Untracked 
|  28|0x00000000e1c00000, 0x00000000e1c00000, 0x00000000e1d00000|  0%| F|  |TAMS 0x00000000e1c00000, 0x00000000e1c00000| Untracked 
|  29|0x00000000e1d00000, 0x00000000e1d00000, 0x00000000e1e00000|  0%| F|  |TAMS 0x00000000e1d00000, 0x00000000e1d00000| Untracked 
|  30|0x00000000e1e00000, 0x00000000e1e00000, 0x00000000e1f00000|  0%| F|  |TAMS 0x00000000e1e00000, 0x00000000e1e00000| Untracked 
|  31|0x00000000e1f00000, 0x00000000e1f00000, 0x00000000e2000000|  0%| F|  |TAMS 0x00000000e1f00000, 0x00000000e1f00000| Untracked 
|  32|0x00000000e2000000, 0x00000000e2000000, 0x00000000e2100000|  0%| F|  |TAMS 0x00000000e2000000, 0x00000000e2000000| Untracked 
|  33|0x00000000e2100000, 0x00000000e2100000, 0x00000000e2200000|  0%| F|  |TAMS 0x00000000e2100000, 0x00000000e2100000| Untracked 
|  34|0x00000000e2200000, 0x00000000e2200000, 0x00000000e2300000|  0%| F|  |TAMS 0x00000000e2200000, 0x00000000e2200000| Untracked 
|  35|0x00000000e2300000, 0x00000000e2300000, 0x00000000e2400000|  0%| F|  |TAMS 0x00000000e2300000, 0x00000000e2300000| Untracked 
|  36|0x00000000e2400000, 0x00000000e2400000, 0x00000000e2500000|  0%| F|  |TAMS 0x00000000e2400000, 0x00000000e2400000| Untracked 
|  37|0x00000000e2500000, 0x00000000e2500000, 0x00000000e2600000|  0%| F|  |TAMS 0x00000000e2500000, 0x00000000e2500000| Untracked 
|  38|0x00000000e2600000, 0x00000000e2600000, 0x00000000e2700000|  0%| F|  |TAMS 0x00000000e2600000, 0x00000000e2600000| Untracked 
|  39|0x00000000e2700000, 0x00000000e2700000, 0x00000000e2800000|  0%| F|  |TAMS 0x00000000e2700000, 0x00000000e2700000| Untracked 
|  40|0x00000000e2800000, 0x00000000e2800000, 0x00000000e2900000|  0%| F|  |TAMS 0x00000000e2800000, 0x00000000e2800000| Untracked 
|  41|0x00000000e2900000, 0x00000000e2900000, 0x00000000e2a00000|  0%| F|  |TAMS 0x00000000e2900000, 0x00000000e2900000| Untracked 
|  42|0x00000000e2a00000, 0x00000000e2a00000, 0x00000000e2b00000|  0%| F|  |TAMS 0x00000000e2a00000, 0x00000000e2a00000| Untracked 
|  43|0x00000000e2b00000, 0x00000000e2b00000, 0x00000000e2c00000|  0%| F|  |TAMS 0x00000000e2b00000, 0x00000000e2b00000| Untracked 
|  44|0x00000000e2c00000, 0x00000000e2c00000, 0x00000000e2d00000|  0%| F|  |TAMS 0x00000000e2c00000, 0x00000000e2c00000| Untracked 
|  45|0x00000000e2d00000, 0x00000000e2d00000, 0x00000000e2e00000|  0%| F|  |TAMS 0x00000000e2d00000, 0x00000000e2d00000| Untracked 
|  46|0x00000000e2e00000, 0x00000000e2e00000, 0x00000000e2f00000|  0%| F|  |TAMS 0x00000000e2e00000, 0x00000000e2e00000| Untracked 
|  47|0x00000000e2f00000, 0x00000000e2f00000, 0x00000000e3000000|  0%| F|  |TAMS 0x00000000e2f00000, 0x00000000e2f00000| Untracked 
|  48|0x00000000e3000000, 0x00000000e3000000, 0x00000000e3100000|  0%| F|  |TAMS 0x00000000e3000000, 0x00000000e3000000| Untracked 
|  49|0x00000000e3100000, 0x00000000e3100000, 0x00000000e3200000|  0%| F|  |TAMS 0x00000000e3100000, 0x00000000e3100000| Untracked 
|  50|0x00000000e3200000, 0x00000000e3200000, 0x00000000e3300000|  0%| F|  |TAMS 0x00000000e3200000, 0x00000000e3200000| Untracked 
|  51|0x00000000e3300000, 0x00000000e3300000, 0x00000000e3400000|  0%| F|  |TAMS 0x00000000e3300000, 0x00000000e3300000| Untracked 
|  52|0x00000000e3400000, 0x00000000e3400000, 0x00000000e3500000|  0%| F|  |TAMS 0x00000000e3400000, 0x00000000e3400000| Untracked 
|  53|0x00000000e3500000, 0x00000000e3500000, 0x00000000e3600000|  0%| F|  |TAMS 0x00000000e3500000, 0x00000000e3500000| Untracked 
|  54|0x00000000e3600000, 0x00000000e3600000, 0x00000000e3700000|  0%| F|  |TAMS 0x00000000e3600000, 0x00000000e3600000| Untracked 
|  55|0x00000000e3700000, 0x00000000e3700000, 0x00000000e3800000|  0%| F|  |TAMS 0x00000000e3700000, 0x00000000e3700000| Untracked 
|  56|0x00000000e3800000, 0x00000000e3800000, 0x00000000e3900000|  0%| F|  |TAMS 0x00000000e3800000, 0x00000000e3800000| Untracked 
|  57|0x00000000e3900000, 0x00000000e3900000, 0x00000000e3a00000|  0%| F|  |TAMS 0x00000000e3900000, 0x00000000e3900000| Untracked 
|  58|0x00000000e3a00000, 0x00000000e3a00000, 0x00000000e3b00000|  0%| F|  |TAMS 0x00000000e3a00000, 0x00000000e3a00000| Untracked 
|  59|0x00000000e3b00000, 0x00000000e3b00000, 0x00000000e3c00000|  0%| F|  |TAMS 0x00000000e3b00000, 0x00000000e3b00000| Untracked 
|  60|0x00000000e3c00000, 0x00000000e3c00000, 0x00000000e3d00000|  0%| F|  |TAMS 0x00000000e3c00000, 0x00000000e3c00000| Untracked 
|  61|0x00000000e3d00000, 0x00000000e3d00000, 0x00000000e3e00000|  0%| F|  |TAMS 0x00000000e3d00000, 0x00000000e3d00000| Untracked 
|  62|0x00000000e3e00000, 0x00000000e3e00000, 0x00000000e3f00000|  0%| F|  |TAMS 0x00000000e3e00000, 0x00000000e3e00000| Untracked 
|  63|0x00000000e3f00000, 0x00000000e3f00000, 0x00000000e4000000|  0%| F|  |TAMS 0x00000000e3f00000, 0x00000000e3f00000| Untracked 
|  64|0x00000000e4000000, 0x00000000e4000000, 0x00000000e4100000|  0%| F|  |TAMS 0x00000000e4000000, 0x00000000e4000000| Untracked 
|  65|0x00000000e4100000, 0x00000000e4100000, 0x00000000e4200000|  0%| F|  |TAMS 0x00000000e4100000, 0x00000000e4100000| Untracked 
|  66|0x00000000e4200000, 0x00000000e4200000, 0x00000000e4300000|  0%| F|  |TAMS 0x00000000e4200000, 0x00000000e4200000| Untracked 
|  67|0x00000000e4300000, 0x00000000e4300000, 0x00000000e4400000|  0%| F|  |TAMS 0x00000000e4300000, 0x00000000e4300000| Untracked 
|  68|0x00000000e4400000, 0x00000000e4400000, 0x00000000e4500000|  0%| F|  |TAMS 0x00000000e4400000, 0x00000000e4400000| Untracked 
|  69|0x00000000e4500000, 0x00000000e4500000, 0x00000000e4600000|  0%| F|  |TAMS 0x00000000e4500000, 0x00000000e4500000| Untracked 
|  70|0x00000000e4600000, 0x00000000e4600000, 0x00000000e4700000|  0%| F|  |TAMS 0x00000000e4600000, 0x00000000e4600000| Untracked 
|  71|0x00000000e4700000, 0x00000000e4700000, 0x00000000e4800000|  0%| F|  |TAMS 0x00000000e4700000, 0x00000000e4700000| Untracked 
|  72|0x00000000e4800000, 0x00000000e4800000, 0x00000000e4900000|  0%| F|  |TAMS 0x00000000e4800000, 0x00000000e4800000| Untracked 
|  73|0x00000000e4900000, 0x00000000e4900000, 0x00000000e4a00000|  0%| F|  |TAMS 0x00000000e4900000, 0x00000000e4900000| Untracked 
|  74|0x00000000e4a00000, 0x00000000e4a00000, 0x00000000e4b00000|  0%| F|  |TAMS 0x00000000e4a00000, 0x00000000e4a00000| Untracked 
|  75|0x00000000e4b00000, 0x00000000e4b00000, 0x00000000e4c00000|  0%| F|  |TAMS 0x00000000e4b00000, 0x00000000e4b00000| Untracked 
|  76|0x00000000e4c00000, 0x00000000e4c00000, 0x00000000e4d00000|  0%| F|  |TAMS 0x00000000e4c00000, 0x00000000e4c00000| Untracked 
|  77|0x00000000e4d00000, 0x00000000e4d00000, 0x00000000e4e00000|  0%| F|  |TAMS 0x00000000e4d00000, 0x00000000e4d00000| Untracked 
|  78|0x00000000e4e00000, 0x00000000e4e00000, 0x00000000e4f00000|  0%| F|  |TAMS 0x00000000e4e00000, 0x00000000e4e00000| Untracked 
|  79|0x00000000e4f00000, 0x00000000e4f00000, 0x00000000e5000000|  0%| F|  |TAMS 0x00000000e4f00000, 0x00000000e4f00000| Untracked 
|  80|0x00000000e5000000, 0x00000000e5000000, 0x00000000e5100000|  0%| F|  |TAMS 0x00000000e5000000, 0x00000000e5000000| Untracked 
|  81|0x00000000e5100000, 0x00000000e5100000, 0x00000000e5200000|  0%| F|  |TAMS 0x00000000e5100000, 0x00000000e5100000| Untracked 
|  82|0x00000000e5200000, 0x00000000e5200000, 0x00000000e5300000|  0%| F|  |TAMS 0x00000000e5200000, 0x00000000e5200000| Untracked 
|  83|0x00000000e5300000, 0x00000000e5300000, 0x00000000e5400000|  0%| F|  |TAMS 0x00000000e5300000, 0x00000000e5300000| Untracked 
|  84|0x00000000e5400000, 0x00000000e5400000, 0x00000000e5500000|  0%| F|  |TAMS 0x00000000e5400000, 0x00000000e5400000| Untracked 
|  85|0x00000000e5500000, 0x00000000e5500000, 0x00000000e5600000|  0%| F|  |TAMS 0x00000000e5500000, 0x00000000e5500000| Untracked 
|  86|0x00000000e5600000, 0x00000000e5600000, 0x00000000e5700000|  0%| F|  |TAMS 0x00000000e5600000, 0x00000000e5600000| Untracked 
|  87|0x00000000e5700000, 0x00000000e5700000, 0x00000000e5800000|  0%| F|  |TAMS 0x00000000e5700000, 0x00000000e5700000| Untracked 
|  88|0x00000000e5800000, 0x00000000e5800000, 0x00000000e5900000|  0%| F|  |TAMS 0x00000000e5800000, 0x00000000e5800000| Untracked 
|  89|0x00000000e5900000, 0x00000000e5900000, 0x00000000e5a00000|  0%| F|  |TAMS 0x00000000e5900000, 0x00000000e5900000| Untracked 
|  90|0x00000000e5a00000, 0x00000000e5a00000, 0x00000000e5b00000|  0%| F|  |TAMS 0x00000000e5a00000, 0x00000000e5a00000| Untracked 
|  91|0x00000000e5b00000, 0x00000000e5b00000, 0x00000000e5c00000|  0%| F|  |TAMS 0x00000000e5b00000, 0x00000000e5b00000| Untracked 
|  92|0x00000000e5c00000, 0x00000000e5c00000, 0x00000000e5d00000|  0%| F|  |TAMS 0x00000000e5c00000, 0x00000000e5c00000| Untracked 
|  93|0x00000000e5d00000, 0x00000000e5d00000, 0x00000000e5e00000|  0%| F|  |TAMS 0x00000000e5d00000, 0x00000000e5d00000| Untracked 
|  94|0x00000000e5e00000, 0x00000000e5e00000, 0x00000000e5f00000|  0%| F|  |TAMS 0x00000000e5e00000, 0x00000000e5e00000| Untracked 
|  95|0x00000000e5f00000, 0x00000000e5f00000, 0x00000000e6000000|  0%| F|  |TAMS 0x00000000e5f00000, 0x00000000e5f00000| Untracked 
|  96|0x00000000e6000000, 0x00000000e6000000, 0x00000000e6100000|  0%| F|  |TAMS 0x00000000e6000000, 0x00000000e6000000| Untracked 
|  97|0x00000000e6100000, 0x00000000e6100000, 0x00000000e6200000|  0%| F|  |TAMS 0x00000000e6100000, 0x00000000e6100000| Untracked 
|  98|0x00000000e6200000, 0x00000000e6200000, 0x00000000e6300000|  0%| F|  |TAMS 0x00000000e6200000, 0x00000000e6200000| Untracked 
|  99|0x00000000e6300000, 0x00000000e6300000, 0x00000000e6400000|  0%| F|  |TAMS 0x00000000e6300000, 0x00000000e6300000| Untracked 
| 100|0x00000000e6400000, 0x00000000e6400000, 0x00000000e6500000|  0%| F|  |TAMS 0x00000000e6400000, 0x00000000e6400000| Untracked 
| 101|0x00000000e6500000, 0x00000000e6500000, 0x00000000e6600000|  0%| F|  |TAMS 0x00000000e6500000, 0x00000000e6500000| Untracked 
| 102|0x00000000e6600000, 0x00000000e6600000, 0x00000000e6700000|  0%| F|  |TAMS 0x00000000e6600000, 0x00000000e6600000| Untracked 
| 103|0x00000000e6700000, 0x00000000e6700000, 0x00000000e6800000|  0%| F|  |TAMS 0x00000000e6700000, 0x00000000e6700000| Untracked 
| 104|0x00000000e6800000, 0x00000000e6800000, 0x00000000e6900000|  0%| F|  |TAMS 0x00000000e6800000, 0x00000000e6800000| Untracked 
| 105|0x00000000e6900000, 0x00000000e6900000, 0x00000000e6a00000|  0%| F|  |TAMS 0x00000000e6900000, 0x00000000e6900000| Untracked 
| 106|0x00000000e6a00000, 0x00000000e6a00000, 0x00000000e6b00000|  0%| F|  |TAMS 0x00000000e6a00000, 0x00000000e6a00000| Untracked 
| 107|0x00000000e6b00000, 0x00000000e6b00000, 0x00000000e6c00000|  0%| F|  |TAMS 0x00000000e6b00000, 0x00000000e6b00000| Untracked 
| 108|0x00000000e6c00000, 0x00000000e6c00000, 0x00000000e6d00000|  0%| F|  |TAMS 0x00000000e6c00000, 0x00000000e6c00000| Untracked 
| 109|0x00000000e6d00000, 0x00000000e6d00000, 0x00000000e6e00000|  0%| F|  |TAMS 0x00000000e6d00000, 0x00000000e6d00000| Untracked 
| 110|0x00000000e6e00000, 0x00000000e6e00000, 0x00000000e6f00000|  0%| F|  |TAMS 0x00000000e6e00000, 0x00000000e6e00000| Untracked 
| 111|0x00000000e6f00000, 0x00000000e6f00000, 0x00000000e7000000|  0%| F|  |TAMS 0x00000000e6f00000, 0x00000000e6f00000| Untracked 
| 112|0x00000000e7000000, 0x00000000e7000000, 0x00000000e7100000|  0%| F|  |TAMS 0x00000000e7000000, 0x00000000e7000000| Untracked 
| 113|0x00000000e7100000, 0x00000000e7100000, 0x00000000e7200000|  0%| F|  |TAMS 0x00000000e7100000, 0x00000000e7100000| Untracked 
| 114|0x00000000e7200000, 0x00000000e7200000, 0x00000000e7300000|  0%| F|  |TAMS 0x00000000e7200000, 0x00000000e7200000| Untracked 
| 115|0x00000000e7300000, 0x00000000e7300000, 0x00000000e7400000|  0%| F|  |TAMS 0x00000000e7300000, 0x00000000e7300000| Untracked 
| 116|0x00000000e7400000, 0x00000000e7400000, 0x00000000e7500000|  0%| F|  |TAMS 0x00000000e7400000, 0x00000000e7400000| Untracked 
| 117|0x00000000e7500000, 0x00000000e7500000, 0x00000000e7600000|  0%| F|  |TAMS 0x00000000e7500000, 0x00000000e7500000| Untracked 
| 118|0x00000000e7600000, 0x00000000e7600000, 0x00000000e7700000|  0%| F|  |TAMS 0x00000000e7600000, 0x00000000e7600000| Untracked 
| 119|0x00000000e7700000, 0x00000000e7700000, 0x00000000e7800000|  0%| F|  |TAMS 0x00000000e7700000, 0x00000000e7700000| Untracked 
| 120|0x00000000e7800000, 0x00000000e7800000, 0x00000000e7900000|  0%| F|  |TAMS 0x00000000e7800000, 0x00000000e7800000| Untracked 
| 121|0x00000000e7900000, 0x00000000e7900000, 0x00000000e7a00000|  0%| F|  |TAMS 0x00000000e7900000, 0x00000000e7900000| Untracked 
| 122|0x00000000e7a00000, 0x00000000e7a00000, 0x00000000e7b00000|  0%| F|  |TAMS 0x00000000e7a00000, 0x00000000e7a00000| Untracked 
| 123|0x00000000e7b00000, 0x00000000e7b00000, 0x00000000e7c00000|  0%| F|  |TAMS 0x00000000e7b00000, 0x00000000e7b00000| Untracked 
| 124|0x00000000e7c00000, 0x00000000e7c00000, 0x00000000e7d00000|  0%| F|  |TAMS 0x00000000e7c00000, 0x00000000e7c00000| Untracked 
| 125|0x00000000e7d00000, 0x00000000e7d00000, 0x00000000e7e00000|  0%| F|  |TAMS 0x00000000e7d00000, 0x00000000e7d00000| Untracked 
| 126|0x00000000e7e00000, 0x00000000e7e00000, 0x00000000e7f00000|  0%| F|  |TAMS 0x00000000e7e00000, 0x00000000e7e00000| Untracked 
| 127|0x00000000e7f00000, 0x00000000e7f00000, 0x00000000e8000000|  0%| F|  |TAMS 0x00000000e7f00000, 0x00000000e7f00000| Untracked 
| 128|0x00000000e8000000, 0x00000000e8000000, 0x00000000e8100000|  0%| F|  |TAMS 0x00000000e8000000, 0x00000000e8000000| Untracked 
| 129|0x00000000e8100000, 0x00000000e8100000, 0x00000000e8200000|  0%| F|  |TAMS 0x00000000e8100000, 0x00000000e8100000| Untracked 
| 130|0x00000000e8200000, 0x00000000e8200000, 0x00000000e8300000|  0%| F|  |TAMS 0x00000000e8200000, 0x00000000e8200000| Untracked 
| 131|0x00000000e8300000, 0x00000000e8300000, 0x00000000e8400000|  0%| F|  |TAMS 0x00000000e8300000, 0x00000000e8300000| Untracked 
| 132|0x00000000e8400000, 0x00000000e8400000, 0x00000000e8500000|  0%| F|  |TAMS 0x00000000e8400000, 0x00000000e8400000| Untracked 
| 133|0x00000000e8500000, 0x00000000e8500000, 0x00000000e8600000|  0%| F|  |TAMS 0x00000000e8500000, 0x00000000e8500000| Untracked 
| 134|0x00000000e8600000, 0x00000000e8600000, 0x00000000e8700000|  0%| F|  |TAMS 0x00000000e8600000, 0x00000000e8600000| Untracked 
| 135|0x00000000e8700000, 0x00000000e8700000, 0x00000000e8800000|  0%| F|  |TAMS 0x00000000e8700000, 0x00000000e8700000| Untracked 
| 136|0x00000000e8800000, 0x00000000e8800000, 0x00000000e8900000|  0%| F|  |TAMS 0x00000000e8800000, 0x00000000e8800000| Untracked 
| 137|0x00000000e8900000, 0x00000000e8900000, 0x00000000e8a00000|  0%| F|  |TAMS 0x00000000e8900000, 0x00000000e8900000| Untracked 
| 138|0x00000000e8a00000, 0x00000000e8a00000, 0x00000000e8b00000|  0%| F|  |TAMS 0x00000000e8a00000, 0x00000000e8a00000| Untracked 
| 139|0x00000000e8b00000, 0x00000000e8b00000, 0x00000000e8c00000|  0%| F|  |TAMS 0x00000000e8b00000, 0x00000000e8b00000| Untracked 
| 140|0x00000000e8c00000, 0x00000000e8c00000, 0x00000000e8d00000|  0%| F|  |TAMS 0x00000000e8c00000, 0x00000000e8c00000| Untracked 
| 141|0x00000000e8d00000, 0x00000000e8d00000, 0x00000000e8e00000|  0%| F|  |TAMS 0x00000000e8d00000, 0x00000000e8d00000| Untracked 
| 142|0x00000000e8e00000, 0x00000000e8e00000, 0x00000000e8f00000|  0%| F|  |TAMS 0x00000000e8e00000, 0x00000000e8e00000| Untracked 
| 143|0x00000000e8f00000, 0x00000000e8f00000, 0x00000000e9000000|  0%| F|  |TAMS 0x00000000e8f00000, 0x00000000e8f00000| Untracked 
| 144|0x00000000e9000000, 0x00000000e9000000, 0x00000000e9100000|  0%| F|  |TAMS 0x00000000e9000000, 0x00000000e9000000| Untracked 
| 145|0x00000000e9100000, 0x00000000e9100000, 0x00000000e9200000|  0%| F|  |TAMS 0x00000000e9100000, 0x00000000e9100000| Untracked 
| 146|0x00000000e9200000, 0x00000000e9200000, 0x00000000e9300000|  0%| F|  |TAMS 0x00000000e9200000, 0x00000000e9200000| Untracked 
| 147|0x00000000e9300000, 0x00000000e9300000, 0x00000000e9400000|  0%| F|  |TAMS 0x00000000e9300000, 0x00000000e9300000| Untracked 
| 148|0x00000000e9400000, 0x00000000e9400000, 0x00000000e9500000|  0%| F|  |TAMS 0x00000000e9400000, 0x00000000e9400000| Untracked 
| 149|0x00000000e9500000, 0x00000000e9500000, 0x00000000e9600000|  0%| F|  |TAMS 0x00000000e9500000, 0x00000000e9500000| Untracked 
| 150|0x00000000e9600000, 0x00000000e9600000, 0x00000000e9700000|  0%| F|  |TAMS 0x00000000e9600000, 0x00000000e9600000| Untracked 
| 151|0x00000000e9700000, 0x00000000e9700000, 0x00000000e9800000|  0%| F|  |TAMS 0x00000000e9700000, 0x00000000e9700000| Untracked 
| 152|0x00000000e9800000, 0x00000000e9800000, 0x00000000e9900000|  0%| F|  |TAMS 0x00000000e9800000, 0x00000000e9800000| Untracked 
| 153|0x00000000e9900000, 0x00000000e9900000, 0x00000000e9a00000|  0%| F|  |TAMS 0x00000000e9900000, 0x00000000e9900000| Untracked 
| 154|0x00000000e9a00000, 0x00000000e9a00000, 0x00000000e9b00000|  0%| F|  |TAMS 0x00000000e9a00000, 0x00000000e9a00000| Untracked 
| 155|0x00000000e9b00000, 0x00000000e9b00000, 0x00000000e9c00000|  0%| F|  |TAMS 0x00000000e9b00000, 0x00000000e9b00000| Untracked 
| 156|0x00000000e9c00000, 0x00000000e9c00000, 0x00000000e9d00000|  0%| F|  |TAMS 0x00000000e9c00000, 0x00000000e9c00000| Untracked 
| 157|0x00000000e9d00000, 0x00000000e9d00000, 0x00000000e9e00000|  0%| F|  |TAMS 0x00000000e9d00000, 0x00000000e9d00000| Untracked 
| 158|0x00000000e9e00000, 0x00000000e9e00000, 0x00000000e9f00000|  0%| F|  |TAMS 0x00000000e9e00000, 0x00000000e9e00000| Untracked 
| 159|0x00000000e9f00000, 0x00000000e9f00000, 0x00000000ea000000|  0%| F|  |TAMS 0x00000000e9f00000, 0x00000000e9f00000| Untracked 
| 160|0x00000000ea000000, 0x00000000ea000000, 0x00000000ea100000|  0%| F|  |TAMS 0x00000000ea000000, 0x00000000ea000000| Untracked 
| 161|0x00000000ea100000, 0x00000000ea100000, 0x00000000ea200000|  0%| F|  |TAMS 0x00000000ea100000, 0x00000000ea100000| Untracked 
| 162|0x00000000ea200000, 0x00000000ea200000, 0x00000000ea300000|  0%| F|  |TAMS 0x00000000ea200000, 0x00000000ea200000| Untracked 
| 163|0x00000000ea300000, 0x00000000ea300000, 0x00000000ea400000|  0%| F|  |TAMS 0x00000000ea300000, 0x00000000ea300000| Untracked 
| 164|0x00000000ea400000, 0x00000000ea400000, 0x00000000ea500000|  0%| F|  |TAMS 0x00000000ea400000, 0x00000000ea400000| Untracked 
| 165|0x00000000ea500000, 0x00000000ea500000, 0x00000000ea600000|  0%| F|  |TAMS 0x00000000ea500000, 0x00000000ea500000| Untracked 
| 166|0x00000000ea600000, 0x00000000ea600000, 0x00000000ea700000|  0%| F|  |TAMS 0x00000000ea600000, 0x00000000ea600000| Untracked 
| 167|0x00000000ea700000, 0x00000000ea700000, 0x00000000ea800000|  0%| F|  |TAMS 0x00000000ea700000, 0x00000000ea700000| Untracked 
| 168|0x00000000ea800000, 0x00000000ea800000, 0x00000000ea900000|  0%| F|  |TAMS 0x00000000ea800000, 0x00000000ea800000| Untracked 
| 169|0x00000000ea900000, 0x00000000ea980800, 0x00000000eaa00000| 50%| E|  |TAMS 0x00000000ea900000, 0x00000000ea900000| Complete 
| 170|0x00000000eaa00000, 0x00000000eab00000, 0x00000000eab00000|100%| E|CS|TAMS 0x00000000eaa00000, 0x00000000eaa00000| Complete 
| 171|0x00000000eab00000, 0x00000000eac00000, 0x00000000eac00000|100%| E|CS|TAMS 0x00000000eab00000, 0x00000000eab00000| Complete 
| 172|0x00000000eac00000, 0x00000000ead00000, 0x00000000ead00000|100%| E|CS|TAMS 0x00000000eac00000, 0x00000000eac00000| Complete 
| 173|0x00000000ead00000, 0x00000000eae00000, 0x00000000eae00000|100%| E|CS|TAMS 0x00000000ead00000, 0x00000000ead00000| Complete 
| 174|0x00000000eae00000, 0x00000000eaf00000, 0x00000000eaf00000|100%| E|CS|TAMS 0x00000000eae00000, 0x00000000eae00000| Complete 
| 175|0x00000000eaf00000, 0x00000000eb000000, 0x00000000eb000000|100%| E|CS|TAMS 0x00000000eaf00000, 0x00000000eaf00000| Complete 
| 176|0x00000000eb000000, 0x00000000eb100000, 0x00000000eb100000|100%| E|CS|TAMS 0x00000000eb000000, 0x00000000eb000000| Complete 
| 177|0x00000000eb100000, 0x00000000eb200000, 0x00000000eb200000|100%| E|CS|TAMS 0x00000000eb100000, 0x00000000eb100000| Complete 
| 178|0x00000000eb200000, 0x00000000eb300000, 0x00000000eb300000|100%| E|CS|TAMS 0x00000000eb200000, 0x00000000eb200000| Complete 
| 179|0x00000000eb300000, 0x00000000eb400000, 0x00000000eb400000|100%| E|CS|TAMS 0x00000000eb300000, 0x00000000eb300000| Complete 
| 180|0x00000000eb400000, 0x00000000eb500000, 0x00000000eb500000|100%| E|CS|TAMS 0x00000000eb400000, 0x00000000eb400000| Complete 
| 181|0x00000000eb500000, 0x00000000eb600000, 0x00000000eb600000|100%| E|  |TAMS 0x00000000eb500000, 0x00000000eb500000| Complete 
| 182|0x00000000eb600000, 0x00000000eb700000, 0x00000000eb700000|100%| E|CS|TAMS 0x00000000eb600000, 0x00000000eb600000| Complete 
| 183|0x00000000eb700000, 0x00000000eb800000, 0x00000000eb800000|100%| E|CS|TAMS 0x00000000eb700000, 0x00000000eb700000| Complete 
| 184|0x00000000eb800000, 0x00000000eb900000, 0x00000000eb900000|100%| E|CS|TAMS 0x00000000eb800000, 0x00000000eb800000| Complete 
| 185|0x00000000eb900000, 0x00000000eba00000, 0x00000000eba00000|100%| E|CS|TAMS 0x00000000eb900000, 0x00000000eb900000| Complete 
| 186|0x00000000eba00000, 0x00000000ebb00000, 0x00000000ebb00000|100%| E|CS|TAMS 0x00000000eba00000, 0x00000000eba00000| Complete 
| 187|0x00000000ebb00000, 0x00000000ebc00000, 0x00000000ebc00000|100%| E|CS|TAMS 0x00000000ebb00000, 0x00000000ebb00000| Complete 
| 188|0x00000000ebc00000, 0x00000000ebd00000, 0x00000000ebd00000|100%| E|CS|TAMS 0x00000000ebc00000, 0x00000000ebc00000| Complete 
| 189|0x00000000ebd00000, 0x00000000ebe00000, 0x00000000ebe00000|100%| E|CS|TAMS 0x00000000ebd00000, 0x00000000ebd00000| Complete 
| 190|0x00000000ebe00000, 0x00000000ebf00000, 0x00000000ebf00000|100%| E|CS|TAMS 0x00000000ebe00000, 0x00000000ebe00000| Complete 
| 191|0x00000000ebf00000, 0x00000000ec000000, 0x00000000ec000000|100%| E|CS|TAMS 0x00000000ebf00000, 0x00000000ebf00000| Complete 
| 192|0x00000000ec000000, 0x00000000ec100000, 0x00000000ec100000|100%| E|CS|TAMS 0x00000000ec000000, 0x00000000ec000000| Complete 
| 193|0x00000000ec100000, 0x00000000ec200000, 0x00000000ec200000|100%| E|CS|TAMS 0x00000000ec100000, 0x00000000ec100000| Complete 
| 194|0x00000000ec200000, 0x00000000ec300000, 0x00000000ec300000|100%| E|CS|TAMS 0x00000000ec200000, 0x00000000ec200000| Complete 
| 195|0x00000000ec300000, 0x00000000ec400000, 0x00000000ec400000|100%| E|CS|TAMS 0x00000000ec300000, 0x00000000ec300000| Complete 
| 196|0x00000000ec400000, 0x00000000ec500000, 0x00000000ec500000|100%| E|CS|TAMS 0x00000000ec400000, 0x00000000ec400000| Complete 
| 197|0x00000000ec500000, 0x00000000ec600000, 0x00000000ec600000|100%| E|CS|TAMS 0x00000000ec500000, 0x00000000ec500000| Complete 
| 198|0x00000000ec600000, 0x00000000ec6538c0, 0x00000000ec700000| 32%| S|CS|TAMS 0x00000000ec600000, 0x00000000ec600000| Complete 
| 199|0x00000000ec700000, 0x00000000ec800000, 0x00000000ec800000|100%| S|CS|TAMS 0x00000000ec700000, 0x00000000ec700000| Complete 
| 200|0x00000000ec800000, 0x00000000ec900000, 0x00000000ec900000|100%| S|CS|TAMS 0x00000000ec800000, 0x00000000ec800000| Complete 
| 201|0x00000000ec900000, 0x00000000eca00000, 0x00000000eca00000|100%| S|CS|TAMS 0x00000000ec900000, 0x00000000ec900000| Complete 
| 202|0x00000000eca00000, 0x00000000ecb00000, 0x00000000ecb00000|100%| S|CS|TAMS 0x00000000eca00000, 0x00000000eca00000| Complete 
| 203|0x00000000ecb00000, 0x00000000ecc00000, 0x00000000ecc00000|100%| S|CS|TAMS 0x00000000ecb00000, 0x00000000ecb00000| Complete 
| 204|0x00000000ecc00000, 0x00000000ecd00000, 0x00000000ecd00000|100%| S|CS|TAMS 0x00000000ecc00000, 0x00000000ecc00000| Complete 
| 205|0x00000000ecd00000, 0x00000000ece00000, 0x00000000ece00000|100%| E|CS|TAMS 0x00000000ecd00000, 0x00000000ecd00000| Complete 
| 206|0x00000000ece00000, 0x00000000ecf00000, 0x00000000ecf00000|100%| E|CS|TAMS 0x00000000ece00000, 0x00000000ece00000| Complete 
| 207|0x00000000ecf00000, 0x00000000ed000000, 0x00000000ed000000|100%| E|CS|TAMS 0x00000000ecf00000, 0x00000000ecf00000| Complete 
| 208|0x00000000ed000000, 0x00000000ed100000, 0x00000000ed100000|100%| E|CS|TAMS 0x00000000ed000000, 0x00000000ed000000| Complete 
| 209|0x00000000ed100000, 0x00000000ed200000, 0x00000000ed200000|100%| E|CS|TAMS 0x00000000ed100000, 0x00000000ed100000| Complete 
| 210|0x00000000ed200000, 0x00000000ed300000, 0x00000000ed300000|100%| E|CS|TAMS 0x00000000ed200000, 0x00000000ed200000| Complete 
| 211|0x00000000ed300000, 0x00000000ed400000, 0x00000000ed400000|100%| E|CS|TAMS 0x00000000ed300000, 0x00000000ed300000| Complete 
| 212|0x00000000ed400000, 0x00000000ed500000, 0x00000000ed500000|100%| E|CS|TAMS 0x00000000ed400000, 0x00000000ed400000| Complete 
| 213|0x00000000ed500000, 0x00000000ed600000, 0x00000000ed600000|100%| E|CS|TAMS 0x00000000ed500000, 0x00000000ed500000| Complete 
| 214|0x00000000ed600000, 0x00000000ed700000, 0x00000000ed700000|100%| E|CS|TAMS 0x00000000ed600000, 0x00000000ed600000| Complete 
| 215|0x00000000ed700000, 0x00000000ed800000, 0x00000000ed800000|100%| E|CS|TAMS 0x00000000ed700000, 0x00000000ed700000| Complete 
| 216|0x00000000ed800000, 0x00000000ed900000, 0x00000000ed900000|100%| E|CS|TAMS 0x00000000ed800000, 0x00000000ed800000| Complete 
| 217|0x00000000ed900000, 0x00000000eda00000, 0x00000000eda00000|100%| E|CS|TAMS 0x00000000ed900000, 0x00000000ed900000| Complete 
| 218|0x00000000eda00000, 0x00000000edb00000, 0x00000000edb00000|100%| E|CS|TAMS 0x00000000eda00000, 0x00000000eda00000| Complete 
| 219|0x00000000edb00000, 0x00000000edc00000, 0x00000000edc00000|100%| E|CS|TAMS 0x00000000edb00000, 0x00000000edb00000| Complete 
| 220|0x00000000edc00000, 0x00000000edd00000, 0x00000000edd00000|100%| E|CS|TAMS 0x00000000edc00000, 0x00000000edc00000| Complete 
| 221|0x00000000edd00000, 0x00000000ede00000, 0x00000000ede00000|100%| E|CS|TAMS 0x00000000edd00000, 0x00000000edd00000| Complete 
| 222|0x00000000ede00000, 0x00000000edf00000, 0x00000000edf00000|100%| E|CS|TAMS 0x00000000ede00000, 0x00000000ede00000| Complete 
| 223|0x00000000edf00000, 0x00000000ee000000, 0x00000000ee000000|100%| E|CS|TAMS 0x00000000edf00000, 0x00000000edf00000| Complete 
| 224|0x00000000ee000000, 0x00000000ee100000, 0x00000000ee100000|100%| E|CS|TAMS 0x00000000ee000000, 0x00000000ee000000| Complete 
| 225|0x00000000ee100000, 0x00000000ee200000, 0x00000000ee200000|100%| E|CS|TAMS 0x00000000ee100000, 0x00000000ee100000| Complete 
| 226|0x00000000ee200000, 0x00000000ee300000, 0x00000000ee300000|100%| E|CS|TAMS 0x00000000ee200000, 0x00000000ee200000| Complete 
| 227|0x00000000ee300000, 0x00000000ee400000, 0x00000000ee400000|100%| E|CS|TAMS 0x00000000ee300000, 0x00000000ee300000| Complete 
| 228|0x00000000ee400000, 0x00000000ee500000, 0x00000000ee500000|100%| E|CS|TAMS 0x00000000ee400000, 0x00000000ee400000| Complete 
| 229|0x00000000ee500000, 0x00000000ee600000, 0x00000000ee600000|100%| E|CS|TAMS 0x00000000ee500000, 0x00000000ee500000| Complete 
| 230|0x00000000ee600000, 0x00000000ee700000, 0x00000000ee700000|100%| E|CS|TAMS 0x00000000ee600000, 0x00000000ee600000| Complete 
| 231|0x00000000ee700000, 0x00000000ee800000, 0x00000000ee800000|100%| E|CS|TAMS 0x00000000ee700000, 0x00000000ee700000| Complete 
| 232|0x00000000ee800000, 0x00000000ee900000, 0x00000000ee900000|100%| E|CS|TAMS 0x00000000ee800000, 0x00000000ee800000| Complete 
| 233|0x00000000ee900000, 0x00000000eea00000, 0x00000000eea00000|100%| E|CS|TAMS 0x00000000ee900000, 0x00000000ee900000| Complete 
| 234|0x00000000eea00000, 0x00000000eeb00000, 0x00000000eeb00000|100%| E|CS|TAMS 0x00000000eea00000, 0x00000000eea00000| Complete 
| 235|0x00000000eeb00000, 0x00000000eec00000, 0x00000000eec00000|100%| E|CS|TAMS 0x00000000eeb00000, 0x00000000eeb00000| Complete 
| 236|0x00000000eec00000, 0x00000000eed00000, 0x00000000eed00000|100%| E|CS|TAMS 0x00000000eec00000, 0x00000000eec00000| Complete 
| 237|0x00000000eed00000, 0x00000000eee00000, 0x00000000eee00000|100%| E|CS|TAMS 0x00000000eed00000, 0x00000000eed00000| Complete 
| 238|0x00000000eee00000, 0x00000000eef00000, 0x00000000eef00000|100%| E|CS|TAMS 0x00000000eee00000, 0x00000000eee00000| Complete 
| 239|0x00000000eef00000, 0x00000000ef000000, 0x00000000ef000000|100%| E|CS|TAMS 0x00000000eef00000, 0x00000000eef00000| Complete 
| 240|0x00000000ef000000, 0x00000000ef100000, 0x00000000ef100000|100%| E|CS|TAMS 0x00000000ef000000, 0x00000000ef000000| Complete 
| 241|0x00000000ef100000, 0x00000000ef200000, 0x00000000ef200000|100%| E|CS|TAMS 0x00000000ef100000, 0x00000000ef100000| Complete 
| 242|0x00000000ef200000, 0x00000000ef300000, 0x00000000ef300000|100%| E|CS|TAMS 0x00000000ef200000, 0x00000000ef200000| Complete 
| 243|0x00000000ef300000, 0x00000000ef400000, 0x00000000ef400000|100%| E|CS|TAMS 0x00000000ef300000, 0x00000000ef300000| Complete 
| 244|0x00000000ef400000, 0x00000000ef500000, 0x00000000ef500000|100%| E|CS|TAMS 0x00000000ef400000, 0x00000000ef400000| Complete 
| 245|0x00000000ef500000, 0x00000000ef600000, 0x00000000ef600000|100%| E|CS|TAMS 0x00000000ef500000, 0x00000000ef500000| Complete 
| 246|0x00000000ef600000, 0x00000000ef700000, 0x00000000ef700000|100%| E|CS|TAMS 0x00000000ef600000, 0x00000000ef600000| Complete 
| 247|0x00000000ef700000, 0x00000000ef800000, 0x00000000ef800000|100%| E|CS|TAMS 0x00000000ef700000, 0x00000000ef700000| Complete 
| 248|0x00000000ef800000, 0x00000000ef900000, 0x00000000ef900000|100%| E|CS|TAMS 0x00000000ef800000, 0x00000000ef800000| Complete 
| 249|0x00000000ef900000, 0x00000000efa00000, 0x00000000efa00000|100%| E|CS|TAMS 0x00000000ef900000, 0x00000000ef900000| Complete 
| 250|0x00000000efa00000, 0x00000000efb00000, 0x00000000efb00000|100%| E|CS|TAMS 0x00000000efa00000, 0x00000000efa00000| Complete 
| 251|0x00000000efb00000, 0x00000000efc00000, 0x00000000efc00000|100%| E|CS|TAMS 0x00000000efb00000, 0x00000000efb00000| Complete 
| 252|0x00000000efc00000, 0x00000000efd00000, 0x00000000efd00000|100%| E|CS|TAMS 0x00000000efc00000, 0x00000000efc00000| Complete 
| 253|0x00000000efd00000, 0x00000000efe00000, 0x00000000efe00000|100%| E|CS|TAMS 0x00000000efd00000, 0x00000000efd00000| Complete 
| 254|0x00000000efe00000, 0x00000000eff00000, 0x00000000eff00000|100%| E|CS|TAMS 0x00000000efe00000, 0x00000000efe00000| Complete 
| 255|0x00000000eff00000, 0x00000000f0000000, 0x00000000f0000000|100%| E|CS|TAMS 0x00000000eff00000, 0x00000000eff00000| Complete 

Card table byte_map: [0x000001acbb0b0000,0x000001acbb1b0000] _byte_map_base: 0x000001acba9b0000

Marking Bits (Prev, Next): (CMBitMap*) 0x000001aca39ecff8, (CMBitMap*) 0x000001aca39ed030
 Prev Bits: [0x000001acbb2b0000, 0x000001acbbab0000)
 Next Bits: [0x000001acbbab0000, 0x000001acbc2b0000)

Polling page: 0x000001aca3170000

Metaspace:

Usage:
  Non-class:     36.88 MB capacity,    36.30 MB ( 98%) used,   500.73 KB (  1%) free+waste,    96.56 KB ( <1%) overhead. 
      Class:      5.63 MB capacity,     5.26 MB ( 93%) used,   332.22 KB (  6%) free+waste,    45.81 KB ( <1%) overhead. 
       Both:     42.51 MB capacity,    41.56 MB ( 98%) used,   832.95 KB (  2%) free+waste,   142.38 KB ( <1%) overhead. 

Virtual space:
  Non-class space:       38.00 MB reserved,      36.95 MB ( 97%) committed 
      Class space:      248.00 MB reserved,       5.75 MB (  2%) committed 
             Both:      286.00 MB reserved,      42.70 MB ( 15%) committed 

Chunk freelists:
   Non-Class:  5.00 KB
       Class:  25.00 KB
        Both:  30.00 KB

MaxMetaspaceSize: 256.00 MB
CompressedClassSpaceSize: 248.00 MB
Initial GC threshold: 20.80 MB
Current GC threshold: 58.88 MB
CDS: off

CodeHeap 'non-profiled nmethods': size=120064Kb used=2055Kb max_used=2055Kb free=118009Kb
 bounds [0x000001acb3b70000, 0x000001acb3de0000, 0x000001acbb0b0000]
CodeHeap 'profiled nmethods': size=120000Kb used=7949Kb max_used=7949Kb free=112050Kb
 bounds [0x000001acac640000, 0x000001acace10000, 0x000001acb3b70000]
CodeHeap 'non-nmethods': size=5696Kb used=2279Kb max_used=2306Kb free=3417Kb
 bounds [0x000001acac0b0000, 0x000001acac320000, 0x000001acac640000]
 total_blobs=4508 nmethods=3743 adapters=677
 compilation: enabled
              stopped_count=0, restarted_count=0
 full_count=0

Compilation events (20 events):
Event: 23.467 Thread 0x000001acbf19a800 3727       3       java.util.Arrays::sort (24 bytes)
Event: 23.467 Thread 0x000001acbf19a800 nmethod 3727 0x000001acacde1910 code [0x000001acacde1ac0, 0x000001acacde1c08]
Event: 23.509 Thread 0x000001acbf19a800 3728       3       org.gradle.internal.reflect.MutableClassDetails::field (49 bytes)
Event: 23.511 Thread 0x000001acbf19a800 nmethod 3728 0x000001acacde1d10 code [0x000001acacde1f20, 0x000001acacde2668]
Event: 23.512 Thread 0x000001acbf19a800 3729       1       sun.reflect.generics.tree.MethodTypeSignature::getFormalTypeParameters (5 bytes)
Event: 23.512 Thread 0x000001acbf19a800 nmethod 3729 0x000001acb3d71610 code [0x000001acb3d717c0, 0x000001acb3d71878]
Event: 23.512 Thread 0x000001acbf19a800 3730       3       com.google.common.collect.ImmutableMap$Builder::put (17 bytes)
Event: 23.513 Thread 0x000001acbf19a800 nmethod 3730 0x000001acacde2890 code [0x000001acacde2a60, 0x000001acacde2d28]
Event: 23.513 Thread 0x000001acbf19a800 3731       3       com.google.common.base.Preconditions::checkArgument (25 bytes)
Event: 23.513 Thread 0x000001acbf19a800 nmethod 3731 0x000001acacde2e90 code [0x000001acacde3080, 0x000001acacde3498]
Event: 23.514 Thread 0x000001acbf19a800 3732       3       sun.reflect.generics.parser.SignatureParser::parseFormalParameters (47 bytes)
Event: 23.515 Thread 0x000001acbf19a800 nmethod 3732 0x000001acacde3610 code [0x000001acacde3820, 0x000001acacde3b48]
Event: 23.515 Thread 0x000001acbf19a800 3733       3       sun.reflect.generics.parser.SignatureParser::parseZeroOrMoreTypeSignatures (174 bytes)
Event: 23.516 Thread 0x000001acbf19a800 nmethod 3733 0x000001acacde3d10 code [0x000001acacde3fa0, 0x000001acacde4e48]
Event: 23.516 Thread 0x000001acbf19a800 3734       3       sun.reflect.generics.parser.SignatureParser::parseReturnType (22 bytes)
Event: 23.517 Thread 0x000001acbf19a800 nmethod 3734 0x000001acacde5290 code [0x000001acacde5480, 0x000001acacde56c8]
Event: 23.517 Thread 0x000001acbf19a800 3735       3       com.google.common.reflect.TypeResolver::resolveType (74 bytes)
Event: 23.518 Thread 0x000001acbf19a800 nmethod 3735 0x000001acacde5810 code [0x000001acacde5b40, 0x000001acacde7088]
Event: 23.519 Thread 0x000001acbf19a800 3736       3       org.objectweb.asm.SymbolTable::addConstant (330 bytes)
Event: 23.524 Thread 0x000001acbf19a800 nmethod 3736 0x000001acacde7510 code [0x000001acacde7aa0, 0x000001acacdead88]

GC Heap History (14 events):
Event: 1.330 GC heap before
{Heap before GC invocations=0 (full 0):
 garbage-first heap   total 262144K, used 16384K [0x00000000e0000000, 0x0000000100000000)
  region size 1024K, 14 young (14336K), 0 survivors (0K)
 Metaspace       used 6744K, capacity 6937K, committed 7168K, reserved 262144K
  class space    used 582K, capacity 650K, committed 768K, reserved 253952K
}
Event: 1.345 GC heap after
{Heap after GC invocations=1 (full 0):
 garbage-first heap   total 262144K, used 4852K [0x00000000e0000000, 0x0000000100000000)
  region size 1024K, 2 young (2048K), 2 survivors (2048K)
 Metaspace       used 6744K, capacity 6937K, committed 7168K, reserved 262144K
  class space    used 582K, capacity 650K, committed 768K, reserved 253952K
}
Event: 2.101 GC heap before
{Heap before GC invocations=1 (full 0):
 garbage-first heap   total 262144K, used 20212K [0x00000000e0000000, 0x0000000100000000)
  region size 1024K, 14 young (14336K), 2 survivors (2048K)
 Metaspace       used 10178K, capacity 10498K, committed 10624K, reserved 264192K
  class space    used 1057K, capacity 1138K, committed 1152K, reserved 253952K
}
Event: 2.107 GC heap after
{Heap after GC invocations=2 (full 0):
 garbage-first heap   total 262144K, used 9651K [0x00000000e0000000, 0x0000000100000000)
  region size 1024K, 2 young (2048K), 2 survivors (2048K)
 Metaspace       used 10178K, capacity 10498K, committed 10624K, reserved 264192K
  class space    used 1057K, capacity 1138K, committed 1152K, reserved 253952K
}
Event: 3.594 GC heap before
{Heap before GC invocations=2 (full 0):
 garbage-first heap   total 262144K, used 40371K [0x00000000e0000000, 0x0000000100000000)
  region size 1024K, 31 young (31744K), 2 survivors (2048K)
 Metaspace       used 11132K, capacity 11451K, committed 11520K, reserved 264192K
  class space    used 1160K, capacity 1242K, committed 1280K, reserved 253952K
}
Event: 3.598 GC heap after
{Heap after GC invocations=3 (full 0):
 garbage-first heap   total 262144K, used 12663K [0x00000000e0000000, 0x0000000100000000)
  region size 1024K, 4 young (4096K), 4 survivors (4096K)
 Metaspace       used 11132K, capacity 11451K, committed 11520K, reserved 264192K
  class space    used 1160K, capacity 1242K, committed 1280K, reserved 253952K
}
Event: 15.719 GC heap before
{Heap before GC invocations=3 (full 0):
 garbage-first heap   total 262144K, used 54647K [0x00000000e0000000, 0x0000000100000000)
  region size 1024K, 46 young (47104K), 4 survivors (4096K)
 Metaspace       used 17552K, capacity 17999K, committed 18176K, reserved 270336K
  class space    used 2068K, capacity 2217K, committed 2304K, reserved 253952K
}
Event: 15.731 GC heap after
{Heap after GC invocations=4 (full 0):
 garbage-first heap   total 262144K, used 16407K [0x00000000e0000000, 0x0000000100000000)
  region size 1024K, 6 young (6144K), 6 survivors (6144K)
 Metaspace       used 17552K, capacity 17999K, committed 18176K, reserved 270336K
  class space    used 2068K, capacity 2217K, committed 2304K, reserved 253952K
}
Event: 16.292 GC heap before
{Heap before GC invocations=4 (full 0):
 garbage-first heap   total 262144K, used 42007K [0x00000000e0000000, 0x0000000100000000)
  region size 1024K, 32 young (32768K), 6 survivors (6144K)
 Metaspace       used 20554K, capacity 21097K, committed 21248K, reserved 272384K
  class space    used 2511K, capacity 2700K, committed 2816K, reserved 253952K
}
Event: 16.304 GC heap after
{Heap after GC invocations=5 (full 0):
 garbage-first heap   total 262144K, used 17431K [0x00000000e0000000, 0x0000000100000000)
  region size 1024K, 7 young (7168K), 7 survivors (7168K)
 Metaspace       used 20554K, capacity 21097K, committed 21248K, reserved 272384K
  class space    used 2511K, capacity 2700K, committed 2816K, reserved 253952K
}
Event: 18.613 GC heap before
{Heap before GC invocations=6 (full 0):
 garbage-first heap   total 262144K, used 77847K [0x00000000e0000000, 0x0000000100000000)
  region size 1024K, 66 young (67584K), 7 survivors (7168K)
 Metaspace       used 26288K, capacity 26907K, committed 27008K, reserved 278528K
  class space    used 3448K, capacity 3664K, committed 3712K, reserved 253952K
}
Event: 18.628 GC heap after
{Heap after GC invocations=7 (full 0):
 garbage-first heap   total 262144K, used 19478K [0x00000000e0000000, 0x0000000100000000)
  region size 1024K, 4 young (4096K), 4 survivors (4096K)
 Metaspace       used 26288K, capacity 26907K, committed 27008K, reserved 278528K
  class space    used 3448K, capacity 3664K, committed 3712K, reserved 253952K
}
Event: 20.660 GC heap before
{Heap before GC invocations=7 (full 0):
 garbage-first heap   total 262144K, used 70678K [0x00000000e0000000, 0x0000000100000000)
  region size 1024K, 55 young (56320K), 4 survivors (4096K)
 Metaspace       used 34906K, capacity 35675K, committed 35840K, reserved 286720K
  class space    used 4553K, capacity 4842K, committed 4864K, reserved 253952K
}
Event: 20.683 GC heap after
{Heap after GC invocations=8 (full 0):
 garbage-first heap   total 262144K, used 22664K [0x00000000e0000000, 0x0000000100000000)
  region size 1024K, 7 young (7168K), 7 survivors (7168K)
 Metaspace       used 34906K, capacity 35675K, committed 35840K, reserved 286720K
  class space    used 4553K, capacity 4842K, committed 4864K, reserved 253952K
}

Deoptimization events (20 events):
Event: 23.445 Thread 0x000001acc0383000 Uncommon trap: trap_request=0xffffffc6 fr.pc=0x000001acb3cac9f8 relative=0x0000000000000218
Event: 23.445 Thread 0x000001acc0383000 Uncommon trap: reason=bimorphic_or_optimized_type_check action=maybe_recompile pc=0x000001acb3cac9f8 method=com.google.common.base.CharMatcher.indexIn(Ljava/lang/CharSequence;I)I @ 31 c2
Event: 23.445 Thread 0x000001acc0383000 DEOPT PACKING pc=0x000001acb3cac9f8 sp=0x000000159a8f8080
Event: 23.445 Thread 0x000001acc0383000 DEOPT UNPACKING pc=0x000001acac0fa1af sp=0x000000159a8f8028 mode 2
Event: 23.464 Thread 0x000001acc0383000 Uncommon trap: trap_request=0xffffffc6 fr.pc=0x000001acb3cac9f8 relative=0x0000000000000218
Event: 23.464 Thread 0x000001acc0383000 Uncommon trap: reason=bimorphic_or_optimized_type_check action=maybe_recompile pc=0x000001acb3cac9f8 method=com.google.common.base.CharMatcher.indexIn(Ljava/lang/CharSequence;I)I @ 31 c2
Event: 23.464 Thread 0x000001acc0383000 DEOPT PACKING pc=0x000001acb3cac9f8 sp=0x000000159a8f8080
Event: 23.464 Thread 0x000001acc0383000 DEOPT UNPACKING pc=0x000001acac0fa1af sp=0x000000159a8f8028 mode 2
Event: 23.464 Thread 0x000001acc0383000 Uncommon trap: trap_request=0xffffffc6 fr.pc=0x000001acb3cac9f8 relative=0x0000000000000218
Event: 23.464 Thread 0x000001acc0383000 Uncommon trap: reason=bimorphic_or_optimized_type_check action=maybe_recompile pc=0x000001acb3cac9f8 method=com.google.common.base.CharMatcher.indexIn(Ljava/lang/CharSequence;I)I @ 31 c2
Event: 23.464 Thread 0x000001acc0383000 DEOPT PACKING pc=0x000001acb3cac9f8 sp=0x000000159a8f8090
Event: 23.464 Thread 0x000001acc0383000 DEOPT UNPACKING pc=0x000001acac0fa1af sp=0x000000159a8f8038 mode 2
Event: 23.466 Thread 0x000001acc18aa800 Uncommon trap: trap_request=0xffffffbe fr.pc=0x000001acb3d0eb30 relative=0x0000000000000530
Event: 23.466 Thread 0x000001acc18aa800 Uncommon trap: reason=profile_predicate action=maybe_recompile pc=0x000001acb3d0eb30 method=java.util.stream.ReferencePipeline.forEachWithCancel(Ljava/util/Spliterator;Ljava/util/stream/Sink;)Z @ 8 c2
Event: 23.466 Thread 0x000001acc18aa800 DEOPT PACKING pc=0x000001acb3d0eb30 sp=0x000000159acfe9f0
Event: 23.466 Thread 0x000001acc18aa800 DEOPT UNPACKING pc=0x000001acac0fa1af sp=0x000000159acfe990 mode 2
Event: 23.470 Thread 0x000001acc0383000 Uncommon trap: trap_request=0xffffffc6 fr.pc=0x000001acb3cac9f8 relative=0x0000000000000218
Event: 23.470 Thread 0x000001acc0383000 Uncommon trap: reason=bimorphic_or_optimized_type_check action=maybe_recompile pc=0x000001acb3cac9f8 method=com.google.common.base.CharMatcher.indexIn(Ljava/lang/CharSequence;I)I @ 31 c2
Event: 23.470 Thread 0x000001acc0383000 DEOPT PACKING pc=0x000001acb3cac9f8 sp=0x000000159a8f9b20
Event: 23.470 Thread 0x000001acc0383000 DEOPT UNPACKING pc=0x000001acac0fa1af sp=0x000000159a8f9ac8 mode 2

Classes redefined (0 events):
No events

Internal exceptions (20 events):
Event: 22.294 Thread 0x000001acc0383000 Exception <a 'java/lang/ClassNotFoundException'{0x00000000ed63ac18}: org/gradle/initialization/DefaultSettings_DecoratedBeanInfo> (0x00000000ed63ac18) thrown at [./src/hotspot/share/classfile/systemDictionary.cpp, line 231]
Event: 22.295 Thread 0x000001acc0383000 Exception <a 'java/lang/ClassNotFoundException'{0x00000000ed65d390}: org/gradle/initialization/DefaultSettingsBeanInfo> (0x00000000ed65d390) thrown at [./src/hotspot/share/classfile/systemDictionary.cpp, line 231]
Event: 22.297 Thread 0x000001acc0383000 Exception <a 'java/lang/ClassNotFoundException'{0x00000000ed6814e0}: org/gradle/initialization/DefaultSettingsCustomizer> (0x00000000ed6814e0) thrown at [./src/hotspot/share/classfile/systemDictionary.cpp, line 231]
Event: 22.315 Thread 0x000001acc0383000 Exception <a 'java/lang/ClassNotFoundException'{0x00000000ed6d51b8}: org/gradle/initialization/DefaultSettings_DecoratedCustomizer> (0x00000000ed6d51b8) thrown at [./src/hotspot/share/classfile/systemDictionary.cpp, line 231]
Event: 22.355 Thread 0x000001acc0383000 Exception <a 'java/lang/ClassNotFoundException'{0x00000000ed567cf8}: org/gradle/initialization/DefaultProjectDescriptorBeanInfo> (0x00000000ed567cf8) thrown at [./src/hotspot/share/classfile/systemDictionary.cpp, line 231]
Event: 22.356 Thread 0x000001acc0383000 Exception <a 'java/lang/ClassNotFoundException'{0x00000000ed58d8d0}: org/gradle/initialization/DefaultProjectDescriptorCustomizer> (0x00000000ed58d8d0) thrown at [./src/hotspot/share/classfile/systemDictionary.cpp, line 231]
Event: 22.406 Thread 0x000001acc0383000 Implicit null exception at 0x000001acb3cd616c to 0x000001acb3cd6214
Event: 22.482 Thread 0x000001acc0383000 Exception <a 'java/lang/NoSuchMethodError'{0x00000000ed3741d0}: 'int java.lang.invoke.DirectMethodHandle$Holder.invokeVirtual(java.lang.Object, java.lang.Object)'> (0x00000000ed3741d0) thrown at [./src/hotspot/share/interpreter/linkResolver.cpp, line 773]
Event: 22.980 Thread 0x000001acc0383000 Implicit null exception at 0x000001acb3c67474 to 0x000001acb3c67684
Event: 22.980 Thread 0x000001acc0383000 Implicit null exception at 0x000001acb3b9a5f8 to 0x000001acb3b9a68a
Event: 23.381 Thread 0x000001acc0383000 Exception <a 'java/lang/ClassNotFoundException'{0x00000000eb2e9810}: build_2yi7saoqafuu39d9pp0slb8soBeanInfo> (0x00000000eb2e9810) thrown at [./src/hotspot/share/classfile/systemDictionary.cpp, line 231]
Event: 23.382 Thread 0x000001acc0383000 Exception <a 'java/lang/ClassNotFoundException'{0x00000000eb2ff7b8}: org/gradle/api/internal/project/ProjectScriptBeanInfo> (0x00000000eb2ff7b8) thrown at [./src/hotspot/share/classfile/systemDictionary.cpp, line 231]
Event: 23.384 Thread 0x000001acc0383000 Exception <a 'java/lang/ClassNotFoundException'{0x00000000eb115e38}: org/gradle/api/internal/project/ProjectScriptCustomizer> (0x00000000eb115e38) thrown at [./src/hotspot/share/classfile/systemDictionary.cpp, line 231]
Event: 23.386 Thread 0x000001acc0383000 Exception <a 'java/lang/ClassNotFoundException'{0x00000000eb1312d8}: build_2yi7saoqafuu39d9pp0slb8soCustomizer> (0x00000000eb1312d8) thrown at [./src/hotspot/share/classfile/systemDictionary.cpp, line 231]
Event: 23.425 Thread 0x000001acc0383000 Exception <a 'java/lang/ClassNotFoundException'{0x00000000eb1ba868}: org/gradle/internal/metaobject/ConfigureDelegateBeanInfo> (0x00000000eb1ba868) thrown at [./src/hotspot/share/classfile/systemDictionary.cpp, line 231]
Event: 23.427 Thread 0x000001acc0383000 Exception <a 'java/lang/ClassNotFoundException'{0x00000000eb1dfa18}: org/gradle/internal/metaobject/ConfigureDelegateCustomizer> (0x00000000eb1dfa18) thrown at [./src/hotspot/share/classfile/systemDictionary.cpp, line 231]
Event: 23.439 Thread 0x000001acc0383000 Exception <a 'java/lang/ClassNotFoundException'{0x00000000eb036da0}: org/gradle/plugin/use/internal/PluginRequestCollector$PluginDependenciesSpecImplBeanInfo> (0x00000000eb036da0) thrown at [./src/hotspot/share/classfile/systemDictionary.cpp, line 231]
Event: 23.441 Thread 0x000001acc0383000 Exception <a 'java/lang/ClassNotFoundException'{0x00000000eb064ee0}: org/gradle/plugin/use/internal/PluginRequestCollector$PluginDependenciesSpecImplCustomizer> (0x00000000eb064ee0) thrown at [./src/hotspot/share/classfile/systemDictionary.cpp, line 231]
Event: 23.452 Thread 0x000001acc0383000 Exception <a 'java/lang/ClassNotFoundException'{0x00000000eb0c3dd8}: org/gradle/plugin/use/internal/PluginRequestCollector$PluginDependencySpecImplBeanInfo> (0x00000000eb0c3dd8) thrown at [./src/hotspot/share/classfile/systemDictionary.cpp, line 231]
Event: 23.454 Thread 0x000001acc0383000 Exception <a 'java/lang/ClassNotFoundException'{0x00000000eb0f0660}: org/gradle/plugin/use/internal/PluginRequestCollector$PluginDependencySpecImplCustomizer> (0x00000000eb0f0660) thrown at [./src/hotspot/share/classfile/systemDictionary.cpp, line 231]

Events (20 events):
Event: 23.486 loading class org/gradle/api/internal/artifacts/repositories/AbstractResolutionAwareArtifactRepository
Event: 23.486 loading class org/gradle/api/internal/artifacts/repositories/AbstractResolutionAwareArtifactRepository done
Event: 23.487 loading class org/gradle/api/internal/artifacts/repositories/AbstractArtifactRepository
Event: 23.487 loading class org/gradle/api/internal/artifacts/repositories/AbstractArtifactRepository done
Event: 23.488 loading class org/gradle/api/internal/artifacts/repositories/ArtifactRepositoryInternal
Event: 23.488 loading class org/gradle/api/internal/artifacts/repositories/ArtifactRepositoryInternal done
Event: 23.490 loading class org/gradle/api/internal/artifacts/repositories/ContentFilteringRepository
Event: 23.490 loading class org/gradle/api/internal/artifacts/repositories/ContentFilteringRepository done
Event: 23.492 loading class org/gradle/internal/authentication/DefaultAuthenticationContainer
Event: 23.492 loading class org/gradle/internal/authentication/DefaultAuthenticationContainer done
Event: 23.504 loading class org/gradle/api/internal/PolymorphicDomainObjectContainerConfigureDelegate
Event: 23.504 loading class org/gradle/api/internal/PolymorphicDomainObjectContainerConfigureDelegate done
Event: 23.507 loading class org/gradle/api/internal/DefaultPolymorphicNamedEntityInstantiator
Event: 23.507 loading class org/gradle/api/internal/DefaultPolymorphicNamedEntityInstantiator done
Event: 23.507 loading class org/gradle/api/internal/PolymorphicNamedEntityInstantiator
Event: 23.507 loading class org/gradle/api/internal/PolymorphicNamedEntityInstantiator done
Event: 23.508 loading class org/gradle/api/internal/AbstractPolymorphicDomainObjectContainer$ContainerElementsDynamicObject
Event: 23.508 loading class org/gradle/api/internal/AbstractPolymorphicDomainObjectContainer$ContainerElementsDynamicObject done
Event: 23.532 loading class org/gradle/api/internal/NoFactoryRegisteredForTypeException
Event: 23.532 loading class org/gradle/api/internal/NoFactoryRegisteredForTypeException done


Dynamic libraries:
0x00007ff6abc40000 - 0x00007ff6abc4d000 	C:\Users\wagner.prado\.jdks\corretto-11.0.12\bin\java.exe
0x00007ffd8c8d0000 - 0x00007ffd8cac5000 	C:\WINDOWS\SYSTEM32\ntdll.dll
0x00007ffd8c490000 - 0x00007ffd8c54d000 	C:\WINDOWS\System32\KERNEL32.DLL
0x00007ffd8a160000 - 0x00007ffd8a429000 	C:\WINDOWS\System32\KERNELBASE.dll
0x00007ffd8a830000 - 0x00007ffd8a930000 	C:\WINDOWS\System32\ucrtbase.dll
0x00007ffd82e60000 - 0x00007ffd82e77000 	C:\Users\wagner.prado\.jdks\corretto-11.0.12\bin\jli.dll
0x00007ffd8bf10000 - 0x00007ffd8c0b0000 	C:\WINDOWS\System32\USER32.dll
0x00007ffd8a530000 - 0x00007ffd8a552000 	C:\WINDOWS\System32\win32u.dll
0x00007ffd8a9f0000 - 0x00007ffd8aa1a000 	C:\WINDOWS\System32\GDI32.dll
0x00007ffd8a560000 - 0x00007ffd8a66b000 	C:\WINDOWS\System32\gdi32full.dll
0x00007ffd8a670000 - 0x00007ffd8a70d000 	C:\WINDOWS\System32\msvcp_win.dll
0x00007ffd762e0000 - 0x00007ffd762f9000 	C:\Users\wagner.prado\.jdks\corretto-11.0.12\bin\VCRUNTIME140.dll
0x00007ffd779d0000 - 0x00007ffd77c6a000 	C:\WINDOWS\WinSxS\amd64_microsoft.windows.common-controls_6595b64144ccf1df_6.0.19041.1110_none_60b5254171f9507e\COMCTL32.dll
0x00007ffd8c6e0000 - 0x00007ffd8c77e000 	C:\WINDOWS\System32\msvcrt.dll
0x00007ffd8b690000 - 0x00007ffd8b6c0000 	C:\WINDOWS\System32\IMM32.DLL
0x00007ffd54540000 - 0x00007ffd54655000 	C:\Program Files\Topaz OFD\Warsaw\wslbscr64.dll
0x00007ffd8c0b0000 - 0x00007ffd8c15c000 	C:\WINDOWS\System32\ADVAPI32.dll
0x00007ffd8b870000 - 0x00007ffd8b90b000 	C:\WINDOWS\System32\sechost.dll
0x00007ffd8c5b0000 - 0x00007ffd8c6da000 	C:\WINDOWS\System32\RPCRT4.dll
0x00007ffd8aa20000 - 0x00007ffd8b15f000 	C:\WINDOWS\System32\SHELL32.dll
0x00007ffd88cd0000 - 0x00007ffd88d03000 	C:\WINDOWS\SYSTEM32\ntmarta.dll
0x00007ffd6b1c0000 - 0x00007ffd6b2b3000 	C:\Program Files\Topaz OFD\Warsaw\wslbscrwh64.dll
0x00007ffd711a0000 - 0x00007ffd7123b000 	C:\Users\wagner.prado\.jdks\corretto-11.0.12\bin\msvcp140.dll
0x00007ffd33400000 - 0x00007ffd33f5a000 	C:\Users\wagner.prado\.jdks\corretto-11.0.12\bin\server\jvm.dll
0x00007ffd8ba80000 - 0x00007ffd8ba88000 	C:\WINDOWS\System32\PSAPI.DLL
0x00007ffd789c0000 - 0x00007ffd789c9000 	C:\WINDOWS\SYSTEM32\WSOCK32.dll
0x00007ffd8b800000 - 0x00007ffd8b86b000 	C:\WINDOWS\System32\WS2_32.dll
0x00007ffd7c400000 - 0x00007ffd7c427000 	C:\WINDOWS\SYSTEM32\WINMM.dll
0x00007ffd81500000 - 0x00007ffd8150a000 	C:\WINDOWS\SYSTEM32\VERSION.dll
0x00007ffd87f10000 - 0x00007ffd87f22000 	C:\WINDOWS\SYSTEM32\kernel.appcore.dll
0x00007ffd85af0000 - 0x00007ffd85b00000 	C:\Users\wagner.prado\.jdks\corretto-11.0.12\bin\verify.dll
0x00007ffd7b250000 - 0x00007ffd7b434000 	C:\WINDOWS\SYSTEM32\DBGHELP.DLL
0x00007ffd78c70000 - 0x00007ffd78c9c000 	C:\WINDOWS\SYSTEM32\dbgcore.DLL
0x000001aca30e0000 - 0x000001aca3163000 	C:\WINDOWS\System32\bcryptPrimitives.dll
0x00007ffd75da0000 - 0x00007ffd75dc8000 	C:\Users\wagner.prado\.jdks\corretto-11.0.12\bin\java.dll
0x00007ffd7ee40000 - 0x00007ffd7ee4a000 	C:\Users\wagner.prado\.jdks\corretto-11.0.12\bin\jimage.dll
0x00007ffd762c0000 - 0x00007ffd762d7000 	C:\Users\wagner.prado\.jdks\corretto-11.0.12\bin\zip.dll
0x00007ffd88110000 - 0x00007ffd888a0000 	C:\WINDOWS\SYSTEM32\windows.storage.dll
0x00007ffd8b330000 - 0x00007ffd8b685000 	C:\WINDOWS\System32\combase.dll
0x00007ffd89a60000 - 0x00007ffd89a8c000 	C:\WINDOWS\SYSTEM32\Wldp.dll
0x00007ffd8a940000 - 0x00007ffd8a9ee000 	C:\WINDOWS\System32\SHCORE.dll
0x000001aca38f0000 - 0x000001aca3945000 	C:\WINDOWS\System32\shlwapi.dll
0x00007ffd89f40000 - 0x00007ffd89f5f000 	C:\WINDOWS\SYSTEM32\profapi.dll
0x00007ffd72f40000 - 0x00007ffd72f59000 	C:\Users\wagner.prado\.jdks\corretto-11.0.12\bin\net.dll
0x00007ffd81ad0000 - 0x00007ffd81bd8000 	C:\WINDOWS\SYSTEM32\WINHTTP.dll
0x00007ffd897c0000 - 0x00007ffd8982a000 	C:\WINDOWS\system32\mswsock.dll
0x00007ffd72f20000 - 0x00007ffd72f32000 	C:\Users\wagner.prado\.jdks\corretto-11.0.12\bin\nio.dll
0x00007ffd76120000 - 0x00007ffd76147000 	C:\Users\wagner.prado\.gradle\native\8bec1ad78214c89d9ad589b4d07fe93259594b29d510b10fafb7a158f7737e5d\windows-amd64\native-platform.dll
0x00007ffd54320000 - 0x00007ffd5445d000 	C:\Users\wagner.prado\.gradle\native\53dbd7edfb1c66fb8903c78663c9afc45aea4f116125fa6feffd364cf09443e8\windows-amd64\native-platform-file-events.dll
0x00007ffd7eb60000 - 0x00007ffd7eb69000 	C:\Users\wagner.prado\.jdks\corretto-11.0.12\bin\management.dll
0x00007ffd788a0000 - 0x00007ffd788ab000 	C:\Users\wagner.prado\.jdks\corretto-11.0.12\bin\management_ext.dll
0x00007ffd899b0000 - 0x00007ffd899c8000 	C:\WINDOWS\SYSTEM32\CRYPTSP.dll
0x00007ffd890d0000 - 0x00007ffd89104000 	C:\WINDOWS\system32\rsaenh.dll
0x00007ffd8a800000 - 0x00007ffd8a827000 	C:\WINDOWS\System32\bcrypt.dll
0x00007ffd89ec0000 - 0x00007ffd89eee000 	C:\WINDOWS\SYSTEM32\USERENV.dll
0x00007ffd8a000000 - 0x00007ffd8a15f000 	C:\WINDOWS\System32\CRYPT32.dll
0x00007ffd89e00000 - 0x00007ffd89e0a000 	C:\WINDOWS\SYSTEM32\DPAPI.dll
0x00007ffd899d0000 - 0x00007ffd899dc000 	C:\WINDOWS\SYSTEM32\CRYPTBASE.dll
0x00007ffd89460000 - 0x00007ffd8949b000 	C:\WINDOWS\SYSTEM32\IPHLPAPI.DLL
0x00007ffd8a930000 - 0x00007ffd8a938000 	C:\WINDOWS\System32\NSI.dll
0x00007ffd85210000 - 0x00007ffd85227000 	C:\WINDOWS\SYSTEM32\dhcpcsvc6.DLL
0x00007ffd851e0000 - 0x00007ffd851fd000 	C:\WINDOWS\SYSTEM32\dhcpcsvc.DLL
0x00007ffd894a0000 - 0x00007ffd8956c000 	C:\WINDOWS\SYSTEM32\DNSAPI.dll

dbghelp: loaded successfully - version: 4.0.5 - missing functions: none
symbol engine: initialized successfully - sym options: 0x614 - pdb path: .;C:\Users\wagner.prado\.jdks\corretto-11.0.12\bin;C:\WINDOWS\SYSTEM32;C:\WINDOWS\WinSxS\amd64_microsoft.windows.common-controls_6595b64144ccf1df_6.0.19041.1110_none_60b5254171f9507e;C:\Program Files\Topaz OFD\Warsaw;C:\Users\wagner.prado\.jdks\corretto-11.0.12\bin\server;C:\Users\wagner.prado\.gradle\native\8bec1ad78214c89d9ad589b4d07fe93259594b29d510b10fafb7a158f7737e5d\windows-amd64;C:\Users\wagner.prado\.gradle\native\53dbd7edfb1c66fb8903c78663c9afc45aea4f116125fa6feffd364cf09443e8\windows-amd64

VM Arguments:
jvm_args: --add-opens=java.base/java.util=ALL-UNNAMED --add-opens=java.base/java.lang=ALL-UNNAMED --add-opens=java.base/java.lang.invoke=ALL-UNNAMED --add-opens=java.base/java.util=ALL-UNNAMED --add-opens=java.prefs/java.util.prefs=ALL-UNNAMED --add-opens=java.prefs/java.util.prefs=ALL-UNNAMED --add-opens=java.base/java.nio.charset=ALL-UNNAMED --add-opens=java.base/java.net=ALL-UNNAMED --add-opens=java.base/java.util.concurrent.atomic=ALL-UNNAMED -XX:MaxMetaspaceSize=256m -XX:+HeapDumpOnOutOfMemoryError -Xms256m -Xmx512m -Dfile.encoding=windows-1252 -Duser.country=BR -Duser.language=pt -Duser.variant 
java_command: org.gradle.launcher.daemon.bootstrap.GradleDaemon 7.1.1
java_class_path (initial): C:\Users\wagner.prado\.gradle\wrapper\dists\gradle-7.1.1-bin\f29rtwfnc96ub43tt7p47zsru\gradle-7.1.1\lib\gradle-launcher-7.1.1.jar
Launcher Type: SUN_STANDARD

[Global flags]
     intx CICompilerCount                          = 3                                         {product} {ergonomic}
   size_t CompressedClassSpaceSize                 = 260046848                                 {product} {ergonomic}
     uint ConcGCThreads                            = 1                                         {product} {ergonomic}
     uint G1ConcRefinementThreads                  = 4                                         {product} {ergonomic}
   size_t G1HeapRegionSize                         = 1048576                                   {product} {ergonomic}
    uintx GCDrainStackTargetSize                   = 64                                        {product} {ergonomic}
     bool HeapDumpOnOutOfMemoryError               = true                                   {manageable} {command line}
   size_t InitialHeapSize                          = 268435456                                 {product} {command line}
   size_t MarkStackSize                            = 4194304                                   {product} {ergonomic}
   size_t MaxHeapSize                              = 536870912                                 {product} {command line}
   size_t MaxMetaspaceSize                         = 268435456                                 {product} {command line}
   size_t MaxNewSize                               = 321912832                                 {product} {ergonomic}
   size_t MinHeapDeltaBytes                        = 1048576                                   {product} {ergonomic}
    uintx NonNMethodCodeHeapSize                   = 5830732                                {pd product} {ergonomic}
    uintx NonProfiledCodeHeapSize                  = 122913754                              {pd product} {ergonomic}
    uintx ProfiledCodeHeapSize                     = 122913754                              {pd product} {ergonomic}
    uintx ReservedCodeCacheSize                    = 251658240                              {pd product} {ergonomic}
     bool SegmentedCodeCache                       = true                                      {product} {ergonomic}
     bool UseCompressedClassPointers               = true                                 {lp64_product} {ergonomic}
     bool UseCompressedOops                        = true                                 {lp64_product} {ergonomic}
     bool UseG1GC                                  = true                                      {product} {ergonomic}
     bool UseLargePagesIndividualAllocation        = false                                  {pd product} {ergonomic}

Logging:
Log output configuration:
 #0: stdout all=warning uptime,level,tags
 #1: stderr all=off uptime,level,tags

Environment Variables:
JAVA_HOME=C:\Users\wagner.prado\.jdks\corretto-11.0.12
PATH=C:\oracle\product\10.2.0\client_3;C:\Program Files (x86)\Common Files\Oracle\Java\javapath;C:\ProgramData\Oracle\Java\javapath;C:\WINDOWS\system32;C:\WINDOWS;C:\WINDOWS\System32\Wbem;C:\WINDOWS\System32\WindowsPowerShell\v1.0\;C:\WINDOWS\System32\OpenSSH\;C:\Users\teste\Downloads.\scrcpy-win32-v1.16;C:\Program Files (x86)\ClockworkMod\Universal Adb Driver\;C:\Users\wagner.prado\.jdks\corretto-11.0.12\bin;C:\Program Files\Git\cmd;C:\Users\wagner.prado\AppData\Local\Microsoft\WindowsApps;
USERNAME=wagner.prado
OS=Windows_NT
PROCESSOR_IDENTIFIER=Intel64 Family 6 Model 42 Stepping 7, GenuineIntel



---------------  S Y S T E M  ---------------

OS: Windows 10 , 64 bit Build 19041 (10.0.19041.1151)
OS uptime: 7 days 17:27 hours

CPU:total 4 (initial active 4) (2 cores per cpu, 2 threads per core) family 6 model 42 stepping 7 microcode 0x2f, cmov, cx8, fxsr, mmx, sse, sse2, sse3, ssse3, sse4.1, sse4.2, popcnt, avx, clmul, ht, tsc, tscinvbit

Memory: 4k page, system-wide physical 6051M (374M free)
TotalPageFile size 11075M (AvailPageFile size 5M)
current process WorkingSet (physical memory assigned to process): 264M, peak: 264M
current process commit charge ("private bytes"): 447M, peak: 448M

vm_info: OpenJDK 64-Bit Server VM (11.0.12+7-LTS) for windows-amd64 JRE (11.0.12+7-LTS), built on Jul 13 2021 17:58:36 by "Administrator" with unknown MS VC++:1916

END.
