#
# There is insufficient memory for the Java Runtime Environment to continue.
# Native memory allocation (malloc) failed to allocate 2035856 bytes for Chunk::new
# Possible reasons:
#   The system is out of physical RAM or swap space
#   The process is running with CompressedOops enabled, and the Java Heap may be blocking the growth of the native heap
# Possible solutions:
#   Reduce memory load on the system
#   Increase physical memory or swap space
#   Check if swap backing store is full
#   Decrease Java heap size (-Xmx/-Xms)
#   Decrease number of Java threads
#   Decrease Java thread stack sizes (-Xss)
#   Set larger code cache with -XX:ReservedCodeCacheSize=
#   JVM is running with Unscaled Compressed Oops mode in which the Java heap is
#     placed in the first 4GB address space. The Java Heap base address is the
#     maximum limit for the native heap growth. Please use -XX:HeapBaseMinAddress
#     to set the Java Heap base and to place the Java Heap above 4GB virtual address.
# This output file may be truncated or incomplete.
#
#  Out of Memory Error (./src/hotspot/share/memory/arena.cpp:197), pid=4376, tid=7376
#
# JRE version: OpenJDK Runtime Environment Corretto-11.0.12.7.1 (11.0.12+7) (build 11.0.12+7-LTS)
# Java VM: OpenJDK 64-Bit Server VM Corretto-11.0.12.7.1 (11.0.12+7-LTS, mixed mode, tiered, compressed oops, g1 gc, windows-amd64)
# No core dump will be written. Minidumps are not enabled by default on client versions of Windows
#

---------------  S U M M A R Y ------------

Command Line: --add-opens=java.base/java.util=ALL-UNNAMED --add-opens=java.base/java.lang=ALL-UNNAMED --add-opens=java.base/java.lang.invoke=ALL-UNNAMED --add-opens=java.base/java.util=ALL-UNNAMED --add-opens=java.prefs/java.util.prefs=ALL-UNNAMED --add-opens=java.prefs/java.util.prefs=ALL-UNNAMED --add-opens=java.base/java.nio.charset=ALL-UNNAMED --add-opens=java.base/java.net=ALL-UNNAMED --add-opens=java.base/java.util.concurrent.atomic=ALL-UNNAMED -XX:MaxMetaspaceSize=256m -XX:+HeapDumpOnOutOfMemoryError -Xms256m -Xmx512m -Dfile.encoding=windows-1252 -Duser.country=BR -Duser.language=pt -Duser.variant org.gradle.launcher.daemon.bootstrap.GradleDaemon 7.1.1

Host: Intel(R) Core(TM) i3-2330M CPU @ 2.20GHz, 4 cores, 5G,  Windows 10 , 64 bit Build 19041 (10.0.19041.1151)
Time: Fri Aug 20 07:30:12 2021 Hora oficial do Brasil elapsed time: 33.924451 seconds (0d 0h 0m 33s)

---------------  T H R E A D  ---------------

Current thread (0x0000017e435c6800):  JavaThread "C2 CompilerThread1" daemon [_thread_in_native, id=7376, stack(0x00000049d5c00000,0x00000049d5d00000)]


Current CompileTask:
C2:  33925 3732       4       org.objectweb.asm.Frame::execute (2318 bytes)

Stack: [0x00000049d5c00000,0x00000049d5d00000]
Native frames: (J=compiled Java code, j=interpreted, Vv=VM code, C=native code)
V  [jvm.dll+0x601d7a]
V  [jvm.dll+0x78b45e]
V  [jvm.dll+0x78cb2f]
V  [jvm.dll+0x78d1f3]
V  [jvm.dll+0x24bc58]
V  [jvm.dll+0xc219c]
V  [jvm.dll+0xc275c]
V  [jvm.dll+0x3548d7]
V  [jvm.dll+0x321d93]
V  [jvm.dll+0x3210ca]
V  [jvm.dll+0x205535]
V  [jvm.dll+0x20471d]
V  [jvm.dll+0x18990c]
V  [jvm.dll+0x213b57]
V  [jvm.dll+0x211d1b]
V  [jvm.dll+0x74f509]
V  [jvm.dll+0x748574]
V  [jvm.dll+0x600c16]
C  [ucrtbase.dll+0x21bb2]
C  [KERNEL32.DLL+0x17034]
C  [ntdll.dll+0x52651]


---------------  P R O C E S S  ---------------

Threads class SMR info:
_java_thread_list=0x0000017e439c7520, length=38, elements={
0x0000017e233ee000, 0x0000017e3e1f9000, 0x0000017e3e1fa000, 0x0000017e3ea3e800,
0x0000017e3ea84800, 0x0000017e3ea85800, 0x0000017e3ea8a000, 0x0000017e3ea8f000,
0x0000017e3e206000, 0x0000017e3ebe9800, 0x0000017e3fac0000, 0x0000017e40dc4800,
0x0000017e4047d000, 0x0000017e3ffb3000, 0x0000017e3f21b800, 0x0000017e405be000,
0x0000017e3f3df000, 0x0000017e40023800, 0x0000017e3f39f800, 0x0000017e3f39c000,
0x0000017e3f39e800, 0x0000017e3f3a0000, 0x0000017e3f3a2000, 0x0000017e3f3a2800,
0x0000017e3f39d000, 0x0000017e3f3a1000, 0x0000017e3f39d800, 0x0000017e43fce000,
0x0000017e43fcf000, 0x0000017e43fd1800, 0x0000017e43fcf800, 0x0000017e43fd2000,
0x0000017e43fd0800, 0x0000017e43fcc800, 0x0000017e43fd4000, 0x0000017e43fd3000,
0x0000017e43fd7000, 0x0000017e435c6800
}

Java Threads: ( => current thread )
  0x0000017e233ee000 JavaThread "main" [_thread_blocked, id=17660, stack(0x00000049d2d00000,0x00000049d2e00000)]
  0x0000017e3e1f9000 JavaThread "Reference Handler" daemon [_thread_blocked, id=15184, stack(0x00000049d3400000,0x00000049d3500000)]
  0x0000017e3e1fa000 JavaThread "Finalizer" daemon [_thread_blocked, id=11676, stack(0x00000049d3500000,0x00000049d3600000)]
  0x0000017e3ea3e800 JavaThread "Signal Dispatcher" daemon [_thread_blocked, id=17344, stack(0x00000049d3600000,0x00000049d3700000)]
  0x0000017e3ea84800 JavaThread "Attach Listener" daemon [_thread_blocked, id=11200, stack(0x00000049d3700000,0x00000049d3800000)]
  0x0000017e3ea85800 JavaThread "Service Thread" daemon [_thread_blocked, id=15296, stack(0x00000049d3800000,0x00000049d3900000)]
  0x0000017e3ea8a000 JavaThread "C2 CompilerThread0" daemon [_thread_blocked, id=11588, stack(0x00000049d3900000,0x00000049d3a00000)]
  0x0000017e3ea8f000 JavaThread "C1 CompilerThread0" daemon [_thread_blocked, id=15156, stack(0x00000049d3a00000,0x00000049d3b00000)]
  0x0000017e3e206000 JavaThread "Sweeper thread" daemon [_thread_blocked, id=2312, stack(0x00000049d3b00000,0x00000049d3c00000)]
  0x0000017e3ebe9800 JavaThread "Common-Cleaner" daemon [_thread_blocked, id=5484, stack(0x00000049d3c00000,0x00000049d3d00000)]
  0x0000017e3fac0000 JavaThread "Daemon health stats" [_thread_blocked, id=8212, stack(0x00000049d4100000,0x00000049d4200000)]
  0x0000017e40dc4800 JavaThread "SeedGenerator Thread" daemon [_thread_blocked, id=17784, stack(0x00000049d4200000,0x00000049d4300000)]
  0x0000017e4047d000 JavaThread "Incoming local TCP Connector on port 58682" [_thread_in_native, id=8764, stack(0x00000049d4500000,0x00000049d4600000)]
  0x0000017e3ffb3000 JavaThread "Daemon periodic checks" [_thread_blocked, id=9664, stack(0x00000049d4400000,0x00000049d4500000)]
  0x0000017e3f21b800 JavaThread "Daemon" [_thread_blocked, id=17428, stack(0x00000049d4700000,0x00000049d4800000)]
  0x0000017e405be000 JavaThread "Handler for socket connection from /127.0.0.1:58682 to /127.0.0.1:58683" [_thread_in_native, id=16140, stack(0x00000049d4800000,0x00000049d4900000)]
  0x0000017e3f3df000 JavaThread "Cancel handler" [_thread_blocked, id=8992, stack(0x00000049d4300000,0x00000049d4400000)]
  0x0000017e40023800 JavaThread "Daemon worker" [_thread_in_native, id=2496, stack(0x00000049d4900000,0x00000049d4a00000)]
  0x0000017e3f39f800 JavaThread "Asynchronous log dispatcher for DefaultDaemonConnection: socket connection from /127.0.0.1:58682 to /127.0.0.1:58683" [_thread_blocked, id=12824, stack(0x00000049d4a00000,0x00000049d4b00000)]
  0x0000017e3f39c000 JavaThread "Stdin handler" [_thread_blocked, id=10956, stack(0x00000049d4b00000,0x00000049d4c00000)]
  0x0000017e3f39e800 JavaThread "Daemon client event forwarder" [_thread_blocked, id=16656, stack(0x00000049d4c00000,0x00000049d4d00000)]
  0x0000017e3f3a0000 JavaThread "Cache worker for journal cache (C:\Users\wagner.prado\.gradle\caches\journal-1)" [_thread_blocked, id=12848, stack(0x00000049d4e00000,0x00000049d4f00000)]
  0x0000017e3f3a2000 JavaThread "File lock request listener" [_thread_in_native, id=14720, stack(0x00000049d4600000,0x00000049d4700000)]
  0x0000017e3f3a2800 JavaThread "Cache worker for file hash cache (C:\Users\wagner.prado\.gradle\caches\7.1.1\fileHashes)" [_thread_blocked, id=6852, stack(0x00000049d4f00000,0x00000049d5000000)]
  0x0000017e3f39d000 JavaThread "Cache worker for file hash cache (C:\Users\wagner.prado\Dropbox\curso\Programação\Java Digital innovation\Santander java\SantanderDIO_ControleDePonto\SantanderDIO_ControleDePonto\.gradle\7.1.1\fileHashes)" [_thread_blocked, id=9656, stack(0x00000049d4d00000,0x00000049d4e00000)]
  0x0000017e3f3a1000 JavaThread "File watcher server" daemon [_thread_in_native, id=240, stack(0x00000049d5000000,0x00000049d5100000)]
  0x0000017e3f39d800 JavaThread "File watcher consumer" daemon [_thread_blocked, id=10340, stack(0x00000049d5100000,0x00000049d5200000)]
  0x0000017e43fce000 JavaThread "Cache worker for checksums cache (C:\Users\wagner.prado\Dropbox\curso\Programação\Java Digital innovation\Santander java\SantanderDIO_ControleDePonto\SantanderDIO_ControleDePonto\.gradle\checksums)" [_thread_blocked, id=17728, stack(0x00000049d5200000,0x00000049d5300000)]
  0x0000017e43fcf000 JavaThread "Cache worker for cache directory md-supplier (C:\Users\wagner.prado\.gradle\caches\7.1.1\md-supplier)" [_thread_blocked, id=17748, stack(0x00000049d5300000,0x00000049d5400000)]
  0x0000017e43fd1800 JavaThread "Cache worker for cache directory md-rule (C:\Users\wagner.prado\.gradle\caches\7.1.1\md-rule)" [_thread_blocked, id=5360, stack(0x00000049d5400000,0x00000049d5500000)]
  0x0000017e43fcf800 JavaThread "Cache worker for execution history cache (C:\Users\wagner.prado\.gradle\caches\7.1.1\executionHistory)" [_thread_blocked, id=18328, stack(0x00000049d5500000,0x00000049d5600000)]
  0x0000017e43fd2000 JavaThread "jar transforms" [_thread_blocked, id=3356, stack(0x00000049d5600000,0x00000049d5700000)]
  0x0000017e43fd0800 JavaThread "jar transforms Thread 2" [_thread_blocked, id=17900, stack(0x00000049d5700000,0x00000049d5800000)]
  0x0000017e43fcc800 JavaThread "Cache worker for file content cache (C:\Users\wagner.prado\.gradle\caches\7.1.1\fileContent)" [_thread_blocked, id=13640, stack(0x00000049d5900000,0x00000049d5a00000)]
  0x0000017e43fd4000 JavaThread "jar transforms Thread 3" [_thread_blocked, id=17484, stack(0x00000049d5a00000,0x00000049d5b00000)]
  0x0000017e43fd3000 JavaThread "jar transforms Thread 4" [_thread_blocked, id=980, stack(0x00000049d5800000,0x00000049d5900000)]
  0x0000017e43fd7000 JavaThread "Cache worker for dependencies-accessors (C:\Users\wagner.prado\Dropbox\curso\Programação\Java Digital innovation\Santander java\SantanderDIO_ControleDePonto\SantanderDIO_ControleDePonto\.gradle\7.1.1\dependencies-accessors)" [_thread_blocked, id=11020, stack(0x00000049d5b00000,0x00000049d5c00000)]
=>0x0000017e435c6800 JavaThread "C2 CompilerThread1" daemon [_thread_in_native, id=7376, stack(0x00000049d5c00000,0x00000049d5d00000)]

Other Threads:
  0x0000017e3e1ee800 VMThread "VM Thread" [stack: 0x00000049d3300000,0x00000049d3400000] [id=15656]
  0x0000017e3ec57000 WatcherThread [stack: 0x00000049d3d00000,0x00000049d3e00000] [id=14516]
  0x0000017e23404800 GCTaskThread "GC Thread#0" [stack: 0x00000049d2e00000,0x00000049d2f00000] [id=17444]
  0x0000017e3f191000 GCTaskThread "GC Thread#1" [stack: 0x00000049d3e00000,0x00000049d3f00000] [id=14316]
  0x0000017e3f57b000 GCTaskThread "GC Thread#2" [stack: 0x00000049d3f00000,0x00000049d4000000] [id=15816]
  0x0000017e3f57c000 GCTaskThread "GC Thread#3" [stack: 0x00000049d4000000,0x00000049d4100000] [id=10012]
  0x0000017e2340f800 ConcurrentGCThread "G1 Main Marker" [stack: 0x00000049d2f00000,0x00000049d3000000] [id=13236]
  0x0000017e23413000 ConcurrentGCThread "G1 Conc#0" [stack: 0x00000049d3000000,0x00000049d3100000] [id=3812]
  0x0000017e3e08a800 ConcurrentGCThread "G1 Refine#0" [stack: 0x00000049d3100000,0x00000049d3200000] [id=18260]
  0x0000017e3e08c800 ConcurrentGCThread "G1 Young RemSet Sampling" [stack: 0x00000049d3200000,0x00000049d3300000] [id=15508]

Threads with active compile tasks:
C2 CompilerThread1  34747 3732       4       org.objectweb.asm.Frame::execute (2318 bytes)

VM state:not at safepoint (normal execution)

VM Mutex/Monitor currently owned by a thread: None

Heap address: 0x00000000e0000000, size: 512 MB, Compressed Oops mode: 32-bit
Narrow klass base: 0x0000000000000000, Narrow klass shift: 3
Compressed class space size: 260046848 Address: 0x0000000100000000

Heap:
 garbage-first heap   total 262144K, used 127783K [0x00000000e0000000, 0x0000000100000000)
  region size 1024K, 108 young (110592K), 7 survivors (7168K)
 Metaspace       used 43831K, capacity 44814K, committed 44928K, reserved 292864K
  class space    used 5596K, capacity 5983K, committed 6016K, reserved 253952K
Heap Regions: E=young(eden), S=young(survivor), O=old, HS=humongous(starts), HC=humongous(continues), CS=collection set, F=free, A=archive, TAMS=top-at-mark-start (previous, next)
|   0|0x00000000e0000000, 0x00000000e0100000, 0x00000000e0100000|100%|HS|  |TAMS 0x00000000e0100000, 0x00000000e0000000| Complete 
|   1|0x00000000e0100000, 0x00000000e0200000, 0x00000000e0200000|100%|HC|  |TAMS 0x00000000e0200000, 0x00000000e0100000| Complete 
|   2|0x00000000e0200000, 0x00000000e0300000, 0x00000000e0300000|100%|HC|  |TAMS 0x00000000e0300000, 0x00000000e0200000| Complete 
|   3|0x00000000e0300000, 0x00000000e0400000, 0x00000000e0400000|100%| O|  |TAMS 0x00000000e0400000, 0x00000000e0300000| Untracked 
|   4|0x00000000e0400000, 0x00000000e0500000, 0x00000000e0500000|100%| O|  |TAMS 0x00000000e0500000, 0x00000000e0400000| Untracked 
|   5|0x00000000e0500000, 0x00000000e0600000, 0x00000000e0600000|100%| O|  |TAMS 0x00000000e0600000, 0x00000000e0500000| Untracked 
|   6|0x00000000e0600000, 0x00000000e0700000, 0x00000000e0700000|100%| O|  |TAMS 0x00000000e0700000, 0x00000000e0600000| Untracked 
|   7|0x00000000e0700000, 0x00000000e0800000, 0x00000000e0800000|100%| O|  |TAMS 0x00000000e0800000, 0x00000000e0700000| Untracked 
|   8|0x00000000e0800000, 0x00000000e0900000, 0x00000000e0900000|100%| O|  |TAMS 0x00000000e0900000, 0x00000000e0800000| Untracked 
|   9|0x00000000e0900000, 0x00000000e0a00000, 0x00000000e0a00000|100%| O|  |TAMS 0x00000000e0a00000, 0x00000000e0900000| Untracked 
|  10|0x00000000e0a00000, 0x00000000e0b00000, 0x00000000e0b00000|100%| O|  |TAMS 0x00000000e0b00000, 0x00000000e0a00000| Untracked 
|  11|0x00000000e0b00000, 0x00000000e0c00000, 0x00000000e0c00000|100%| O|  |TAMS 0x00000000e0c00000, 0x00000000e0b00000| Untracked 
|  12|0x00000000e0c00000, 0x00000000e0d00000, 0x00000000e0d00000|100%| O|  |TAMS 0x00000000e0d00000, 0x00000000e0c00000| Untracked 
|  13|0x00000000e0d00000, 0x00000000e0e00000, 0x00000000e0e00000|100%| O|  |TAMS 0x00000000e0e00000, 0x00000000e0d00000| Untracked 
|  14|0x00000000e0e00000, 0x00000000e0f00000, 0x00000000e0f00000|100%| O|  |TAMS 0x00000000e0f00000, 0x00000000e0e00000| Untracked 
|  15|0x00000000e0f00000, 0x00000000e0f50e00, 0x00000000e1000000| 31%| O|  |TAMS 0x00000000e0f50e00, 0x00000000e0f00000| Untracked 
|  16|0x00000000e1000000, 0x00000000e1100000, 0x00000000e1100000|100%|HS|  |TAMS 0x00000000e1000000, 0x00000000e1000000| Complete 
|  17|0x00000000e1100000, 0x00000000e1200000, 0x00000000e1200000|100%|HS|  |TAMS 0x00000000e1100000, 0x00000000e1100000| Complete 
|  18|0x00000000e1200000, 0x00000000e1300000, 0x00000000e1300000|100%|HC|  |TAMS 0x00000000e1200000, 0x00000000e1200000| Complete 
|  19|0x00000000e1300000, 0x00000000e1400000, 0x00000000e1400000|100%|HS|  |TAMS 0x00000000e1300000, 0x00000000e1300000| Complete 
|  20|0x00000000e1400000, 0x00000000e1400000, 0x00000000e1500000|  0%| F|  |TAMS 0x00000000e1400000, 0x00000000e1400000| Untracked 
|  21|0x00000000e1500000, 0x00000000e1500000, 0x00000000e1600000|  0%| F|  |TAMS 0x00000000e1500000, 0x00000000e1500000| Untracked 
|  22|0x00000000e1600000, 0x00000000e1600000, 0x00000000e1700000|  0%| F|  |TAMS 0x00000000e1600000, 0x00000000e1600000| Untracked 
|  23|0x00000000e1700000, 0x00000000e1700000, 0x00000000e1800000|  0%| F|  |TAMS 0x00000000e1700000, 0x00000000e1700000| Untracked 
|  24|0x00000000e1800000, 0x00000000e1800000, 0x00000000e1900000|  0%| F|  |TAMS 0x00000000e1800000, 0x00000000e1800000| Untracked 
|  25|0x00000000e1900000, 0x00000000e1900000, 0x00000000e1a00000|  0%| F|  |TAMS 0x00000000e1900000, 0x00000000e1900000| Untracked 
|  26|0x00000000e1a00000, 0x00000000e1a00000, 0x00000000e1b00000|  0%| F|  |TAMS 0x00000000e1a00000, 0x00000000e1a00000| Untracked 
|  27|0x00000000e1b00000, 0x00000000e1b00000, 0x00000000e1c00000|  0%| F|  |TAMS 0x00000000e1b00000, 0x00000000e1b00000| Untracked 
|  28|0x00000000e1c00000, 0x00000000e1c00000, 0x00000000e1d00000|  0%| F|  |TAMS 0x00000000e1c00000, 0x00000000e1c00000| Untracked 
|  29|0x00000000e1d00000, 0x00000000e1d00000, 0x00000000e1e00000|  0%| F|  |TAMS 0x00000000e1d00000, 0x00000000e1d00000| Untracked 
|  30|0x00000000e1e00000, 0x00000000e1e00000, 0x00000000e1f00000|  0%| F|  |TAMS 0x00000000e1e00000, 0x00000000e1e00000| Untracked 
|  31|0x00000000e1f00000, 0x00000000e1f00000, 0x00000000e2000000|  0%| F|  |TAMS 0x00000000e1f00000, 0x00000000e1f00000| Untracked 
|  32|0x00000000e2000000, 0x00000000e2000000, 0x00000000e2100000|  0%| F|  |TAMS 0x00000000e2000000, 0x00000000e2000000| Untracked 
|  33|0x00000000e2100000, 0x00000000e2100000, 0x00000000e2200000|  0%| F|  |TAMS 0x00000000e2100000, 0x00000000e2100000| Untracked 
|  34|0x00000000e2200000, 0x00000000e2200000, 0x00000000e2300000|  0%| F|  |TAMS 0x00000000e2200000, 0x00000000e2200000| Untracked 
|  35|0x00000000e2300000, 0x00000000e2300000, 0x00000000e2400000|  0%| F|  |TAMS 0x00000000e2300000, 0x00000000e2300000| Untracked 
|  36|0x00000000e2400000, 0x00000000e2400000, 0x00000000e2500000|  0%| F|  |TAMS 0x00000000e2400000, 0x00000000e2400000| Untracked 
|  37|0x00000000e2500000, 0x00000000e2500000, 0x00000000e2600000|  0%| F|  |TAMS 0x00000000e2500000, 0x00000000e2500000| Untracked 
|  38|0x00000000e2600000, 0x00000000e2600000, 0x00000000e2700000|  0%| F|  |TAMS 0x00000000e2600000, 0x00000000e2600000| Untracked 
|  39|0x00000000e2700000, 0x00000000e2700000, 0x00000000e2800000|  0%| F|  |TAMS 0x00000000e2700000, 0x00000000e2700000| Untracked 
|  40|0x00000000e2800000, 0x00000000e2800000, 0x00000000e2900000|  0%| F|  |TAMS 0x00000000e2800000, 0x00000000e2800000| Untracked 
|  41|0x00000000e2900000, 0x00000000e2900000, 0x00000000e2a00000|  0%| F|  |TAMS 0x00000000e2900000, 0x00000000e2900000| Untracked 
|  42|0x00000000e2a00000, 0x00000000e2a00000, 0x00000000e2b00000|  0%| F|  |TAMS 0x00000000e2a00000, 0x00000000e2a00000| Untracked 
|  43|0x00000000e2b00000, 0x00000000e2b00000, 0x00000000e2c00000|  0%| F|  |TAMS 0x00000000e2b00000, 0x00000000e2b00000| Untracked 
|  44|0x00000000e2c00000, 0x00000000e2c00000, 0x00000000e2d00000|  0%| F|  |TAMS 0x00000000e2c00000, 0x00000000e2c00000| Untracked 
|  45|0x00000000e2d00000, 0x00000000e2d00000, 0x00000000e2e00000|  0%| F|  |TAMS 0x00000000e2d00000, 0x00000000e2d00000| Untracked 
|  46|0x00000000e2e00000, 0x00000000e2e00000, 0x00000000e2f00000|  0%| F|  |TAMS 0x00000000e2e00000, 0x00000000e2e00000| Untracked 
|  47|0x00000000e2f00000, 0x00000000e2f00000, 0x00000000e3000000|  0%| F|  |TAMS 0x00000000e2f00000, 0x00000000e2f00000| Untracked 
|  48|0x00000000e3000000, 0x00000000e3000000, 0x00000000e3100000|  0%| F|  |TAMS 0x00000000e3000000, 0x00000000e3000000| Untracked 
|  49|0x00000000e3100000, 0x00000000e3100000, 0x00000000e3200000|  0%| F|  |TAMS 0x00000000e3100000, 0x00000000e3100000| Untracked 
|  50|0x00000000e3200000, 0x00000000e3200000, 0x00000000e3300000|  0%| F|  |TAMS 0x00000000e3200000, 0x00000000e3200000| Untracked 
|  51|0x00000000e3300000, 0x00000000e3300000, 0x00000000e3400000|  0%| F|  |TAMS 0x00000000e3300000, 0x00000000e3300000| Untracked 
|  52|0x00000000e3400000, 0x00000000e3400000, 0x00000000e3500000|  0%| F|  |TAMS 0x00000000e3400000, 0x00000000e3400000| Untracked 
|  53|0x00000000e3500000, 0x00000000e3500000, 0x00000000e3600000|  0%| F|  |TAMS 0x00000000e3500000, 0x00000000e3500000| Untracked 
|  54|0x00000000e3600000, 0x00000000e3600000, 0x00000000e3700000|  0%| F|  |TAMS 0x00000000e3600000, 0x00000000e3600000| Untracked 
|  55|0x00000000e3700000, 0x00000000e3700000, 0x00000000e3800000|  0%| F|  |TAMS 0x00000000e3700000, 0x00000000e3700000| Untracked 
|  56|0x00000000e3800000, 0x00000000e3800000, 0x00000000e3900000|  0%| F|  |TAMS 0x00000000e3800000, 0x00000000e3800000| Untracked 
|  57|0x00000000e3900000, 0x00000000e3900000, 0x00000000e3a00000|  0%| F|  |TAMS 0x00000000e3900000, 0x00000000e3900000| Untracked 
|  58|0x00000000e3a00000, 0x00000000e3a00000, 0x00000000e3b00000|  0%| F|  |TAMS 0x00000000e3a00000, 0x00000000e3a00000| Untracked 
|  59|0x00000000e3b00000, 0x00000000e3b00000, 0x00000000e3c00000|  0%| F|  |TAMS 0x00000000e3b00000, 0x00000000e3b00000| Untracked 
|  60|0x00000000e3c00000, 0x00000000e3c00000, 0x00000000e3d00000|  0%| F|  |TAMS 0x00000000e3c00000, 0x00000000e3c00000| Untracked 
|  61|0x00000000e3d00000, 0x00000000e3d00000, 0x00000000e3e00000|  0%| F|  |TAMS 0x00000000e3d00000, 0x00000000e3d00000| Untracked 
|  62|0x00000000e3e00000, 0x00000000e3e00000, 0x00000000e3f00000|  0%| F|  |TAMS 0x00000000e3e00000, 0x00000000e3e00000| Untracked 
|  63|0x00000000e3f00000, 0x00000000e3f00000, 0x00000000e4000000|  0%| F|  |TAMS 0x00000000e3f00000, 0x00000000e3f00000| Untracked 
|  64|0x00000000e4000000, 0x00000000e4000000, 0x00000000e4100000|  0%| F|  |TAMS 0x00000000e4000000, 0x00000000e4000000| Untracked 
|  65|0x00000000e4100000, 0x00000000e4100000, 0x00000000e4200000|  0%| F|  |TAMS 0x00000000e4100000, 0x00000000e4100000| Untracked 
|  66|0x00000000e4200000, 0x00000000e4200000, 0x00000000e4300000|  0%| F|  |TAMS 0x00000000e4200000, 0x00000000e4200000| Untracked 
|  67|0x00000000e4300000, 0x00000000e4300000, 0x00000000e4400000|  0%| F|  |TAMS 0x00000000e4300000, 0x00000000e4300000| Untracked 
|  68|0x00000000e4400000, 0x00000000e4400000, 0x00000000e4500000|  0%| F|  |TAMS 0x00000000e4400000, 0x00000000e4400000| Untracked 
|  69|0x00000000e4500000, 0x00000000e4500000, 0x00000000e4600000|  0%| F|  |TAMS 0x00000000e4500000, 0x00000000e4500000| Untracked 
|  70|0x00000000e4600000, 0x00000000e4600000, 0x00000000e4700000|  0%| F|  |TAMS 0x00000000e4600000, 0x00000000e4600000| Untracked 
|  71|0x00000000e4700000, 0x00000000e4700000, 0x00000000e4800000|  0%| F|  |TAMS 0x00000000e4700000, 0x00000000e4700000| Untracked 
|  72|0x00000000e4800000, 0x00000000e4800000, 0x00000000e4900000|  0%| F|  |TAMS 0x00000000e4800000, 0x00000000e4800000| Untracked 
|  73|0x00000000e4900000, 0x00000000e4900000, 0x00000000e4a00000|  0%| F|  |TAMS 0x00000000e4900000, 0x00000000e4900000| Untracked 
|  74|0x00000000e4a00000, 0x00000000e4a00000, 0x00000000e4b00000|  0%| F|  |TAMS 0x00000000e4a00000, 0x00000000e4a00000| Untracked 
|  75|0x00000000e4b00000, 0x00000000e4b00000, 0x00000000e4c00000|  0%| F|  |TAMS 0x00000000e4b00000, 0x00000000e4b00000| Untracked 
|  76|0x00000000e4c00000, 0x00000000e4c00000, 0x00000000e4d00000|  0%| F|  |TAMS 0x00000000e4c00000, 0x00000000e4c00000| Untracked 
|  77|0x00000000e4d00000, 0x00000000e4d00000, 0x00000000e4e00000|  0%| F|  |TAMS 0x00000000e4d00000, 0x00000000e4d00000| Untracked 
|  78|0x00000000e4e00000, 0x00000000e4e00000, 0x00000000e4f00000|  0%| F|  |TAMS 0x00000000e4e00000, 0x00000000e4e00000| Untracked 
|  79|0x00000000e4f00000, 0x00000000e4f00000, 0x00000000e5000000|  0%| F|  |TAMS 0x00000000e4f00000, 0x00000000e4f00000| Untracked 
|  80|0x00000000e5000000, 0x00000000e5000000, 0x00000000e5100000|  0%| F|  |TAMS 0x00000000e5000000, 0x00000000e5000000| Untracked 
|  81|0x00000000e5100000, 0x00000000e5100000, 0x00000000e5200000|  0%| F|  |TAMS 0x00000000e5100000, 0x00000000e5100000| Untracked 
|  82|0x00000000e5200000, 0x00000000e5200000, 0x00000000e5300000|  0%| F|  |TAMS 0x00000000e5200000, 0x00000000e5200000| Untracked 
|  83|0x00000000e5300000, 0x00000000e5300000, 0x00000000e5400000|  0%| F|  |TAMS 0x00000000e5300000, 0x00000000e5300000| Untracked 
|  84|0x00000000e5400000, 0x00000000e5400000, 0x00000000e5500000|  0%| F|  |TAMS 0x00000000e5400000, 0x00000000e5400000| Untracked 
|  85|0x00000000e5500000, 0x00000000e5500000, 0x00000000e5600000|  0%| F|  |TAMS 0x00000000e5500000, 0x00000000e5500000| Untracked 
|  86|0x00000000e5600000, 0x00000000e5600000, 0x00000000e5700000|  0%| F|  |TAMS 0x00000000e5600000, 0x00000000e5600000| Untracked 
|  87|0x00000000e5700000, 0x00000000e5700000, 0x00000000e5800000|  0%| F|  |TAMS 0x00000000e5700000, 0x00000000e5700000| Untracked 
|  88|0x00000000e5800000, 0x00000000e5800000, 0x00000000e5900000|  0%| F|  |TAMS 0x00000000e5800000, 0x00000000e5800000| Untracked 
|  89|0x00000000e5900000, 0x00000000e5900000, 0x00000000e5a00000|  0%| F|  |TAMS 0x00000000e5900000, 0x00000000e5900000| Untracked 
|  90|0x00000000e5a00000, 0x00000000e5a00000, 0x00000000e5b00000|  0%| F|  |TAMS 0x00000000e5a00000, 0x00000000e5a00000| Untracked 
|  91|0x00000000e5b00000, 0x00000000e5b00000, 0x00000000e5c00000|  0%| F|  |TAMS 0x00000000e5b00000, 0x00000000e5b00000| Untracked 
|  92|0x00000000e5c00000, 0x00000000e5c00000, 0x00000000e5d00000|  0%| F|  |TAMS 0x00000000e5c00000, 0x00000000e5c00000| Untracked 
|  93|0x00000000e5d00000, 0x00000000e5d00000, 0x00000000e5e00000|  0%| F|  |TAMS 0x00000000e5d00000, 0x00000000e5d00000| Untracked 
|  94|0x00000000e5e00000, 0x00000000e5e00000, 0x00000000e5f00000|  0%| F|  |TAMS 0x00000000e5e00000, 0x00000000e5e00000| Untracked 
|  95|0x00000000e5f00000, 0x00000000e5f00000, 0x00000000e6000000|  0%| F|  |TAMS 0x00000000e5f00000, 0x00000000e5f00000| Untracked 
|  96|0x00000000e6000000, 0x00000000e6000000, 0x00000000e6100000|  0%| F|  |TAMS 0x00000000e6000000, 0x00000000e6000000| Untracked 
|  97|0x00000000e6100000, 0x00000000e6100000, 0x00000000e6200000|  0%| F|  |TAMS 0x00000000e6100000, 0x00000000e6100000| Untracked 
|  98|0x00000000e6200000, 0x00000000e6200000, 0x00000000e6300000|  0%| F|  |TAMS 0x00000000e6200000, 0x00000000e6200000| Untracked 
|  99|0x00000000e6300000, 0x00000000e6300000, 0x00000000e6400000|  0%| F|  |TAMS 0x00000000e6300000, 0x00000000e6300000| Untracked 
| 100|0x00000000e6400000, 0x00000000e6400000, 0x00000000e6500000|  0%| F|  |TAMS 0x00000000e6400000, 0x00000000e6400000| Untracked 
| 101|0x00000000e6500000, 0x00000000e6500000, 0x00000000e6600000|  0%| F|  |TAMS 0x00000000e6500000, 0x00000000e6500000| Untracked 
| 102|0x00000000e6600000, 0x00000000e6600000, 0x00000000e6700000|  0%| F|  |TAMS 0x00000000e6600000, 0x00000000e6600000| Untracked 
| 103|0x00000000e6700000, 0x00000000e6700000, 0x00000000e6800000|  0%| F|  |TAMS 0x00000000e6700000, 0x00000000e6700000| Untracked 
| 104|0x00000000e6800000, 0x00000000e6800000, 0x00000000e6900000|  0%| F|  |TAMS 0x00000000e6800000, 0x00000000e6800000| Untracked 
| 105|0x00000000e6900000, 0x00000000e6900000, 0x00000000e6a00000|  0%| F|  |TAMS 0x00000000e6900000, 0x00000000e6900000| Untracked 
| 106|0x00000000e6a00000, 0x00000000e6a00000, 0x00000000e6b00000|  0%| F|  |TAMS 0x00000000e6a00000, 0x00000000e6a00000| Untracked 
| 107|0x00000000e6b00000, 0x00000000e6b00000, 0x00000000e6c00000|  0%| F|  |TAMS 0x00000000e6b00000, 0x00000000e6b00000| Untracked 
| 108|0x00000000e6c00000, 0x00000000e6c00000, 0x00000000e6d00000|  0%| F|  |TAMS 0x00000000e6c00000, 0x00000000e6c00000| Untracked 
| 109|0x00000000e6d00000, 0x00000000e6d00000, 0x00000000e6e00000|  0%| F|  |TAMS 0x00000000e6d00000, 0x00000000e6d00000| Untracked 
| 110|0x00000000e6e00000, 0x00000000e6e00000, 0x00000000e6f00000|  0%| F|  |TAMS 0x00000000e6e00000, 0x00000000e6e00000| Untracked 
| 111|0x00000000e6f00000, 0x00000000e6f00000, 0x00000000e7000000|  0%| F|  |TAMS 0x00000000e6f00000, 0x00000000e6f00000| Untracked 
| 112|0x00000000e7000000, 0x00000000e7000000, 0x00000000e7100000|  0%| F|  |TAMS 0x00000000e7000000, 0x00000000e7000000| Untracked 
| 113|0x00000000e7100000, 0x00000000e7100000, 0x00000000e7200000|  0%| F|  |TAMS 0x00000000e7100000, 0x00000000e7100000| Untracked 
| 114|0x00000000e7200000, 0x00000000e7200000, 0x00000000e7300000|  0%| F|  |TAMS 0x00000000e7200000, 0x00000000e7200000| Untracked 
| 115|0x00000000e7300000, 0x00000000e7300000, 0x00000000e7400000|  0%| F|  |TAMS 0x00000000e7300000, 0x00000000e7300000| Untracked 
| 116|0x00000000e7400000, 0x00000000e7400000, 0x00000000e7500000|  0%| F|  |TAMS 0x00000000e7400000, 0x00000000e7400000| Untracked 
| 117|0x00000000e7500000, 0x00000000e7500000, 0x00000000e7600000|  0%| F|  |TAMS 0x00000000e7500000, 0x00000000e7500000| Untracked 
| 118|0x00000000e7600000, 0x00000000e7600000, 0x00000000e7700000|  0%| F|  |TAMS 0x00000000e7600000, 0x00000000e7600000| Untracked 
| 119|0x00000000e7700000, 0x00000000e7700000, 0x00000000e7800000|  0%| F|  |TAMS 0x00000000e7700000, 0x00000000e7700000| Untracked 
| 120|0x00000000e7800000, 0x00000000e7800000, 0x00000000e7900000|  0%| F|  |TAMS 0x00000000e7800000, 0x00000000e7800000| Untracked 
| 121|0x00000000e7900000, 0x00000000e7900000, 0x00000000e7a00000|  0%| F|  |TAMS 0x00000000e7900000, 0x00000000e7900000| Untracked 
| 122|0x00000000e7a00000, 0x00000000e7a00000, 0x00000000e7b00000|  0%| F|  |TAMS 0x00000000e7a00000, 0x00000000e7a00000| Untracked 
| 123|0x00000000e7b00000, 0x00000000e7b00000, 0x00000000e7c00000|  0%| F|  |TAMS 0x00000000e7b00000, 0x00000000e7b00000| Untracked 
| 124|0x00000000e7c00000, 0x00000000e7c00000, 0x00000000e7d00000|  0%| F|  |TAMS 0x00000000e7c00000, 0x00000000e7c00000| Untracked 
| 125|0x00000000e7d00000, 0x00000000e7d00000, 0x00000000e7e00000|  0%| F|  |TAMS 0x00000000e7d00000, 0x00000000e7d00000| Untracked 
| 126|0x00000000e7e00000, 0x00000000e7e00000, 0x00000000e7f00000|  0%| F|  |TAMS 0x00000000e7e00000, 0x00000000e7e00000| Untracked 
| 127|0x00000000e7f00000, 0x00000000e7f00000, 0x00000000e8000000|  0%| F|  |TAMS 0x00000000e7f00000, 0x00000000e7f00000| Untracked 
| 128|0x00000000e8000000, 0x00000000e8000000, 0x00000000e8100000|  0%| F|  |TAMS 0x00000000e8000000, 0x00000000e8000000| Untracked 
| 129|0x00000000e8100000, 0x00000000e8100000, 0x00000000e8200000|  0%| F|  |TAMS 0x00000000e8100000, 0x00000000e8100000| Untracked 
| 130|0x00000000e8200000, 0x00000000e8200000, 0x00000000e8300000|  0%| F|  |TAMS 0x00000000e8200000, 0x00000000e8200000| Untracked 
| 131|0x00000000e8300000, 0x00000000e8300000, 0x00000000e8400000|  0%| F|  |TAMS 0x00000000e8300000, 0x00000000e8300000| Untracked 
| 132|0x00000000e8400000, 0x00000000e8400000, 0x00000000e8500000|  0%| F|  |TAMS 0x00000000e8400000, 0x00000000e8400000| Untracked 
| 133|0x00000000e8500000, 0x00000000e8500000, 0x00000000e8600000|  0%| F|  |TAMS 0x00000000e8500000, 0x00000000e8500000| Untracked 
| 134|0x00000000e8600000, 0x00000000e8600000, 0x00000000e8700000|  0%| F|  |TAMS 0x00000000e8600000, 0x00000000e8600000| Untracked 
| 135|0x00000000e8700000, 0x00000000e8700000, 0x00000000e8800000|  0%| F|  |TAMS 0x00000000e8700000, 0x00000000e8700000| Untracked 
| 136|0x00000000e8800000, 0x00000000e8800000, 0x00000000e8900000|  0%| F|  |TAMS 0x00000000e8800000, 0x00000000e8800000| Untracked 
| 137|0x00000000e8900000, 0x00000000e8900000, 0x00000000e8a00000|  0%| F|  |TAMS 0x00000000e8900000, 0x00000000e8900000| Untracked 
| 138|0x00000000e8a00000, 0x00000000e8a00000, 0x00000000e8b00000|  0%| F|  |TAMS 0x00000000e8a00000, 0x00000000e8a00000| Untracked 
| 139|0x00000000e8b00000, 0x00000000e8b00000, 0x00000000e8c00000|  0%| F|  |TAMS 0x00000000e8b00000, 0x00000000e8b00000| Untracked 
| 140|0x00000000e8c00000, 0x00000000e8c00000, 0x00000000e8d00000|  0%| F|  |TAMS 0x00000000e8c00000, 0x00000000e8c00000| Untracked 
| 141|0x00000000e8d00000, 0x00000000e8d00000, 0x00000000e8e00000|  0%| F|  |TAMS 0x00000000e8d00000, 0x00000000e8d00000| Untracked 
| 142|0x00000000e8e00000, 0x00000000e8e00000, 0x00000000e8f00000|  0%| F|  |TAMS 0x00000000e8e00000, 0x00000000e8e00000| Untracked 
| 143|0x00000000e8f00000, 0x00000000e8f00000, 0x00000000e9000000|  0%| F|  |TAMS 0x00000000e8f00000, 0x00000000e8f00000| Untracked 
| 144|0x00000000e9000000, 0x00000000e9000000, 0x00000000e9100000|  0%| F|  |TAMS 0x00000000e9000000, 0x00000000e9000000| Untracked 
| 145|0x00000000e9100000, 0x00000000e9100000, 0x00000000e9200000|  0%| F|  |TAMS 0x00000000e9100000, 0x00000000e9100000| Untracked 
| 146|0x00000000e9200000, 0x00000000e9200000, 0x00000000e9300000|  0%| F|  |TAMS 0x00000000e9200000, 0x00000000e9200000| Untracked 
| 147|0x00000000e9300000, 0x00000000e9380800, 0x00000000e9400000| 50%| E|  |TAMS 0x00000000e9300000, 0x00000000e9300000| Complete 
| 148|0x00000000e9400000, 0x00000000e9500000, 0x00000000e9500000|100%| E|CS|TAMS 0x00000000e9400000, 0x00000000e9400000| Complete 
| 149|0x00000000e9500000, 0x00000000e9600000, 0x00000000e9600000|100%| E|CS|TAMS 0x00000000e9500000, 0x00000000e9500000| Complete 
| 150|0x00000000e9600000, 0x00000000e9700000, 0x00000000e9700000|100%| E|CS|TAMS 0x00000000e9600000, 0x00000000e9600000| Complete 
| 151|0x00000000e9700000, 0x00000000e9800000, 0x00000000e9800000|100%| E|CS|TAMS 0x00000000e9700000, 0x00000000e9700000| Complete 
| 152|0x00000000e9800000, 0x00000000e9900000, 0x00000000e9900000|100%| E|CS|TAMS 0x00000000e9800000, 0x00000000e9800000| Complete 
| 153|0x00000000e9900000, 0x00000000e9a00000, 0x00000000e9a00000|100%| E|CS|TAMS 0x00000000e9900000, 0x00000000e9900000| Complete 
| 154|0x00000000e9a00000, 0x00000000e9b00000, 0x00000000e9b00000|100%| E|CS|TAMS 0x00000000e9a00000, 0x00000000e9a00000| Complete 
| 155|0x00000000e9b00000, 0x00000000e9c00000, 0x00000000e9c00000|100%| E|CS|TAMS 0x00000000e9b00000, 0x00000000e9b00000| Complete 
| 156|0x00000000e9c00000, 0x00000000e9d00000, 0x00000000e9d00000|100%| E|CS|TAMS 0x00000000e9c00000, 0x00000000e9c00000| Complete 
| 157|0x00000000e9d00000, 0x00000000e9e00000, 0x00000000e9e00000|100%| E|CS|TAMS 0x00000000e9d00000, 0x00000000e9d00000| Complete 
| 158|0x00000000e9e00000, 0x00000000e9f00000, 0x00000000e9f00000|100%| E|CS|TAMS 0x00000000e9e00000, 0x00000000e9e00000| Complete 
| 159|0x00000000e9f00000, 0x00000000ea000000, 0x00000000ea000000|100%| E|CS|TAMS 0x00000000e9f00000, 0x00000000e9f00000| Complete 
| 160|0x00000000ea000000, 0x00000000ea100000, 0x00000000ea100000|100%| E|CS|TAMS 0x00000000ea000000, 0x00000000ea000000| Complete 
| 161|0x00000000ea100000, 0x00000000ea200000, 0x00000000ea200000|100%| E|CS|TAMS 0x00000000ea100000, 0x00000000ea100000| Complete 
| 162|0x00000000ea200000, 0x00000000ea300000, 0x00000000ea300000|100%| E|CS|TAMS 0x00000000ea200000, 0x00000000ea200000| Complete 
| 163|0x00000000ea300000, 0x00000000ea400000, 0x00000000ea400000|100%| E|CS|TAMS 0x00000000ea300000, 0x00000000ea300000| Complete 
| 164|0x00000000ea400000, 0x00000000ea500000, 0x00000000ea500000|100%| E|CS|TAMS 0x00000000ea400000, 0x00000000ea400000| Complete 
| 165|0x00000000ea500000, 0x00000000ea600000, 0x00000000ea600000|100%| E|CS|TAMS 0x00000000ea500000, 0x00000000ea500000| Complete 
| 166|0x00000000ea600000, 0x00000000ea700000, 0x00000000ea700000|100%| E|CS|TAMS 0x00000000ea600000, 0x00000000ea600000| Complete 
| 167|0x00000000ea700000, 0x00000000ea800000, 0x00000000ea800000|100%| E|CS|TAMS 0x00000000ea700000, 0x00000000ea700000| Complete 
| 168|0x00000000ea800000, 0x00000000ea900000, 0x00000000ea900000|100%| E|CS|TAMS 0x00000000ea800000, 0x00000000ea800000| Complete 
| 169|0x00000000ea900000, 0x00000000eaa00000, 0x00000000eaa00000|100%| E|CS|TAMS 0x00000000ea900000, 0x00000000ea900000| Complete 
| 170|0x00000000eaa00000, 0x00000000eab00000, 0x00000000eab00000|100%| E|CS|TAMS 0x00000000eaa00000, 0x00000000eaa00000| Complete 
| 171|0x00000000eab00000, 0x00000000eac00000, 0x00000000eac00000|100%| E|CS|TAMS 0x00000000eab00000, 0x00000000eab00000| Complete 
| 172|0x00000000eac00000, 0x00000000ead00000, 0x00000000ead00000|100%| E|CS|TAMS 0x00000000eac00000, 0x00000000eac00000| Complete 
| 173|0x00000000ead00000, 0x00000000eae00000, 0x00000000eae00000|100%| E|CS|TAMS 0x00000000ead00000, 0x00000000ead00000| Complete 
| 174|0x00000000eae00000, 0x00000000eaf00000, 0x00000000eaf00000|100%| E|CS|TAMS 0x00000000eae00000, 0x00000000eae00000| Complete 
| 175|0x00000000eaf00000, 0x00000000eb000000, 0x00000000eb000000|100%| E|CS|TAMS 0x00000000eaf00000, 0x00000000eaf00000| Complete 
| 176|0x00000000eb000000, 0x00000000eb100000, 0x00000000eb100000|100%| E|CS|TAMS 0x00000000eb000000, 0x00000000eb000000| Complete 
| 177|0x00000000eb100000, 0x00000000eb200000, 0x00000000eb200000|100%| E|CS|TAMS 0x00000000eb100000, 0x00000000eb100000| Complete 
| 178|0x00000000eb200000, 0x00000000eb300000, 0x00000000eb300000|100%| E|  |TAMS 0x00000000eb200000, 0x00000000eb200000| Complete 
| 179|0x00000000eb300000, 0x00000000eb400000, 0x00000000eb400000|100%| E|CS|TAMS 0x00000000eb300000, 0x00000000eb300000| Complete 
| 180|0x00000000eb400000, 0x00000000eb500000, 0x00000000eb500000|100%| E|CS|TAMS 0x00000000eb400000, 0x00000000eb400000| Complete 
| 181|0x00000000eb500000, 0x00000000eb600000, 0x00000000eb600000|100%| E|CS|TAMS 0x00000000eb500000, 0x00000000eb500000| Complete 
| 182|0x00000000eb600000, 0x00000000eb700000, 0x00000000eb700000|100%| E|CS|TAMS 0x00000000eb600000, 0x00000000eb600000| Complete 
| 183|0x00000000eb700000, 0x00000000eb800000, 0x00000000eb800000|100%| E|CS|TAMS 0x00000000eb700000, 0x00000000eb700000| Complete 
| 184|0x00000000eb800000, 0x00000000eb8791b8, 0x00000000eb900000| 47%| S|CS|TAMS 0x00000000eb800000, 0x00000000eb800000| Complete 
| 185|0x00000000eb900000, 0x00000000eba00000, 0x00000000eba00000|100%| S|CS|TAMS 0x00000000eb900000, 0x00000000eb900000| Complete 
| 186|0x00000000eba00000, 0x00000000ebb00000, 0x00000000ebb00000|100%| S|CS|TAMS 0x00000000eba00000, 0x00000000eba00000| Complete 
| 187|0x00000000ebb00000, 0x00000000ebc00000, 0x00000000ebc00000|100%| S|CS|TAMS 0x00000000ebb00000, 0x00000000ebb00000| Complete 
| 188|0x00000000ebc00000, 0x00000000ebd00000, 0x00000000ebd00000|100%| S|CS|TAMS 0x00000000ebc00000, 0x00000000ebc00000| Complete 
| 189|0x00000000ebd00000, 0x00000000ebe00000, 0x00000000ebe00000|100%| S|CS|TAMS 0x00000000ebd00000, 0x00000000ebd00000| Complete 
| 190|0x00000000ebe00000, 0x00000000ebf00000, 0x00000000ebf00000|100%| S|CS|TAMS 0x00000000ebe00000, 0x00000000ebe00000| Complete 
| 191|0x00000000ebf00000, 0x00000000ec000000, 0x00000000ec000000|100%| E|CS|TAMS 0x00000000ebf00000, 0x00000000ebf00000| Complete 
| 192|0x00000000ec000000, 0x00000000ec100000, 0x00000000ec100000|100%| E|CS|TAMS 0x00000000ec000000, 0x00000000ec000000| Complete 
| 193|0x00000000ec100000, 0x00000000ec200000, 0x00000000ec200000|100%| E|CS|TAMS 0x00000000ec100000, 0x00000000ec100000| Complete 
| 194|0x00000000ec200000, 0x00000000ec300000, 0x00000000ec300000|100%| E|CS|TAMS 0x00000000ec200000, 0x00000000ec200000| Complete 
| 195|0x00000000ec300000, 0x00000000ec400000, 0x00000000ec400000|100%| E|CS|TAMS 0x00000000ec300000, 0x00000000ec300000| Complete 
| 196|0x00000000ec400000, 0x00000000ec500000, 0x00000000ec500000|100%| E|CS|TAMS 0x00000000ec400000, 0x00000000ec400000| Complete 
| 197|0x00000000ec500000, 0x00000000ec600000, 0x00000000ec600000|100%| E|CS|TAMS 0x00000000ec500000, 0x00000000ec500000| Complete 
| 198|0x00000000ec600000, 0x00000000ec700000, 0x00000000ec700000|100%| E|CS|TAMS 0x00000000ec600000, 0x00000000ec600000| Complete 
| 199|0x00000000ec700000, 0x00000000ec800000, 0x00000000ec800000|100%| E|CS|TAMS 0x00000000ec700000, 0x00000000ec700000| Complete 
| 200|0x00000000ec800000, 0x00000000ec900000, 0x00000000ec900000|100%| E|CS|TAMS 0x00000000ec800000, 0x00000000ec800000| Complete 
| 201|0x00000000ec900000, 0x00000000eca00000, 0x00000000eca00000|100%| E|CS|TAMS 0x00000000ec900000, 0x00000000ec900000| Complete 
| 202|0x00000000eca00000, 0x00000000ecb00000, 0x00000000ecb00000|100%| E|CS|TAMS 0x00000000eca00000, 0x00000000eca00000| Complete 
| 203|0x00000000ecb00000, 0x00000000ecc00000, 0x00000000ecc00000|100%| E|CS|TAMS 0x00000000ecb00000, 0x00000000ecb00000| Complete 
| 204|0x00000000ecc00000, 0x00000000ecd00000, 0x00000000ecd00000|100%| E|CS|TAMS 0x00000000ecc00000, 0x00000000ecc00000| Complete 
| 205|0x00000000ecd00000, 0x00000000ece00000, 0x00000000ece00000|100%| E|CS|TAMS 0x00000000ecd00000, 0x00000000ecd00000| Complete 
| 206|0x00000000ece00000, 0x00000000ecf00000, 0x00000000ecf00000|100%| E|CS|TAMS 0x00000000ece00000, 0x00000000ece00000| Complete 
| 207|0x00000000ecf00000, 0x00000000ed000000, 0x00000000ed000000|100%| E|CS|TAMS 0x00000000ecf00000, 0x00000000ecf00000| Complete 
| 208|0x00000000ed000000, 0x00000000ed100000, 0x00000000ed100000|100%| E|CS|TAMS 0x00000000ed000000, 0x00000000ed000000| Complete 
| 209|0x00000000ed100000, 0x00000000ed200000, 0x00000000ed200000|100%| E|CS|TAMS 0x00000000ed100000, 0x00000000ed100000| Complete 
| 210|0x00000000ed200000, 0x00000000ed300000, 0x00000000ed300000|100%| E|CS|TAMS 0x00000000ed200000, 0x00000000ed200000| Complete 
| 211|0x00000000ed300000, 0x00000000ed400000, 0x00000000ed400000|100%| E|CS|TAMS 0x00000000ed300000, 0x00000000ed300000| Complete 
| 212|0x00000000ed400000, 0x00000000ed500000, 0x00000000ed500000|100%| E|CS|TAMS 0x00000000ed400000, 0x00000000ed400000| Complete 
| 213|0x00000000ed500000, 0x00000000ed600000, 0x00000000ed600000|100%| E|CS|TAMS 0x00000000ed500000, 0x00000000ed500000| Complete 
| 214|0x00000000ed600000, 0x00000000ed700000, 0x00000000ed700000|100%| E|CS|TAMS 0x00000000ed600000, 0x00000000ed600000| Complete 
| 215|0x00000000ed700000, 0x00000000ed800000, 0x00000000ed800000|100%| E|CS|TAMS 0x00000000ed700000, 0x00000000ed700000| Complete 
| 216|0x00000000ed800000, 0x00000000ed900000, 0x00000000ed900000|100%| E|CS|TAMS 0x00000000ed800000, 0x00000000ed800000| Complete 
| 217|0x00000000ed900000, 0x00000000eda00000, 0x00000000eda00000|100%| E|CS|TAMS 0x00000000ed900000, 0x00000000ed900000| Complete 
| 218|0x00000000eda00000, 0x00000000edb00000, 0x00000000edb00000|100%| E|CS|TAMS 0x00000000eda00000, 0x00000000eda00000| Complete 
| 219|0x00000000edb00000, 0x00000000edc00000, 0x00000000edc00000|100%| E|CS|TAMS 0x00000000edb00000, 0x00000000edb00000| Complete 
| 220|0x00000000edc00000, 0x00000000edd00000, 0x00000000edd00000|100%| E|CS|TAMS 0x00000000edc00000, 0x00000000edc00000| Complete 
| 221|0x00000000edd00000, 0x00000000ede00000, 0x00000000ede00000|100%| E|CS|TAMS 0x00000000edd00000, 0x00000000edd00000| Complete 
| 222|0x00000000ede00000, 0x00000000edf00000, 0x00000000edf00000|100%| E|CS|TAMS 0x00000000ede00000, 0x00000000ede00000| Complete 
| 223|0x00000000edf00000, 0x00000000ee000000, 0x00000000ee000000|100%| E|CS|TAMS 0x00000000edf00000, 0x00000000edf00000| Complete 
| 224|0x00000000ee000000, 0x00000000ee100000, 0x00000000ee100000|100%| E|CS|TAMS 0x00000000ee000000, 0x00000000ee000000| Complete 
| 225|0x00000000ee100000, 0x00000000ee200000, 0x00000000ee200000|100%| E|CS|TAMS 0x00000000ee100000, 0x00000000ee100000| Complete 
| 226|0x00000000ee200000, 0x00000000ee300000, 0x00000000ee300000|100%| E|CS|TAMS 0x00000000ee200000, 0x00000000ee200000| Complete 
| 227|0x00000000ee300000, 0x00000000ee400000, 0x00000000ee400000|100%| E|CS|TAMS 0x00000000ee300000, 0x00000000ee300000| Complete 
| 228|0x00000000ee400000, 0x00000000ee500000, 0x00000000ee500000|100%| E|CS|TAMS 0x00000000ee400000, 0x00000000ee400000| Complete 
| 229|0x00000000ee500000, 0x00000000ee600000, 0x00000000ee600000|100%| E|CS|TAMS 0x00000000ee500000, 0x00000000ee500000| Complete 
| 230|0x00000000ee600000, 0x00000000ee700000, 0x00000000ee700000|100%| E|CS|TAMS 0x00000000ee600000, 0x00000000ee600000| Complete 
| 231|0x00000000ee700000, 0x00000000ee800000, 0x00000000ee800000|100%| E|CS|TAMS 0x00000000ee700000, 0x00000000ee700000| Complete 
| 232|0x00000000ee800000, 0x00000000ee900000, 0x00000000ee900000|100%| E|CS|TAMS 0x00000000ee800000, 0x00000000ee800000| Complete 
| 233|0x00000000ee900000, 0x00000000eea00000, 0x00000000eea00000|100%| E|CS|TAMS 0x00000000ee900000, 0x00000000ee900000| Complete 
| 234|0x00000000eea00000, 0x00000000eeb00000, 0x00000000eeb00000|100%| E|CS|TAMS 0x00000000eea00000, 0x00000000eea00000| Complete 
| 235|0x00000000eeb00000, 0x00000000eec00000, 0x00000000eec00000|100%| E|CS|TAMS 0x00000000eeb00000, 0x00000000eeb00000| Complete 
| 236|0x00000000eec00000, 0x00000000eed00000, 0x00000000eed00000|100%| E|CS|TAMS 0x00000000eec00000, 0x00000000eec00000| Complete 
| 237|0x00000000eed00000, 0x00000000eee00000, 0x00000000eee00000|100%| E|CS|TAMS 0x00000000eed00000, 0x00000000eed00000| Complete 
| 238|0x00000000eee00000, 0x00000000eef00000, 0x00000000eef00000|100%| E|CS|TAMS 0x00000000eee00000, 0x00000000eee00000| Complete 
| 239|0x00000000eef00000, 0x00000000ef000000, 0x00000000ef000000|100%| E|CS|TAMS 0x00000000eef00000, 0x00000000eef00000| Complete 
| 240|0x00000000ef000000, 0x00000000ef100000, 0x00000000ef100000|100%| E|CS|TAMS 0x00000000ef000000, 0x00000000ef000000| Complete 
| 241|0x00000000ef100000, 0x00000000ef200000, 0x00000000ef200000|100%| E|CS|TAMS 0x00000000ef100000, 0x00000000ef100000| Complete 
| 242|0x00000000ef200000, 0x00000000ef300000, 0x00000000ef300000|100%| E|CS|TAMS 0x00000000ef200000, 0x00000000ef200000| Complete 
| 243|0x00000000ef300000, 0x00000000ef400000, 0x00000000ef400000|100%| E|CS|TAMS 0x00000000ef300000, 0x00000000ef300000| Complete 
| 244|0x00000000ef400000, 0x00000000ef500000, 0x00000000ef500000|100%| E|CS|TAMS 0x00000000ef400000, 0x00000000ef400000| Complete 
| 245|0x00000000ef500000, 0x00000000ef600000, 0x00000000ef600000|100%| E|CS|TAMS 0x00000000ef500000, 0x00000000ef500000| Complete 
| 246|0x00000000ef600000, 0x00000000ef700000, 0x00000000ef700000|100%| E|CS|TAMS 0x00000000ef600000, 0x00000000ef600000| Complete 
| 247|0x00000000ef700000, 0x00000000ef800000, 0x00000000ef800000|100%| E|CS|TAMS 0x00000000ef700000, 0x00000000ef700000| Complete 
| 248|0x00000000ef800000, 0x00000000ef900000, 0x00000000ef900000|100%| E|CS|TAMS 0x00000000ef800000, 0x00000000ef800000| Complete 
| 249|0x00000000ef900000, 0x00000000efa00000, 0x00000000efa00000|100%| E|CS|TAMS 0x00000000ef900000, 0x00000000ef900000| Complete 
| 250|0x00000000efa00000, 0x00000000efb00000, 0x00000000efb00000|100%| E|CS|TAMS 0x00000000efa00000, 0x00000000efa00000| Complete 
| 251|0x00000000efb00000, 0x00000000efc00000, 0x00000000efc00000|100%| E|CS|TAMS 0x00000000efb00000, 0x00000000efb00000| Complete 
| 252|0x00000000efc00000, 0x00000000efd00000, 0x00000000efd00000|100%| E|CS|TAMS 0x00000000efc00000, 0x00000000efc00000| Complete 
| 253|0x00000000efd00000, 0x00000000efe00000, 0x00000000efe00000|100%| E|CS|TAMS 0x00000000efd00000, 0x00000000efd00000| Complete 
| 254|0x00000000efe00000, 0x00000000eff00000, 0x00000000eff00000|100%| E|CS|TAMS 0x00000000efe00000, 0x00000000efe00000| Complete 
| 255|0x00000000eff00000, 0x00000000f0000000, 0x00000000f0000000|100%| E|CS|TAMS 0x00000000eff00000, 0x00000000eff00000| Complete 

Card table byte_map: [0x0000017e231d0000,0x0000017e232d0000] _byte_map_base: 0x0000017e22ad0000

Marking Bits (Prev, Next): (CMBitMap*) 0x0000017e2340cba8, (CMBitMap*) 0x0000017e2340cbe0
 Prev Bits: [0x0000017e3abd0000, 0x0000017e3b3d0000)
 Next Bits: [0x0000017e3b3d0000, 0x0000017e3bbd0000)

Polling page: 0x0000017e21130000

Metaspace:

Usage:
  Non-class:     37.99 MB capacity,    37.42 MB ( 99%) used,   479.30 KB (  1%) free+waste,   100.25 KB ( <1%) overhead. 
      Class:      5.84 MB capacity,     5.47 MB ( 94%) used,   333.27 KB (  6%) free+waste,    47.81 KB ( <1%) overhead. 
       Both:     43.83 MB capacity,    42.89 MB ( 98%) used,   812.56 KB (  2%) free+waste,   148.06 KB ( <1%) overhead. 

Virtual space:
  Non-class space:       38.00 MB reserved,      38.00 MB (100%) committed 
      Class space:      248.00 MB reserved,       5.88 MB (  2%) committed 
             Both:      286.00 MB reserved,      43.88 MB ( 15%) committed 

Chunk freelists:
   Non-Class:  15.00 KB
       Class:  0 bytes
        Both:  15.00 KB

MaxMetaspaceSize: 256.00 MB
CompressedClassSpaceSize: 248.00 MB
Initial GC threshold: 20.80 MB
Current GC threshold: 58.54 MB
CDS: off

CodeHeap 'non-profiled nmethods': size=120064Kb used=2059Kb max_used=2059Kb free=118004Kb
 bounds [0x0000017e33590000, 0x0000017e33800000, 0x0000017e3aad0000]
CodeHeap 'profiled nmethods': size=120000Kb used=8138Kb max_used=8138Kb free=111861Kb
 bounds [0x0000017e2c060000, 0x0000017e2c860000, 0x0000017e33590000]
CodeHeap 'non-nmethods': size=5696Kb used=2279Kb max_used=2321Kb free=3417Kb
 bounds [0x0000017e2bad0000, 0x0000017e2bd40000, 0x0000017e2c060000]
 total_blobs=4566 nmethods=3797 adapters=681
 compilation: enabled
              stopped_count=0, restarted_count=0
 full_count=0

Compilation events (20 events):
Event: 33.659 Thread 0x0000017e3ea8f000 3780       3       java.lang.Long::stringSize (55 bytes)
Event: 33.659 Thread 0x0000017e3ea8f000 nmethod 3780 0x0000017e2c844b10 code [0x0000017e2c844cc0, 0x0000017e2c844f18]
Event: 33.659 Thread 0x0000017e3ea8f000 3781       3       java.lang.Long::getChars (208 bytes)
Event: 33.660 Thread 0x0000017e3ea8f000 nmethod 3781 0x0000017e2c845010 code [0x0000017e2c845220, 0x0000017e2c845858]
Event: 33.829 Thread 0x0000017e3ea8f000 3782       3       org.objectweb.asm.Type::getSize (86 bytes)
Event: 33.830 Thread 0x0000017e3ea8f000 nmethod 3782 0x0000017e2c845c10 code [0x0000017e2c845de0, 0x0000017e2c846148]
Event: 33.845 Thread 0x0000017e3ea8f000 3783       3       org.gradle.internal.instantiation.generator.AsmBackedClassGenerator$ClassBuilderImpl::applyConventionMappingToGetter (479 bytes)
Event: 33.849 Thread 0x0000017e3ea8f000 nmethod 3783 0x0000017e2c846210 code [0x0000017e2c846820, 0x0000017e2c8494e8]
Event: 33.849 Thread 0x0000017e3ea8f000 3784       3       org.gradle.internal.instantiation.generator.AsmBackedClassGenerator$ClassBuilderImpl::applyConventionMappingToProperty (34 bytes)
Event: 33.850 Thread 0x0000017e3ea8f000 nmethod 3784 0x0000017e2c84a590 code [0x0000017e2c84a7e0, 0x0000017e2c84ae68]
Event: 33.880 Thread 0x0000017e3ea8f000 3785       3       java.lang.Module::canRead (86 bytes)
Event: 33.883 Thread 0x0000017e3ea8f000 nmethod 3785 0x0000017e2c84b110 code [0x0000017e2c84b4e0, 0x0000017e2c84cf88]
Event: 33.903 Thread 0x0000017e3ea8f000 3790       3       com.google.common.collect.LinkedHashMultimap::createCollection (14 bytes)
Event: 33.904 Thread 0x0000017e3ea8f000 nmethod 3790 0x0000017e2c84d710 code [0x0000017e2c84d8c0, 0x0000017e2c84da68]
Event: 33.904 Thread 0x0000017e3ea8f000 3791       3       com.google.common.collect.Sets$ImprovedAbstractSet::<init> (5 bytes)
Event: 33.904 Thread 0x0000017e3ea8f000 nmethod 3791 0x0000017e2c84db10 code [0x0000017e2c84dce0, 0x0000017e2c84def8]
Event: 33.905 Thread 0x0000017e3ea8f000 3792       3       com.google.common.collect.ImmutableCollection$ArrayBasedBuilder::<init> (25 bytes)
Event: 33.906 Thread 0x0000017e3ea8f000 nmethod 3792 0x0000017e2c84e010 code [0x0000017e2c84e1e0, 0x0000017e2c84e4e8]
Event: 33.906 Thread 0x0000017e3ea8f000 3793       3       com.google.common.collect.ImmutableCollection$Builder::<init> (5 bytes)
Event: 33.906 Thread 0x0000017e3ea8f000 nmethod 3793 0x0000017e2c84e610 code [0x0000017e2c84e7c0, 0x0000017e2c84e918]

GC Heap History (14 events):
Event: 2.542 GC heap before
{Heap before GC invocations=0 (full 0):
 garbage-first heap   total 262144K, used 16384K [0x00000000e0000000, 0x0000000100000000)
  region size 1024K, 14 young (14336K), 0 survivors (0K)
 Metaspace       used 6747K, capacity 6937K, committed 7168K, reserved 262144K
  class space    used 582K, capacity 650K, committed 768K, reserved 253952K
}
Event: 2.550 GC heap after
{Heap after GC invocations=1 (full 0):
 garbage-first heap   total 262144K, used 4465K [0x00000000e0000000, 0x0000000100000000)
  region size 1024K, 2 young (2048K), 2 survivors (2048K)
 Metaspace       used 6747K, capacity 6937K, committed 7168K, reserved 262144K
  class space    used 582K, capacity 650K, committed 768K, reserved 253952K
}
Event: 3.508 GC heap before
{Heap before GC invocations=1 (full 0):
 garbage-first heap   total 262144K, used 18801K [0x00000000e0000000, 0x0000000100000000)
  region size 1024K, 13 young (13312K), 2 survivors (2048K)
 Metaspace       used 10173K, capacity 10498K, committed 10624K, reserved 264192K
  class space    used 1058K, capacity 1138K, committed 1152K, reserved 253952K
}
Event: 3.516 GC heap after
{Heap after GC invocations=2 (full 0):
 garbage-first heap   total 262144K, used 9614K [0x00000000e0000000, 0x0000000100000000)
  region size 1024K, 2 young (2048K), 2 survivors (2048K)
 Metaspace       used 10173K, capacity 10498K, committed 10624K, reserved 264192K
  class space    used 1058K, capacity 1138K, committed 1152K, reserved 253952K
}
Event: 5.282 GC heap before
{Heap before GC invocations=2 (full 0):
 garbage-first heap   total 262144K, used 39310K [0x00000000e0000000, 0x0000000100000000)
  region size 1024K, 30 young (30720K), 2 survivors (2048K)
 Metaspace       used 11135K, capacity 11451K, committed 11520K, reserved 264192K
  class space    used 1161K, capacity 1242K, committed 1280K, reserved 253952K
}
Event: 5.287 GC heap after
{Heap after GC invocations=3 (full 0):
 garbage-first heap   total 262144K, used 12526K [0x00000000e0000000, 0x0000000100000000)
  region size 1024K, 4 young (4096K), 4 survivors (4096K)
 Metaspace       used 11135K, capacity 11451K, committed 11520K, reserved 264192K
  class space    used 1161K, capacity 1242K, committed 1280K, reserved 253952K
}
Event: 17.744 GC heap before
{Heap before GC invocations=3 (full 0):
 garbage-first heap   total 262144K, used 53486K [0x00000000e0000000, 0x0000000100000000)
  region size 1024K, 45 young (46080K), 4 survivors (4096K)
 Metaspace       used 17338K, capacity 17807K, committed 18048K, reserved 270336K
  class space    used 2023K, capacity 2153K, committed 2176K, reserved 253952K
}
Event: 17.755 GC heap after
{Heap after GC invocations=4 (full 0):
 garbage-first heap   total 262144K, used 15795K [0x00000000e0000000, 0x0000000100000000)
  region size 1024K, 6 young (6144K), 6 survivors (6144K)
 Metaspace       used 17338K, capacity 17807K, committed 18048K, reserved 270336K
  class space    used 2023K, capacity 2153K, committed 2176K, reserved 253952K
}
Event: 19.391 GC heap before
{Heap before GC invocations=4 (full 0):
 garbage-first heap   total 262144K, used 42419K [0x00000000e0000000, 0x0000000100000000)
  region size 1024K, 33 young (33792K), 6 survivors (6144K)
 Metaspace       used 20546K, capacity 21097K, committed 21248K, reserved 272384K
  class space    used 2507K, capacity 2700K, committed 2816K, reserved 253952K
}
Event: 19.404 GC heap after
{Heap after GC invocations=5 (full 0):
 garbage-first heap   total 262144K, used 17251K [0x00000000e0000000, 0x0000000100000000)
  region size 1024K, 6 young (6144K), 6 survivors (6144K)
 Metaspace       used 20546K, capacity 21097K, committed 21248K, reserved 272384K
  class space    used 2507K, capacity 2700K, committed 2816K, reserved 253952K
}
Event: 22.384 GC heap before
{Heap before GC invocations=6 (full 0):
 garbage-first heap   total 262144K, used 69475K [0x00000000e0000000, 0x0000000100000000)
  region size 1024K, 57 young (58368K), 6 survivors (6144K)
 Metaspace       used 25742K, capacity 26414K, committed 26624K, reserved 278528K
  class space    used 3353K, capacity 3583K, committed 3584K, reserved 253952K
}
Event: 22.397 GC heap after
{Heap after GC invocations=7 (full 0):
 garbage-first heap   total 262144K, used 18954K [0x00000000e0000000, 0x0000000100000000)
  region size 1024K, 4 young (4096K), 4 survivors (4096K)
 Metaspace       used 25742K, capacity 26414K, committed 26624K, reserved 278528K
  class space    used 3353K, capacity 3583K, committed 3584K, reserved 253952K
}
Event: 28.169 GC heap before
{Heap before GC invocations=7 (full 0):
 garbage-first heap   total 262144K, used 80394K [0x00000000e0000000, 0x0000000100000000)
  region size 1024K, 65 young (66560K), 4 survivors (4096K)
 Metaspace       used 34997K, capacity 35800K, committed 35840K, reserved 286720K
  class space    used 4560K, capacity 4842K, committed 4864K, reserved 253952K
}
Event: 28.192 GC heap after
{Heap after GC invocations=8 (full 0):
 garbage-first heap   total 262144K, used 22311K [0x00000000e0000000, 0x0000000100000000)
  region size 1024K, 7 young (7168K), 7 survivors (7168K)
 Metaspace       used 34997K, capacity 35800K, committed 35840K, reserved 286720K
  class space    used 4560K, capacity 4842K, committed 4864K, reserved 253952K
}

Deoptimization events (20 events):
Event: 33.228 Thread 0x0000017e40023800 Uncommon trap: trap_request=0xffffffc6 fr.pc=0x0000017e336b3698 relative=0x0000000000000238
Event: 33.228 Thread 0x0000017e40023800 Uncommon trap: reason=bimorphic_or_optimized_type_check action=maybe_recompile pc=0x0000017e336b3698 method=com.google.common.base.CharMatcher.indexIn(Ljava/lang/CharSequence;I)I @ 31 c2
Event: 33.228 Thread 0x0000017e40023800 DEOPT PACKING pc=0x0000017e336b3698 sp=0x00000049d49f85f0
Event: 33.228 Thread 0x0000017e40023800 DEOPT UNPACKING pc=0x0000017e2bb1a1af sp=0x00000049d49f8598 mode 2
Event: 33.239 Thread 0x0000017e40023800 Uncommon trap: trap_request=0xffffffc6 fr.pc=0x0000017e336b3698 relative=0x0000000000000238
Event: 33.239 Thread 0x0000017e40023800 Uncommon trap: reason=bimorphic_or_optimized_type_check action=maybe_recompile pc=0x0000017e336b3698 method=com.google.common.base.CharMatcher.indexIn(Ljava/lang/CharSequence;I)I @ 31 c2
Event: 33.239 Thread 0x0000017e40023800 DEOPT PACKING pc=0x0000017e336b3698 sp=0x00000049d49f85f0
Event: 33.239 Thread 0x0000017e40023800 DEOPT UNPACKING pc=0x0000017e2bb1a1af sp=0x00000049d49f8598 mode 2
Event: 33.239 Thread 0x0000017e40023800 Uncommon trap: trap_request=0xffffffc6 fr.pc=0x0000017e336b3698 relative=0x0000000000000238
Event: 33.239 Thread 0x0000017e40023800 Uncommon trap: reason=bimorphic_or_optimized_type_check action=maybe_recompile pc=0x0000017e336b3698 method=com.google.common.base.CharMatcher.indexIn(Ljava/lang/CharSequence;I)I @ 31 c2
Event: 33.239 Thread 0x0000017e40023800 DEOPT PACKING pc=0x0000017e336b3698 sp=0x00000049d49f8600
Event: 33.239 Thread 0x0000017e40023800 DEOPT UNPACKING pc=0x0000017e2bb1a1af sp=0x00000049d49f85a8 mode 2
Event: 33.280 Thread 0x0000017e40023800 Uncommon trap: trap_request=0xffffffc6 fr.pc=0x0000017e336b3698 relative=0x0000000000000238
Event: 33.280 Thread 0x0000017e40023800 Uncommon trap: reason=bimorphic_or_optimized_type_check action=maybe_recompile pc=0x0000017e336b3698 method=com.google.common.base.CharMatcher.indexIn(Ljava/lang/CharSequence;I)I @ 31 c2
Event: 33.280 Thread 0x0000017e40023800 DEOPT PACKING pc=0x0000017e336b3698 sp=0x00000049d49fa090
Event: 33.280 Thread 0x0000017e40023800 DEOPT UNPACKING pc=0x0000017e2bb1a1af sp=0x00000049d49fa038 mode 2
Event: 33.643 Thread 0x0000017e40023800 Uncommon trap: trap_request=0xffffff4d fr.pc=0x0000017e335eee80 relative=0x00000000000001c0
Event: 33.643 Thread 0x0000017e40023800 Uncommon trap: reason=unstable_if action=reinterpret pc=0x0000017e335eee80 method=java.net.URI$Parser.scan(IILjava/lang/String;)I @ 26 c2
Event: 33.643 Thread 0x0000017e40023800 DEOPT PACKING pc=0x0000017e335eee80 sp=0x00000049d49f93d0
Event: 33.643 Thread 0x0000017e40023800 DEOPT UNPACKING pc=0x0000017e2bb1a1af sp=0x00000049d49f9360 mode 2

Classes redefined (0 events):
No events

Internal exceptions (20 events):
Event: 31.607 Thread 0x0000017e40023800 Exception <a 'java/lang/ClassNotFoundException'{0x00000000ed391980}: org/gradle/initialization/DefaultSettingsCustomizer> (0x00000000ed391980) thrown at [./src/hotspot/share/classfile/systemDictionary.cpp, line 231]
Event: 31.613 Thread 0x0000017e40023800 Exception <a 'java/lang/ClassNotFoundException'{0x00000000ed3e56e8}: org/gradle/initialization/DefaultSettings_DecoratedCustomizer> (0x00000000ed3e56e8) thrown at [./src/hotspot/share/classfile/systemDictionary.cpp, line 231]
Event: 31.631 Thread 0x0000017e40023800 Exception <a 'java/lang/ClassNotFoundException'{0x00000000ed2781e8}: org/gradle/initialization/DefaultProjectDescriptorBeanInfo> (0x00000000ed2781e8) thrown at [./src/hotspot/share/classfile/systemDictionary.cpp, line 231]
Event: 31.633 Thread 0x0000017e40023800 Exception <a 'java/lang/ClassNotFoundException'{0x00000000ed29dda8}: org/gradle/initialization/DefaultProjectDescriptorCustomizer> (0x00000000ed29dda8) thrown at [./src/hotspot/share/classfile/systemDictionary.cpp, line 231]
Event: 31.698 Thread 0x0000017e40023800 Implicit null exception at 0x0000017e336d9f6c to 0x0000017e336da014
Event: 31.763 Thread 0x0000017e40023800 Exception <a 'java/lang/NoSuchMethodError'{0x00000000ed04e128}: 'int java.lang.invoke.DirectMethodHandle$Holder.invokeVirtual(java.lang.Object, java.lang.Object)'> (0x00000000ed04e128) thrown at [./src/hotspot/share/interpreter/linkResolver.cpp, line 773]
Event: 32.602 Thread 0x0000017e40023800 Implicit null exception at 0x0000017e3366faf4 to 0x0000017e3366fd04
Event: 32.602 Thread 0x0000017e40023800 Implicit null exception at 0x0000017e335d4578 to 0x0000017e335d460a
Event: 33.184 Thread 0x0000017e40023800 Exception <a 'java/lang/ClassNotFoundException'{0x00000000eafc2448}: build_2yi7saoqafuu39d9pp0slb8soBeanInfo> (0x00000000eafc2448) thrown at [./src/hotspot/share/classfile/systemDictionary.cpp, line 231]
Event: 33.184 Thread 0x0000017e40023800 Exception <a 'java/lang/ClassNotFoundException'{0x00000000eafd83f0}: org/gradle/api/internal/project/ProjectScriptBeanInfo> (0x00000000eafd83f0) thrown at [./src/hotspot/share/classfile/systemDictionary.cpp, line 231]
Event: 33.185 Thread 0x0000017e40023800 Exception <a 'java/lang/ClassNotFoundException'{0x00000000eafee568}: org/gradle/api/internal/project/ProjectScriptCustomizer> (0x00000000eafee568) thrown at [./src/hotspot/share/classfile/systemDictionary.cpp, line 231]
Event: 33.188 Thread 0x0000017e40023800 Exception <a 'java/lang/ClassNotFoundException'{0x00000000eae09f30}: build_2yi7saoqafuu39d9pp0slb8soCustomizer> (0x00000000eae09f30) thrown at [./src/hotspot/share/classfile/systemDictionary.cpp, line 231]
Event: 33.214 Thread 0x0000017e40023800 Exception <a 'java/lang/ClassNotFoundException'{0x00000000eae93478}: org/gradle/internal/metaobject/ConfigureDelegateBeanInfo> (0x00000000eae93478) thrown at [./src/hotspot/share/classfile/systemDictionary.cpp, line 231]
Event: 33.215 Thread 0x0000017e40023800 Exception <a 'java/lang/ClassNotFoundException'{0x00000000eaeb8628}: org/gradle/internal/metaobject/ConfigureDelegateCustomizer> (0x00000000eaeb8628) thrown at [./src/hotspot/share/classfile/systemDictionary.cpp, line 231]
Event: 33.222 Thread 0x0000017e40023800 Exception <a 'java/lang/ClassNotFoundException'{0x00000000ead0f970}: org/gradle/plugin/use/internal/PluginRequestCollector$PluginDependenciesSpecImplBeanInfo> (0x00000000ead0f970) thrown at [./src/hotspot/share/classfile/systemDictionary.cpp, line 231]
Event: 33.224 Thread 0x0000017e40023800 Exception <a 'java/lang/ClassNotFoundException'{0x00000000ead3dab0}: org/gradle/plugin/use/internal/PluginRequestCollector$PluginDependenciesSpecImplCustomizer> (0x00000000ead3dab0) thrown at [./src/hotspot/share/classfile/systemDictionary.cpp, line 231]
Event: 33.232 Thread 0x0000017e40023800 Exception <a 'java/lang/ClassNotFoundException'{0x00000000ead9c978}: org/gradle/plugin/use/internal/PluginRequestCollector$PluginDependencySpecImplBeanInfo> (0x00000000ead9c978) thrown at [./src/hotspot/share/classfile/systemDictionary.cpp, line 231]
Event: 33.234 Thread 0x0000017e40023800 Exception <a 'java/lang/ClassNotFoundException'{0x00000000eadc9200}: org/gradle/plugin/use/internal/PluginRequestCollector$PluginDependencySpecImplCustomizer> (0x00000000eadc9200) thrown at [./src/hotspot/share/classfile/systemDictionary.cpp, line 231]
Event: 33.413 Thread 0x0000017e40023800 Exception <a 'java/lang/NoSuchMethodError'{0x00000000ea9c9220}: 'void java.lang.invoke.DirectMethodHandle$Holder.invokeInterface(java.lang.Object, java.lang.Object)'> (0x00000000ea9c9220) thrown at [./src/hotspot/share/interpreter/linkResolver.cpp, line 773]
Event: 33.884 Thread 0x0000017e40023800 Exception <a 'java/lang/NoSuchMethodError'{0x00000000e9e8b008}: 'java.lang.Object java.lang.invoke.DirectMethodHandle$Holder.invokeStatic(java.lang.Object, int, java.lang.Object)'> (0x00000000e9e8b008) thrown at [./src/hotspot/share/interpreter/linkResolver.cpp, line 773]

Events (20 events):
Event: 33.897 loading class org/gradle/api/artifacts/result/ComponentSelectionReason
Event: 33.897 loading class org/gradle/api/artifacts/result/ComponentSelectionReason done
Event: 33.898 loading class org/gradle/api/internal/artifacts/ivyservice/resolveengine/result/DefaultComponentSelectionDescriptor
Event: 33.898 loading class org/gradle/api/internal/artifacts/ivyservice/resolveengine/result/DefaultComponentSelectionDescriptor done
Event: 33.899 loading class org/gradle/api/artifacts/result/ComponentSelectionCause
Event: 33.899 loading class org/gradle/api/artifacts/result/ComponentSelectionCause done
Event: 33.907 loading class org/gradle/api/internal/artifacts/ivyservice/resolveengine/artifact/DefaultResolvedArtifactsBuilder
Event: 33.907 loading class org/gradle/api/internal/artifacts/ivyservice/resolveengine/artifact/DefaultResolvedArtifactsBuilder done
Event: 33.908 loading class org/gradle/api/internal/artifacts/ivyservice/resolveengine/artifact/VisitedArtifactsResults
Event: 33.908 loading class org/gradle/api/internal/artifacts/ivyservice/resolveengine/artifact/VisitedArtifactsResults done
Event: 33.910 loading class org/gradle/api/internal/artifacts/ivyservice/resolveengine/artifact/ArtifactSet
Event: 33.910 loading class org/gradle/api/internal/artifacts/ivyservice/resolveengine/artifact/ArtifactSet done
Event: 33.912 loading class org/gradle/api/internal/artifacts/ivyservice/resolveengine/result/FileDependencyCollectingGraphVisitor
Event: 33.912 loading class org/gradle/api/internal/artifacts/ivyservice/resolveengine/result/FileDependencyCollectingGraphVisitor done
Event: 33.913 loading class org/gradle/api/internal/artifacts/ivyservice/resolveengine/artifact/VisitedFileDependencyResults
Event: 33.913 loading class org/gradle/api/internal/artifacts/ivyservice/resolveengine/artifact/VisitedFileDependencyResults done
Event: 33.914 loading class org/gradle/api/internal/artifacts/ivyservice/resolveengine/oldresult/ResolutionFailureCollector
Event: 33.914 loading class org/gradle/api/internal/artifacts/ivyservice/resolveengine/oldresult/ResolutionFailureCollector done
Event: 33.916 loading class org/gradle/api/internal/artifacts/ivyservice/resolveengine/graph/CompositeDependencyGraphVisitor
Event: 33.916 loading class org/gradle/api/internal/artifacts/ivyservice/resolveengine/graph/CompositeDependencyGraphVisitor done


Dynamic libraries:
0x00007ff6abc40000 - 0x00007ff6abc4d000 	C:\Users\wagner.prado\.jdks\corretto-11.0.12\bin\java.exe
0x00007ffd8c8d0000 - 0x00007ffd8cac5000 	C:\WINDOWS\SYSTEM32\ntdll.dll
0x00007ffd8c490000 - 0x00007ffd8c54d000 	C:\WINDOWS\System32\KERNEL32.DLL
0x00007ffd8a160000 - 0x00007ffd8a429000 	C:\WINDOWS\System32\KERNELBASE.dll
0x00007ffd8a830000 - 0x00007ffd8a930000 	C:\WINDOWS\System32\ucrtbase.dll
0x00007ffd82e60000 - 0x00007ffd82e77000 	C:\Users\wagner.prado\.jdks\corretto-11.0.12\bin\jli.dll
0x00007ffd8bf10000 - 0x00007ffd8c0b0000 	C:\WINDOWS\System32\USER32.dll
0x00007ffd8a530000 - 0x00007ffd8a552000 	C:\WINDOWS\System32\win32u.dll
0x00007ffd8a9f0000 - 0x00007ffd8aa1a000 	C:\WINDOWS\System32\GDI32.dll
0x00007ffd8a560000 - 0x00007ffd8a66b000 	C:\WINDOWS\System32\gdi32full.dll
0x00007ffd8a670000 - 0x00007ffd8a70d000 	C:\WINDOWS\System32\msvcp_win.dll
0x00007ffd75db0000 - 0x00007ffd75dc9000 	C:\Users\wagner.prado\.jdks\corretto-11.0.12\bin\VCRUNTIME140.dll
0x00007ffd779d0000 - 0x00007ffd77c6a000 	C:\WINDOWS\WinSxS\amd64_microsoft.windows.common-controls_6595b64144ccf1df_6.0.19041.1110_none_60b5254171f9507e\COMCTL32.dll
0x00007ffd8c6e0000 - 0x00007ffd8c77e000 	C:\WINDOWS\System32\msvcrt.dll
0x00007ffd8b690000 - 0x00007ffd8b6c0000 	C:\WINDOWS\System32\IMM32.DLL
0x00007ffd54540000 - 0x00007ffd54655000 	C:\Program Files\Topaz OFD\Warsaw\wslbscr64.dll
0x00007ffd8c0b0000 - 0x00007ffd8c15c000 	C:\WINDOWS\System32\ADVAPI32.dll
0x00007ffd8b870000 - 0x00007ffd8b90b000 	C:\WINDOWS\System32\sechost.dll
0x00007ffd8c5b0000 - 0x00007ffd8c6da000 	C:\WINDOWS\System32\RPCRT4.dll
0x00007ffd8aa20000 - 0x00007ffd8b15f000 	C:\WINDOWS\System32\SHELL32.dll
0x00007ffd88cd0000 - 0x00007ffd88d03000 	C:\WINDOWS\SYSTEM32\ntmarta.dll
0x00007ffd6b1c0000 - 0x00007ffd6b2b3000 	C:\Program Files\Topaz OFD\Warsaw\wslbscrwh64.dll
0x00007ffd71140000 - 0x00007ffd711db000 	C:\Users\wagner.prado\.jdks\corretto-11.0.12\bin\msvcp140.dll
0x00007ffd33400000 - 0x00007ffd33f5a000 	C:\Users\wagner.prado\.jdks\corretto-11.0.12\bin\server\jvm.dll
0x00007ffd8ba80000 - 0x00007ffd8ba88000 	C:\WINDOWS\System32\PSAPI.DLL
0x00007ffd789c0000 - 0x00007ffd789c9000 	C:\WINDOWS\SYSTEM32\WSOCK32.dll
0x00007ffd8b800000 - 0x00007ffd8b86b000 	C:\WINDOWS\System32\WS2_32.dll
0x00007ffd7c400000 - 0x00007ffd7c427000 	C:\WINDOWS\SYSTEM32\WINMM.dll
0x00007ffd81500000 - 0x00007ffd8150a000 	C:\WINDOWS\SYSTEM32\VERSION.dll
0x00007ffd87f10000 - 0x00007ffd87f22000 	C:\WINDOWS\SYSTEM32\kernel.appcore.dll
0x00007ffd85af0000 - 0x00007ffd85b00000 	C:\Users\wagner.prado\.jdks\corretto-11.0.12\bin\verify.dll
0x00007ffd7b250000 - 0x00007ffd7b434000 	C:\WINDOWS\SYSTEM32\DBGHELP.DLL
0x00007ffd78c70000 - 0x00007ffd78c9c000 	C:\WINDOWS\SYSTEM32\dbgcore.DLL
0x0000017e21260000 - 0x0000017e212e3000 	C:\WINDOWS\System32\bcryptPrimitives.dll
0x00007ffd72e60000 - 0x00007ffd72e88000 	C:\Users\wagner.prado\.jdks\corretto-11.0.12\bin\java.dll
0x00007ffd7ee40000 - 0x00007ffd7ee4a000 	C:\Users\wagner.prado\.jdks\corretto-11.0.12\bin\jimage.dll
0x00007ffd72db0000 - 0x00007ffd72dc7000 	C:\Users\wagner.prado\.jdks\corretto-11.0.12\bin\zip.dll
0x00007ffd88110000 - 0x00007ffd888a0000 	C:\WINDOWS\SYSTEM32\windows.storage.dll
0x00007ffd8b330000 - 0x00007ffd8b685000 	C:\WINDOWS\System32\combase.dll
0x00007ffd89a60000 - 0x00007ffd89a8c000 	C:\WINDOWS\SYSTEM32\Wldp.dll
0x00007ffd8a940000 - 0x00007ffd8a9ee000 	C:\WINDOWS\System32\SHCORE.dll
0x0000017e23300000 - 0x0000017e23355000 	C:\WINDOWS\System32\shlwapi.dll
0x00007ffd89f40000 - 0x00007ffd89f5f000 	C:\WINDOWS\SYSTEM32\profapi.dll
0x00007ffd72d90000 - 0x00007ffd72da9000 	C:\Users\wagner.prado\.jdks\corretto-11.0.12\bin\net.dll
0x00007ffd81ad0000 - 0x00007ffd81bd8000 	C:\WINDOWS\SYSTEM32\WINHTTP.dll
0x00007ffd897c0000 - 0x00007ffd8982a000 	C:\WINDOWS\system32\mswsock.dll
0x00007ffd72d10000 - 0x00007ffd72d22000 	C:\Users\wagner.prado\.jdks\corretto-11.0.12\bin\nio.dll
0x00007ffd76120000 - 0x00007ffd76147000 	C:\Users\wagner.prado\.gradle\native\8bec1ad78214c89d9ad589b4d07fe93259594b29d510b10fafb7a158f7737e5d\windows-amd64\native-platform.dll
0x00007ffd54320000 - 0x00007ffd5445d000 	C:\Users\wagner.prado\.gradle\native\53dbd7edfb1c66fb8903c78663c9afc45aea4f116125fa6feffd364cf09443e8\windows-amd64\native-platform-file-events.dll
0x00007ffd7eb60000 - 0x00007ffd7eb69000 	C:\Users\wagner.prado\.jdks\corretto-11.0.12\bin\management.dll
0x00007ffd788a0000 - 0x00007ffd788ab000 	C:\Users\wagner.prado\.jdks\corretto-11.0.12\bin\management_ext.dll
0x00007ffd899b0000 - 0x00007ffd899c8000 	C:\WINDOWS\SYSTEM32\CRYPTSP.dll
0x00007ffd890d0000 - 0x00007ffd89104000 	C:\WINDOWS\system32\rsaenh.dll
0x00007ffd8a800000 - 0x00007ffd8a827000 	C:\WINDOWS\System32\bcrypt.dll
0x00007ffd89ec0000 - 0x00007ffd89eee000 	C:\WINDOWS\SYSTEM32\USERENV.dll
0x00007ffd8a000000 - 0x00007ffd8a15f000 	C:\WINDOWS\System32\CRYPT32.dll
0x00007ffd89e00000 - 0x00007ffd89e0a000 	C:\WINDOWS\SYSTEM32\DPAPI.dll
0x00007ffd899d0000 - 0x00007ffd899dc000 	C:\WINDOWS\SYSTEM32\CRYPTBASE.dll
0x00007ffd89460000 - 0x00007ffd8949b000 	C:\WINDOWS\SYSTEM32\IPHLPAPI.DLL
0x00007ffd8a930000 - 0x00007ffd8a938000 	C:\WINDOWS\System32\NSI.dll
0x00007ffd85210000 - 0x00007ffd85227000 	C:\WINDOWS\SYSTEM32\dhcpcsvc6.DLL
0x00007ffd851e0000 - 0x00007ffd851fd000 	C:\WINDOWS\SYSTEM32\dhcpcsvc.DLL
0x00007ffd894a0000 - 0x00007ffd8956c000 	C:\WINDOWS\SYSTEM32\DNSAPI.dll

dbghelp: loaded successfully - version: 4.0.5 - missing functions: none
symbol engine: initialized successfully - sym options: 0x614 - pdb path: .;C:\Users\wagner.prado\.jdks\corretto-11.0.12\bin;C:\WINDOWS\SYSTEM32;C:\WINDOWS\WinSxS\amd64_microsoft.windows.common-controls_6595b64144ccf1df_6.0.19041.1110_none_60b5254171f9507e;C:\Program Files\Topaz OFD\Warsaw;C:\Users\wagner.prado\.jdks\corretto-11.0.12\bin\server;C:\Users\wagner.prado\.gradle\native\8bec1ad78214c89d9ad589b4d07fe93259594b29d510b10fafb7a158f7737e5d\windows-amd64;C:\Users\wagner.prado\.gradle\native\53dbd7edfb1c66fb8903c78663c9afc45aea4f116125fa6feffd364cf09443e8\windows-amd64

VM Arguments:
jvm_args: --add-opens=java.base/java.util=ALL-UNNAMED --add-opens=java.base/java.lang=ALL-UNNAMED --add-opens=java.base/java.lang.invoke=ALL-UNNAMED --add-opens=java.base/java.util=ALL-UNNAMED --add-opens=java.prefs/java.util.prefs=ALL-UNNAMED --add-opens=java.prefs/java.util.prefs=ALL-UNNAMED --add-opens=java.base/java.nio.charset=ALL-UNNAMED --add-opens=java.base/java.net=ALL-UNNAMED --add-opens=java.base/java.util.concurrent.atomic=ALL-UNNAMED -XX:MaxMetaspaceSize=256m -XX:+HeapDumpOnOutOfMemoryError -Xms256m -Xmx512m -Dfile.encoding=windows-1252 -Duser.country=BR -Duser.language=pt -Duser.variant 
java_command: org.gradle.launcher.daemon.bootstrap.GradleDaemon 7.1.1
java_class_path (initial): C:\Users\wagner.prado\.gradle\wrapper\dists\gradle-7.1.1-bin\f29rtwfnc96ub43tt7p47zsru\gradle-7.1.1\lib\gradle-launcher-7.1.1.jar
Launcher Type: SUN_STANDARD

[Global flags]
     intx CICompilerCount                          = 3                                         {product} {ergonomic}
   size_t CompressedClassSpaceSize                 = 260046848                                 {product} {ergonomic}
     uint ConcGCThreads                            = 1                                         {product} {ergonomic}
     uint G1ConcRefinementThreads                  = 4                                         {product} {ergonomic}
   size_t G1HeapRegionSize                         = 1048576                                   {product} {ergonomic}
    uintx GCDrainStackTargetSize                   = 64                                        {product} {ergonomic}
     bool HeapDumpOnOutOfMemoryError               = true                                   {manageable} {command line}
   size_t InitialHeapSize                          = 268435456                                 {product} {command line}
   size_t MarkStackSize                            = 4194304                                   {product} {ergonomic}
   size_t MaxHeapSize                              = 536870912                                 {product} {command line}
   size_t MaxMetaspaceSize                         = 268435456                                 {product} {command line}
   size_t MaxNewSize                               = 321912832                                 {product} {ergonomic}
   size_t MinHeapDeltaBytes                        = 1048576                                   {product} {ergonomic}
    uintx NonNMethodCodeHeapSize                   = 5830732                                {pd product} {ergonomic}
    uintx NonProfiledCodeHeapSize                  = 122913754                              {pd product} {ergonomic}
    uintx ProfiledCodeHeapSize                     = 122913754                              {pd product} {ergonomic}
    uintx ReservedCodeCacheSize                    = 251658240                              {pd product} {ergonomic}
     bool SegmentedCodeCache                       = true                                      {product} {ergonomic}
     bool UseCompressedClassPointers               = true                                 {lp64_product} {ergonomic}
     bool UseCompressedOops                        = true                                 {lp64_product} {ergonomic}
     bool UseG1GC                                  = true                                      {product} {ergonomic}
     bool UseLargePagesIndividualAllocation        = false                                  {pd product} {ergonomic}

Logging:
Log output configuration:
 #0: stdout all=warning uptime,level,tags
 #1: stderr all=off uptime,level,tags

Environment Variables:
JAVA_HOME=C:\Users\wagner.prado\.jdks\corretto-11.0.12
PATH=C:\oracle\product\10.2.0\client_3;C:\Program Files (x86)\Common Files\Oracle\Java\javapath;C:\ProgramData\Oracle\Java\javapath;C:\WINDOWS\system32;C:\WINDOWS;C:\WINDOWS\System32\Wbem;C:\WINDOWS\System32\WindowsPowerShell\v1.0\;C:\WINDOWS\System32\OpenSSH\;C:\Users\teste\Downloads.\scrcpy-win32-v1.16;C:\Program Files (x86)\ClockworkMod\Universal Adb Driver\;C:\Users\wagner.prado\.jdks\corretto-11.0.12\bin;C:\Program Files\Git\cmd;C:\Users\wagner.prado\AppData\Local\Microsoft\WindowsApps;
USERNAME=wagner.prado
OS=Windows_NT
PROCESSOR_IDENTIFIER=Intel64 Family 6 Model 42 Stepping 7, GenuineIntel



---------------  S Y S T E M  ---------------

OS: Windows 10 , 64 bit Build 19041 (10.0.19041.1151)
OS uptime: 7 days 17:24 hours

CPU:total 4 (initial active 4) (2 cores per cpu, 2 threads per core) family 6 model 42 stepping 7 microcode 0x2f, cmov, cx8, fxsr, mmx, sse, sse2, sse3, ssse3, sse4.1, sse4.2, popcnt, avx, clmul, ht, tsc, tscinvbit

Memory: 4k page, system-wide physical 6051M (378M free)
TotalPageFile size 11075M (AvailPageFile size 5M)
current process WorkingSet (physical memory assigned to process): 281M, peak: 281M
current process commit charge ("private bytes"): 445M, peak: 448M

vm_info: OpenJDK 64-Bit Server VM (11.0.12+7-LTS) for windows-amd64 JRE (11.0.12+7-LTS), built on Jul 13 2021 17:58:36 by "Administrator" with unknown MS VC++:1916

END.
