#
# There is insufficient memory for the Java Runtime Environment to continue.
# Native memory allocation (malloc) failed to allocate 32744 bytes for ChunkPool::allocate
# Possible reasons:
#   The system is out of physical RAM or swap space
#   In 32 bit mode, the process size limit was hit
# Possible solutions:
#   Reduce memory load on the system
#   Increase physical memory or swap space
#   Check if swap backing store is full
#   Use 64 bit Java on a 64 bit OS
#   Decrease Java heap size (-Xmx/-Xms)
#   Decrease number of Java threads
#   Decrease Java thread stack sizes (-Xss)
#   Set larger code cache with -XX:ReservedCodeCacheSize=
# This output file may be truncated or incomplete.
#
#  Out of Memory Error (allocation.cpp:273), pid=12928, tid=9728
#
# JRE version: Java(TM) SE Runtime Environment (8.0_77-b03) (build 1.8.0_77-b03)
# Java VM: Java HotSpot(TM) 64-Bit Server VM (25.77-b03 mixed mode windows-amd64 compressed oops)
# Failed to write core dump. Minidumps are not enabled by default on client versions of Windows
#

---------------  T H R E A D  ---------------

Current thread (0x0000000014451000):  JavaThread "C2 CompilerThread1" daemon [_thread_in_native, id=9728, stack(0x0000000015bc0000,0x0000000015cc0000)]

Stack: [0x0000000015bc0000,0x0000000015cc0000]
[error occurred during error reporting (printing stack bounds), id 0xc0000005]

Native frames: (J=compiled Java code, j=interpreted, Vv=VM code, C=native code)


Current CompileTask:
C2: 192939 13693   !   4       java.net.URLClassLoader$1::run (63 bytes)


---------------  P R O C E S S  ---------------

Java Threads: ( => current thread )
  0x0000000017329800 JavaThread "Unconstrained build operations Thread 40" [_thread_blocked, id=14512, stack(0x0000000025430000,0x0000000025530000)]
  0x0000000017328000 JavaThread "Unconstrained build operations Thread 39" [_thread_blocked, id=1256, stack(0x0000000025330000,0x0000000025430000)]
  0x000000001652b000 JavaThread "Unconstrained build operations Thread 38" [_thread_blocked, id=10264, stack(0x0000000025230000,0x0000000025330000)]
  0x000000001652e800 JavaThread "Unconstrained build operations Thread 37" [_thread_blocked, id=13068, stack(0x0000000025130000,0x0000000025230000)]
  0x000000001652d000 JavaThread "Unconstrained build operations Thread 36" [_thread_blocked, id=12884, stack(0x0000000023ce0000,0x0000000023de0000)]
  0x000000001652b800 JavaThread "Unconstrained build operations Thread 35" [_thread_blocked, id=5440, stack(0x0000000023be0000,0x0000000023ce0000)]
  0x000000001652f800 JavaThread "Unconstrained build operations Thread 34" [_thread_blocked, id=2312, stack(0x0000000023030000,0x0000000023130000)]
  0x000000001652a000 JavaThread "Unconstrained build operations Thread 33" [_thread_blocked, id=5140, stack(0x0000000022b80000,0x0000000022c80000)]
  0x0000000016529800 JavaThread "Unconstrained build operations Thread 32" [_thread_blocked, id=15112, stack(0x0000000022a80000,0x0000000022b80000)]
  0x000000001652c800 JavaThread "Unconstrained build operations Thread 31" [_thread_blocked, id=6168, stack(0x0000000022980000,0x0000000022a80000)]
  0x000000001652e000 JavaThread "Unconstrained build operations Thread 30" [_thread_blocked, id=16392, stack(0x0000000022880000,0x0000000022980000)]
  0x0000000016522000 JavaThread "Unconstrained build operations Thread 29" [_thread_blocked, id=11312, stack(0x0000000022780000,0x0000000022880000)]
  0x0000000016528800 JavaThread "Unconstrained build operations Thread 28" [_thread_blocked, id=11932, stack(0x0000000022680000,0x0000000022780000)]
  0x0000000016525000 JavaThread "Unconstrained build operations Thread 27" [_thread_blocked, id=17096, stack(0x0000000022580000,0x0000000022680000)]
  0x0000000016523800 JavaThread "Unconstrained build operations Thread 26" [_thread_blocked, id=6548, stack(0x0000000022480000,0x0000000022580000)]
  0x0000000016527000 JavaThread "Unconstrained build operations Thread 25" [_thread_blocked, id=10692, stack(0x0000000022380000,0x0000000022480000)]
  0x000000001c101800 JavaThread "Unconstrained build operations Thread 24" [_thread_blocked, id=8132, stack(0x0000000022280000,0x0000000022380000)]
  0x000000001c100000 JavaThread "Unconstrained build operations Thread 23" [_thread_blocked, id=12020, stack(0x0000000022080000,0x0000000022180000)]
  0x000000001c0ff800 JavaThread "Unconstrained build operations Thread 22" [_thread_blocked, id=15992, stack(0x0000000021f80000,0x0000000022080000)]
  0x000000001c103000 JavaThread "Unconstrained build operations Thread 21" [_thread_blocked, id=1172, stack(0x00000000219d0000,0x0000000021ad0000)]
  0x000000001c101000 JavaThread "Cache worker for execution history cache (C:\Users\wagner.prado\Dropbox\curso\Programação\Java Digital innovation\Santander java\SantanderDIO_ControleDePonto\SantanderDIO_ControleDePonto\.gradle\7.1.1\executionHistory)" [_thread_blocked, id=1832, stack(0x0000000022180000,0x0000000022280000)]
  0x000000001c0fe800 JavaThread "Unconstrained build operations Thread 20" [_thread_blocked, id=11432, stack(0x00000000218d0000,0x00000000219d0000)]
  0x000000001c0fe000 JavaThread "Unconstrained build operations Thread 19" [_thread_blocked, id=3336, stack(0x00000000217d0000,0x00000000218d0000)]
  0x000000001c0f6800 JavaThread "Unconstrained build operations Thread 18" [_thread_blocked, id=18364, stack(0x00000000216d0000,0x00000000217d0000)]
  0x000000001c0f9800 JavaThread "Unconstrained build operations Thread 17" [_thread_blocked, id=12296, stack(0x00000000215d0000,0x00000000216d0000)]
  0x000000001c0fd000 JavaThread "Unconstrained build operations Thread 16" [_thread_blocked, id=12100, stack(0x00000000214d0000,0x00000000215d0000)]
  0x000000001c0fc800 JavaThread "Unconstrained build operations Thread 15" [_thread_blocked, id=15868, stack(0x00000000213d0000,0x00000000214d0000)]
  0x000000001c0f5800 JavaThread "Unconstrained build operations Thread 14" [_thread_blocked, id=6940, stack(0x00000000212d0000,0x00000000213d0000)]
  0x000000001c0fb800 JavaThread "Unconstrained build operations Thread 13" [_thread_blocked, id=8620, stack(0x0000000020ad0000,0x0000000020bd0000)]
  0x000000001c0f8800 JavaThread "Unconstrained build operations Thread 12" [_thread_blocked, id=16928, stack(0x00000000209d0000,0x0000000020ad0000)]
  0x000000001c0fb000 JavaThread "Unconstrained build operations Thread 11" [_thread_blocked, id=12684, stack(0x00000000208d0000,0x00000000209d0000)]
  0x000000001c0f4000 JavaThread "Unconstrained build operations Thread 10" [_thread_blocked, id=5352, stack(0x00000000207d0000,0x00000000208d0000)]
  0x000000001c0f8000 JavaThread "Unconstrained build operations Thread 9" [_thread_blocked, id=16568, stack(0x00000000206d0000,0x00000000207d0000)]
  0x000000001ad5c800 JavaThread "Unconstrained build operations Thread 8" [_thread_blocked, id=3728, stack(0x00000000205d0000,0x00000000206d0000)]
  0x000000001ad5e000 JavaThread "Unconstrained build operations Thread 7" [_thread_blocked, id=17108, stack(0x0000000020310000,0x0000000020410000)]
  0x000000001ad5c000 JavaThread "Unconstrained build operations Thread 6" [_thread_blocked, id=3464, stack(0x0000000020210000,0x0000000020310000)]
  0x000000001ad5b000 JavaThread "Unconstrained build operations Thread 5" [_thread_blocked, id=1740, stack(0x0000000020110000,0x0000000020210000)]
  0x000000001ad5d800 JavaThread "Unconstrained build operations Thread 4" [_thread_blocked, id=5320, stack(0x0000000020010000,0x0000000020110000)]
  0x000000001ad60800 JavaThread "Unconstrained build operations Thread 3" [_thread_blocked, id=14504, stack(0x000000001ff10000,0x0000000020010000)]
  0x000000001ad59800 JavaThread "Unconstrained build operations Thread 2" [_thread_blocked, id=4348, stack(0x000000001fbc0000,0x000000001fcc0000)]
  0x000000001ad5f000 JavaThread "Unconstrained build operations" [_thread_blocked, id=316, stack(0x000000001fac0000,0x000000001fbc0000)]
  0x000000001ad5f800 JavaThread "Cache worker for Build Output Cleanup Cache (C:\Users\wagner.prado\Dropbox\curso\Programação\Java Digital innovation\Santander java\SantanderDIO_ControleDePonto\SantanderDIO_ControleDePonto\.gradle\buildOutputCleanup)" [_thread_blocked, id=18116, stack(0x000000001f7c0000,0x000000001f8c0000)]
  0x000000001ad52000 JavaThread "Cache worker for dependencies-accessors (C:\Users\wagner.prado\Dropbox\curso\Programação\Java Digital innovation\Santander java\SantanderDIO_ControleDePonto\SantanderDIO_ControleDePonto\.gradle\7.1.1\dependencies-accessors)" [_thread_blocked, id=15428, stack(0x000000001eec0000,0x000000001efc0000)]
  0x000000001ad55000 JavaThread "Cache worker for cache directory md-rule (C:\Users\wagner.prado\.gradle\caches\7.1.1\md-rule)" [_thread_blocked, id=17004, stack(0x000000001dfa0000,0x000000001e0a0000)]
  0x000000001ad51800 JavaThread "Cache worker for cache directory md-supplier (C:\Users\wagner.prado\.gradle\caches\7.1.1\md-supplier)" [_thread_blocked, id=4892, stack(0x000000001dea0000,0x000000001dfa0000)]
  0x000000001ad54800 JavaThread "Cache worker for checksums cache (C:\Users\wagner.prado\Dropbox\curso\Programação\Java Digital innovation\Santander java\SantanderDIO_ControleDePonto\SantanderDIO_ControleDePonto\.gradle\checksums)" [_thread_blocked, id=15612, stack(0x000000001c8a0000,0x000000001c9a0000)]
  0x000000001ad53800 JavaThread "Cache worker for file hash cache (C:\Users\wagner.prado\Dropbox\curso\Programação\Java Digital innovation\Santander java\SantanderDIO_ControleDePonto\SantanderDIO_ControleDePonto\.gradle\7.1.1\fileHashes)" [_thread_blocked, id=7212, stack(0x0000000018d30000,0x0000000018e30000)]
  0x000000001ad58000 JavaThread "Daemon client event forwarder" [_thread_blocked, id=10972, stack(0x0000000018c30000,0x0000000018d30000)]
  0x000000001ad53000 JavaThread "Stdin handler" [_thread_blocked, id=10876, stack(0x0000000018b30000,0x0000000018c30000)]
  0x000000001ad57800 JavaThread "Asynchronous log dispatcher for DefaultDaemonConnection: socket connection from /127.0.0.1:56396 to /127.0.0.1:56416" [_thread_blocked, id=4948, stack(0x0000000018a30000,0x0000000018b30000)]
  0x000000001ad56800 JavaThread "Cancel handler" [_thread_blocked, id=4232, stack(0x0000000018630000,0x0000000018730000)]
  0x000000001ad56000 JavaThread "Handler for socket connection from /127.0.0.1:56396 to /127.0.0.1:56416" [_thread_in_native, id=6080, stack(0x00000000013e0000,0x00000000014e0000)]
  0x000000001732b000 JavaThread "Exec process Thread 6" [_thread_blocked, id=16224, stack(0x0000000025030000,0x0000000025130000)]
  0x000000001732a000 JavaThread "Exec process Thread 5" [_thread_blocked, id=10160, stack(0x0000000024f30000,0x0000000025030000)]
  0x0000000017328800 JavaThread "Exec process Thread 4" [_thread_blocked, id=16108, stack(0x0000000024e30000,0x0000000024f30000)]
  0x000000001c0f7000 JavaThread "Daemon worker Thread 2" [_thread_blocked, id=6312, stack(0x0000000018930000,0x0000000018a30000)]
  0x000000001c0fa000 JavaThread "Daemon Thread 2" [_thread_blocked, id=13784, stack(0x00000000011e0000,0x00000000012e0000)]
  0x000000001ad5a800 JavaThread "Cache worker for Java compile cache (C:\Users\wagner.prado\.gradle\caches\7.1.1\javaCompile)" [_thread_blocked, id=14080, stack(0x0000000022f30000,0x0000000023030000)]
  0x000000001c0f5000 JavaThread "Memory manager" [_thread_blocked, id=14552, stack(0x0000000020dd0000,0x0000000020ed0000)]
  0x0000000016520800 JavaThread "jar transforms Thread 4" [_thread_blocked, id=17448, stack(0x000000001edc0000,0x000000001eec0000)]
  0x0000000016521000 JavaThread "jar transforms Thread 3" [_thread_blocked, id=15432, stack(0x000000001eaa0000,0x000000001eba0000)]
  0x0000000016522800 JavaThread "Cache worker for file content cache (C:\Users\wagner.prado\.gradle\caches\7.1.1\fileContent)" [_thread_blocked, id=16008, stack(0x000000001e9a0000,0x000000001eaa0000)]
  0x0000000016526800 JavaThread "jar transforms Thread 2" [_thread_blocked, id=17328, stack(0x000000001e4a0000,0x000000001e5a0000)]
  0x0000000016525800 JavaThread "jar transforms" [_thread_blocked, id=7720, stack(0x000000001e3a0000,0x000000001e4a0000)]
  0x0000000016524000 JavaThread "Cache worker for execution history cache (C:\Users\wagner.prado\.gradle\caches\7.1.1\executionHistory)" [_thread_blocked, id=10720, stack(0x000000001e0a0000,0x000000001e1a0000)]
  0x000000001732e800 JavaThread "File watcher consumer" daemon [_thread_blocked, id=11700, stack(0x000000001c7a0000,0x000000001c8a0000)]
  0x000000001732d000 JavaThread "File watcher server" daemon [_thread_in_native, id=14300, stack(0x000000001c3a0000,0x000000001c4a0000)]
  0x000000001732e000 JavaThread "Cache worker for file hash cache (C:\Users\wagner.prado\.gradle\caches\7.1.1\fileHashes)" [_thread_blocked, id=12864, stack(0x000000001c4a0000,0x000000001c5a0000)]
  0x000000001732c800 JavaThread "File lock request listener" [_thread_in_native, id=14856, stack(0x000000001b2d0000,0x000000001b3d0000)]
  0x000000001732b800 JavaThread "Cache worker for journal cache (C:\Users\wagner.prado\.gradle\caches\journal-1)" [_thread_blocked, id=9956, stack(0x000000001a200000,0x000000001a300000)]
  0x0000000016158000 JavaThread "Daemon periodic checks" [_thread_blocked, id=15680, stack(0x0000000018530000,0x0000000018630000)]
  0x000000001725c800 JavaThread "Incoming local TCP Connector on port 56396" [_thread_in_native, id=12520, stack(0x0000000018430000,0x0000000018530000)]
  0x0000000017648800 JavaThread "SeedGenerator Thread" daemon [_thread_blocked, id=13260, stack(0x0000000018330000,0x0000000018430000)]
  0x00000000175d9800 JavaThread "Daemon health stats" [_thread_blocked, id=9156, stack(0x0000000017cf0000,0x0000000017df0000)]
  0x0000000015df8800 JavaThread "Service Thread" daemon [_thread_blocked, id=16984, stack(0x00000000161c0000,0x00000000162c0000)]
  0x0000000014460000 JavaThread "C1 CompilerThread2" daemon [_thread_in_native, id=9304, stack(0x0000000015cc0000,0x0000000015dc0000)]
=>0x0000000014451000 JavaThread "C2 CompilerThread1" daemon [_thread_in_native, id=9728, stack(0x0000000015bc0000,0x0000000015cc0000)]
  0x000000001444d800 JavaThread "C2 CompilerThread0" daemon [_thread_in_native, id=16880, stack(0x0000000015ac0000,0x0000000015bc0000)]
  0x000000001444b800 JavaThread "Attach Listener" daemon [_thread_blocked, id=7240, stack(0x00000000159c0000,0x0000000015ac0000)]
  0x000000001444a800 JavaThread "Signal Dispatcher" daemon [_thread_blocked, id=17644, stack(0x00000000158c0000,0x00000000159c0000)]
  0x000000001443a800 JavaThread "Finalizer" daemon [_thread_blocked, id=5736, stack(0x00000000156a0000,0x00000000157a0000)]
  0x000000000301f000 JavaThread "Reference Handler" daemon [_thread_blocked, id=14388, stack(0x00000000155a0000,0x00000000156a0000)]
  0x0000000002f30800 JavaThread "main" [_thread_blocked, id=6804, stack(0x0000000002e30000,0x0000000002f30000)]

Other Threads:
  0x0000000014418000 VMThread [stack: 0x00000000154a0000,0x00000000155a0000] [id=12776]
  0x0000000015e12000 WatcherThread [stack: 0x0000000016420000,0x0000000016520000] [id=13672]

VM state:not at safepoint (normal execution)

VM Mutex/Monitor currently owned by a thread: None

Heap:
 PSYoungGen      total 145408K, used 47482K [0x00000000f5580000, 0x0000000100000000, 0x0000000100000000)
  eden space 120320K, 24% used [0x00000000f5580000,0x00000000f71d6490,0x00000000fcb00000)
  from space 25088K, 73% used [0x00000000fe780000,0x00000000ff988538,0x0000000100000000)
  to   space 27136K, 0% used [0x00000000fcb00000,0x00000000fcb00000,0x00000000fe580000)
 ParOldGen       total 185344K, used 80583K [0x00000000e0000000, 0x00000000eb500000, 0x00000000f5580000)
  object space 185344K, 43% used [0x00000000e0000000,0x00000000e4eb1e70,0x00000000eb500000)
 Metaspace       used 72136K, capacity 77250K, committed 77440K, reserved 1116160K
  class space    used 9874K, capacity 10774K, committed 10880K, reserved 1048576K

Card table byte_map: [0x00000000123f0000,0x0000000012500000] byte_map_base: 0x0000000011cf0000

Marking Bits: (ParMarkBitMap*) 0x0000000065960600
 Begin Bits: [0x00000000129b0000, 0x00000000131b0000)
 End Bits:   [0x00000000131b0000, 0x00000000139b0000)

Polling page: 0x0000000002cf0000

CodeCache: size=245760Kb used=38988Kb max_used=38988Kb free=206771Kb
 bounds [0x0000000003030000, 0x0000000005670000, 0x0000000012030000]
 total_blobs=12344 nmethods=11526 adapters=728
 compilation: enabled

Compilation events (10 events):
Event: 192.700 Thread 0x0000000014460000 13712       1       org.gradle.tooling.internal.provider.runner.ToolingApiBuildEventListenerFactory$1::finished (1 bytes)
Event: 192.700 Thread 0x0000000014460000 nmethod 13712 0x000000000564e050 code [0x000000000564e1a0, 0x000000000564e2b0]
Event: 192.700 Thread 0x0000000014460000 13710       3       org.gradle.api.internal.DefaultCollectionCallbackActionDecorator$OperationDetails::<init> (10 bytes)
Event: 192.700 Thread 0x0000000014460000 nmethod 13710 0x000000000564e310 code [0x000000000564e460, 0x000000000564e630]
Event: 192.724 Thread 0x0000000014460000 13713       1       org.gradle.model.internal.asm.AsmClassGenerator::getVisitor (5 bytes)
Event: 192.724 Thread 0x0000000014460000 nmethod 13713 0x000000000564e6d0 code [0x000000000564e820, 0x000000000564e930]
Event: 192.724 Thread 0x0000000014460000 13714       1       org.gradle.model.internal.asm.AsmClassGenerator::getGeneratedType (5 bytes)
Event: 192.724 Thread 0x0000000014460000 nmethod 13714 0x000000000564e990 code [0x000000000564eae0, 0x000000000564ebf0]
Event: 192.725 Thread 0x0000000014460000 13715   !   3       com.sun.proxy.$Proxy16::annotationType (29 bytes)
Event: 192.725 Thread 0x0000000014460000 nmethod 13715 0x000000000564ec50 code [0x000000000564ede0, 0x000000000564f218]

GC Heap History (10 events):
Event: 179.195 GC heap before
{Heap before GC invocations=23 (full 3):
 PSYoungGen      total 150016K, used 130292K [0x00000000f5580000, 0x0000000100000000, 0x0000000100000000)
  eden space 126976K, 100% used [0x00000000f5580000,0x00000000fd180000,0x00000000fd180000)
  from space 23040K, 14% used [0x00000000fd180000,0x00000000fd4bd108,0x00000000fe800000)
  to   space 23040K, 0% used [0x00000000fe980000,0x00000000fe980000,0x0000000100000000)
 ParOldGen       total 185344K, used 71365K [0x00000000e0000000, 0x00000000eb500000, 0x00000000f5580000)
  object space 185344K, 38% used [0x00000000e0000000,0x00000000e45b1640,0x00000000eb500000)
 Metaspace       used 60761K, capacity 64870K, committed 64896K, reserved 1105920K
  class space    used 8294K, capacity 9066K, committed 9088K, reserved 1048576K
Event: 179.220 GC heap after
Heap after GC invocations=23 (full 3):
 PSYoungGen      total 149504K, used 5874K [0x00000000f5580000, 0x00000000ffe00000, 0x0000000100000000)
  eden space 128512K, 0% used [0x00000000f5580000,0x00000000f5580000,0x00000000fd300000)
  from space 20992K, 27% used [0x00000000fe980000,0x00000000fef3cb10,0x00000000ffe00000)
  to   space 22016K, 0% used [0x00000000fd300000,0x00000000fd300000,0x00000000fe880000)
 ParOldGen       total 185344K, used 72078K [0x00000000e0000000, 0x00000000eb500000, 0x00000000f5580000)
  object space 185344K, 38% used [0x00000000e0000000,0x00000000e4663ac0,0x00000000eb500000)
 Metaspace       used 60761K, capacity 64870K, committed 64896K, reserved 1105920K
  class space    used 8294K, capacity 9066K, committed 9088K, reserved 1048576K
}
Event: 186.359 GC heap before
{Heap before GC invocations=24 (full 3):
 PSYoungGen      total 149504K, used 134386K [0x00000000f5580000, 0x00000000ffe00000, 0x0000000100000000)
  eden space 128512K, 100% used [0x00000000f5580000,0x00000000fd300000,0x00000000fd300000)
  from space 20992K, 27% used [0x00000000fe980000,0x00000000fef3cb10,0x00000000ffe00000)
  to   space 22016K, 0% used [0x00000000fd300000,0x00000000fd300000,0x00000000fe880000)
 ParOldGen       total 185344K, used 72078K [0x00000000e0000000, 0x00000000eb500000, 0x00000000f5580000)
  object space 185344K, 38% used [0x00000000e0000000,0x00000000e4663ac0,0x00000000eb500000)
 Metaspace       used 68090K, capacity 72736K, committed 72960K, reserved 1112064K
  class space    used 9333K, capacity 10210K, committed 10240K, reserved 1048576K
Event: 186.377 GC heap after
Heap after GC invocations=24 (full 3):
 PSYoungGen      total 150528K, used 11130K [0x00000000f5580000, 0x0000000100000000, 0x0000000100000000)
  eden space 128512K, 0% used [0x00000000f5580000,0x00000000f5580000,0x00000000fd300000)
  from space 22016K, 50% used [0x00000000fd300000,0x00000000fddde9d0,0x00000000fe880000)
  to   space 21504K, 0% used [0x00000000feb00000,0x00000000feb00000,0x0000000100000000)
 ParOldGen       total 185344K, used 75076K [0x00000000e0000000, 0x00000000eb500000, 0x00000000f5580000)
  object space 185344K, 40% used [0x00000000e0000000,0x00000000e49513e8,0x00000000eb500000)
 Metaspace       used 68090K, capacity 72736K, committed 72960K, reserved 1112064K
  class space    used 9333K, capacity 10210K, committed 10240K, reserved 1048576K
}
Event: 188.408 GC heap before
{Heap before GC invocations=25 (full 3):
 PSYoungGen      total 150528K, used 139642K [0x00000000f5580000, 0x0000000100000000, 0x0000000100000000)
  eden space 128512K, 100% used [0x00000000f5580000,0x00000000fd300000,0x00000000fd300000)
  from space 22016K, 50% used [0x00000000fd300000,0x00000000fddde9d0,0x00000000fe880000)
  to   space 21504K, 0% used [0x00000000feb00000,0x00000000feb00000,0x0000000100000000)
 ParOldGen       total 185344K, used 75076K [0x00000000e0000000, 0x00000000eb500000, 0x00000000f5580000)
  object space 185344K, 40% used [0x00000000e0000000,0x00000000e49513e8,0x00000000eb500000)
 Metaspace       used 68573K, capacity 73328K, committed 73600K, reserved 1112064K
  class space    used 9363K, capacity 10274K, committed 10368K, reserved 1048576K
Event: 188.440 GC heap after
Heap after GC invocations=25 (full 3):
 PSYoungGen      total 150016K, used 16580K [0x00000000f5580000, 0x0000000100000000, 0x0000000100000000)
  eden space 128512K, 0% used [0x00000000f5580000,0x00000000f5580000,0x00000000fd300000)
  from space 21504K, 77% used [0x00000000feb00000,0x00000000ffb313d0,0x0000000100000000)
  to   space 23040K, 0% used [0x00000000fd300000,0x00000000fd300000,0x00000000fe980000)
 ParOldGen       total 185344K, used 75076K [0x00000000e0000000, 0x00000000eb500000, 0x00000000f5580000)
  object space 185344K, 40% used [0x00000000e0000000,0x00000000e49513e8,0x00000000eb500000)
 Metaspace       used 68573K, capacity 73328K, committed 73600K, reserved 1112064K
  class space    used 9363K, capacity 10274K, committed 10368K, reserved 1048576K
}
Event: 190.363 GC heap before
{Heap before GC invocations=26 (full 3):
 PSYoungGen      total 150016K, used 145092K [0x00000000f5580000, 0x0000000100000000, 0x0000000100000000)
  eden space 128512K, 100% used [0x00000000f5580000,0x00000000fd300000,0x00000000fd300000)
  from space 21504K, 77% used [0x00000000feb00000,0x00000000ffb313d0,0x0000000100000000)
  to   space 23040K, 0% used [0x00000000fd300000,0x00000000fd300000,0x00000000fe980000)
 ParOldGen       total 185344K, used 75076K [0x00000000e0000000, 0x00000000eb500000, 0x00000000f5580000)
  object space 185344K, 40% used [0x00000000e0000000,0x00000000e49513e8,0x00000000eb500000)
 Metaspace       used 68737K, capacity 73472K, committed 73600K, reserved 1112064K
  class space    used 9372K, capacity 10276K, committed 10368K, reserved 1048576K
Event: 190.402 GC heap after
Heap after GC invocations=26 (full 3):
 PSYoungGen      total 149504K, used 20766K [0x00000000f5580000, 0x0000000100000000, 0x0000000100000000)
  eden space 128512K, 0% used [0x00000000f5580000,0x00000000f5580000,0x00000000fd300000)
  from space 20992K, 98% used [0x00000000fd300000,0x00000000fe747a88,0x00000000fe780000)
  to   space 25088K, 0% used [0x00000000fe780000,0x00000000fe780000,0x0000000100000000)
 ParOldGen       total 185344K, used 75084K [0x00000000e0000000, 0x00000000eb500000, 0x00000000f5580000)
  object space 185344K, 40% used [0x00000000e0000000,0x00000000e49533e8,0x00000000eb500000)
 Metaspace       used 68737K, capacity 73472K, committed 73600K, reserved 1112064K
  class space    used 9372K, capacity 10276K, committed 10368K, reserved 1048576K
}
Event: 192.219 GC heap before
{Heap before GC invocations=27 (full 3):
 PSYoungGen      total 149504K, used 149278K [0x00000000f5580000, 0x0000000100000000, 0x0000000100000000)
  eden space 128512K, 100% used [0x00000000f5580000,0x00000000fd300000,0x00000000fd300000)
  from space 20992K, 98% used [0x00000000fd300000,0x00000000fe747a88,0x00000000fe780000)
  to   space 25088K, 0% used [0x00000000fe780000,0x00000000fe780000,0x0000000100000000)
 ParOldGen       total 185344K, used 75084K [0x00000000e0000000, 0x00000000eb500000, 0x00000000f5580000)
  object space 185344K, 40% used [0x00000000e0000000,0x00000000e49533e8,0x00000000eb500000)
 Metaspace       used 71239K, capacity 76412K, committed 76544K, reserved 1116160K
  class space    used 9745K, capacity 10671K, committed 10752K, reserved 1048576K
Event: 192.263 GC heap after
Heap after GC invocations=27 (full 3):
 PSYoungGen      total 145408K, used 18465K [0x00000000f5580000, 0x0000000100000000, 0x0000000100000000)
  eden space 120320K, 0% used [0x00000000f5580000,0x00000000f5580000,0x00000000fcb00000)
  from space 25088K, 73% used [0x00000000fe780000,0x00000000ff988538,0x0000000100000000)
  to   space 27136K, 0% used [0x00000000fcb00000,0x00000000fcb00000,0x00000000fe580000)
 ParOldGen       total 185344K, used 80583K [0x00000000e0000000, 0x00000000eb500000, 0x00000000f5580000)
  object space 185344K, 43% used [0x00000000e0000000,0x00000000e4eb1e70,0x00000000eb500000)
 Metaspace       used 71239K, capacity 76412K, committed 76544K, reserved 1116160K
  class space    used 9745K, capacity 10671K, committed 10752K, reserved 1048576K
}

Deoptimization events (10 events):
Event: 191.743 Thread 0x000000001c0f7000 Uncommon trap: reason=class_check action=maybe_recompile pc=0x0000000004f4bf14 method=groovy.lang.MetaMethod.isStatic()Z @ 1
Event: 191.745 Thread 0x000000001c0f7000 Uncommon trap: reason=class_check action=maybe_recompile pc=0x0000000004f4bf14 method=groovy.lang.MetaMethod.isStatic()Z @ 1
Event: 191.762 Thread 0x000000001c0f7000 Uncommon trap: reason=unstable_if action=reinterpret pc=0x00000000044d44e0 method=java.lang.String.lastIndexOf([CII[CIII)I @ 135
Event: 191.785 Thread 0x000000001c0f7000 Uncommon trap: reason=unstable_if action=reinterpret pc=0x0000000003419d98 method=org.gradle.internal.metaobject.BeanDynamicObject$MetaClassAdapter.hasProperty(Ljava/lang/String;)Z @ 24
Event: 191.871 Thread 0x000000001c0f7000 Uncommon trap: reason=bimorphic action=maybe_recompile pc=0x0000000004fe5994 method=java.io.ObjectOutputStream$BlockDataOutputStream.drain()V @ 36
Event: 191.875 Thread 0x000000001c0f7000 Uncommon trap: reason=bimorphic action=maybe_recompile pc=0x0000000004fe5994 method=java.io.ObjectOutputStream$BlockDataOutputStream.drain()V @ 36
Event: 191.879 Thread 0x000000001c0f7000 Uncommon trap: reason=bimorphic action=maybe_recompile pc=0x0000000004fe5994 method=java.io.ObjectOutputStream$BlockDataOutputStream.drain()V @ 36
Event: 191.881 Thread 0x000000001c0f7000 Uncommon trap: reason=bimorphic action=maybe_recompile pc=0x0000000004fe5994 method=java.io.ObjectOutputStream$BlockDataOutputStream.drain()V @ 36
Event: 192.343 Thread 0x000000001c0f7000 Uncommon trap: reason=unstable_if action=reinterpret pc=0x00000000040c9650 method=com.amazon.ion.impl.bin.IonRawBinaryWriter$RecyclingStack.isEmpty()Z @ 4
Event: 192.363 Thread 0x000000001c0f7000 Uncommon trap: reason=unstable_if action=reinterpret pc=0x0000000004d88970 method=sun.nio.cs.UTF_8$Encoder.encodeArrayLoop(Ljava/nio/CharBuffer;Ljava/nio/ByteBuffer;)Ljava/nio/charset/CoderResult; @ 87

Internal exceptions (10 events):
Event: 191.779 Thread 0x000000001c0f7000 Exception <a 'java/lang/ClassNotFoundException': java/util/LinkedHashSetCustomizer> (0x00000000f81758c8) thrown at [D:\re\workspace\8-2-build-windows-amd64-cygwin\jdk8u77\6540\hotspot\src\share\vm\classfile\systemDictionary.cpp, line 210]
Event: 191.836 Thread 0x000000001c0f7000 Exception <a 'java/lang/ClassNotFoundException': org/codehaus/groovy/runtime/NullObjectBeanInfo> (0x00000000f8650270) thrown at [D:\re\workspace\8-2-build-windows-amd64-cygwin\jdk8u77\6540\hotspot\src\share\vm\classfile\systemDictionary.cpp, line 210]
Event: 191.866 Thread 0x000000001c0f7000 Exception <a 'java/lang/ClassNotFoundException': org/codehaus/groovy/runtime/NullObjectCustomizer> (0x00000000f8a67708) thrown at [D:\re\workspace\8-2-build-windows-amd64-cygwin\jdk8u77\6540\hotspot\src\share\vm\classfile\systemDictionary.cpp, line 210]
Event: 191.872 Thread 0x000000001c0f7000 Exception <a 'java/lang/NoSuchMethodError': <clinit>> (0x00000000f8a84b60) thrown at [D:\re\workspace\8-2-build-windows-amd64-cygwin\jdk8u77\6540\hotspot\src\share\vm\prims\jni.cpp, line 1591]
Event: 191.881 Thread 0x000000001c0f7000 Exception <a 'java/lang/NoSuchMethodError': <clinit>> (0x00000000f8aacd38) thrown at [D:\re\workspace\8-2-build-windows-amd64-cygwin\jdk8u77\6540\hotspot\src\share\vm\prims\jni.cpp, line 1591]
Event: 191.882 Thread 0x000000001c0f7000 Exception <a 'java/lang/NoSuchMethodError': <clinit>> (0x00000000f8ab95d8) thrown at [D:\re\workspace\8-2-build-windows-amd64-cygwin\jdk8u77\6540\hotspot\src\share\vm\prims\jni.cpp, line 1591]
Event: 191.883 Thread 0x000000001c0f7000 Exception <a 'java/lang/NoSuchMethodError': <clinit>> (0x00000000f8ac6780) thrown at [D:\re\workspace\8-2-build-windows-amd64-cygwin\jdk8u77\6540\hotspot\src\share\vm\prims\jni.cpp, line 1591]
Event: 192.348 Thread 0x000000001c0f7000 Exception <a 'java/lang/NoSuchMethodError': <clinit>> (0x00000000f5b43be0) thrown at [D:\re\workspace\8-2-build-windows-amd64-cygwin\jdk8u77\6540\hotspot\src\share\vm\prims\jni.cpp, line 1591]
Event: 192.349 Thread 0x000000001c0f7000 Exception <a 'java/lang/NoSuchMethodError': <clinit>> (0x00000000f5b50810) thrown at [D:\re\workspace\8-2-build-windows-amd64-cygwin\jdk8u77\6540\hotspot\src\share\vm\prims\jni.cpp, line 1591]
Event: 192.351 Thread 0x000000001c0f7000 Exception <a 'java/lang/NoSuchMethodError': <clinit>> (0x00000000f5b61c80) thrown at [D:\re\workspace\8-2-build-windows-amd64-cygwin\jdk8u77\6540\hotspot\src\share\vm\prims\jni.cpp, line 1591]

Events (10 events):
Event: 192.865 loading class com/google/common/collect/MultimapBuilder$MultimapBuilderWithKeys$3
Event: 192.865 loading class com/google/common/collect/MultimapBuilder$MultimapBuilderWithKeys$3 done
Event: 192.866 loading class com/google/common/collect/MultimapBuilder$LinkedHashSetSupplier
Event: 192.866 loading class com/google/common/collect/MultimapBuilder$LinkedHashSetSupplier done
Event: 192.866 loading class com/google/common/collect/Multimaps$CustomSetMultimap
Event: 192.866 loading class com/google/common/collect/Multimaps$CustomSetMultimap done
Event: 192.867 Executing VM operation: Deoptimize
Event: 192.868 Executing VM operation: Deoptimize done
Event: 192.869 loading class com/google/common/collect/HashBasedTable
Event: 192.869 loading class com/google/common/collect/HashBasedTable done


Dynamic libraries:
0x00007ff765370000 - 0x00007ff7653a7000 	C:\Program Files\Java\jdk1.8.0_77\bin\java.exe
0x00007ffb331b0000 - 0x00007ffb333a5000 	C:\WINDOWS\SYSTEM32\ntdll.dll
0x00007ffb31f70000 - 0x00007ffb3202d000 	C:\WINDOWS\System32\KERNEL32.DLL
0x00007ffb30df0000 - 0x00007ffb310b9000 	C:\WINDOWS\System32\KERNELBASE.dll
0x00007ffb32fa0000 - 0x00007ffb3304c000 	C:\WINDOWS\System32\ADVAPI32.dll
0x00007ffb32030000 - 0x00007ffb320ce000 	C:\WINDOWS\System32\msvcrt.dll
0x00007ffb31220000 - 0x00007ffb312bb000 	C:\WINDOWS\System32\sechost.dll
0x00007ffb32260000 - 0x00007ffb3238a000 	C:\WINDOWS\System32\RPCRT4.dll
0x00007ffb312c0000 - 0x00007ffb31460000 	C:\WINDOWS\System32\USER32.dll
0x00007ffb308f0000 - 0x00007ffb30912000 	C:\WINDOWS\System32\win32u.dll
0x00007ffb31f40000 - 0x00007ffb31f6a000 	C:\WINDOWS\System32\GDI32.dll
0x00007ffb30c50000 - 0x00007ffb30d5b000 	C:\WINDOWS\System32\gdi32full.dll
0x00007ffb30920000 - 0x00007ffb309bd000 	C:\WINDOWS\System32\msvcp_win.dll
0x00007ffb309c0000 - 0x00007ffb30ac0000 	C:\WINDOWS\System32\ucrtbase.dll
0x00007ffb18840000 - 0x00007ffb18ada000 	C:\WINDOWS\WinSxS\amd64_microsoft.windows.common-controls_6595b64144ccf1df_6.0.19041.1110_none_60b5254171f9507e\COMCTL32.dll
0x00007ffb32f70000 - 0x00007ffb32fa0000 	C:\WINDOWS\System32\IMM32.DLL
0x00000000659e0000 - 0x0000000065ab2000 	C:\Program Files\Java\jdk1.8.0_77\jre\bin\msvcr100.dll
0x0000000065150000 - 0x00000000659e0000 	C:\Program Files\Java\jdk1.8.0_77\jre\bin\server\jvm.dll
0x00007ffb33050000 - 0x00007ffb33058000 	C:\WINDOWS\System32\PSAPI.DLL
0x00007ffb29c50000 - 0x00007ffb29c5a000 	C:\WINDOWS\SYSTEM32\VERSION.dll
0x00007ffb23180000 - 0x00007ffb231a7000 	C:\WINDOWS\SYSTEM32\WINMM.dll
0x00007ffb1f360000 - 0x00007ffb1f369000 	C:\WINDOWS\SYSTEM32\WSOCK32.dll
0x00007ffb319d0000 - 0x00007ffb31a3b000 	C:\WINDOWS\System32\WS2_32.dll
0x0000000065140000 - 0x000000006514f000 	C:\Program Files\Java\jdk1.8.0_77\jre\bin\verify.dll
0x0000000065110000 - 0x0000000065139000 	C:\Program Files\Java\jdk1.8.0_77\jre\bin\java.dll
0x00000000650f0000 - 0x0000000065106000 	C:\Program Files\Java\jdk1.8.0_77\jre\bin\zip.dll
0x00007ffb32680000 - 0x00007ffb32dbf000 	C:\WINDOWS\System32\SHELL32.dll
0x00007ffb2ea20000 - 0x00007ffb2f1b1000 	C:\WINDOWS\SYSTEM32\windows.storage.dll
0x00007ffb31b60000 - 0x00007ffb31eb5000 	C:\WINDOWS\System32\combase.dll
0x00007ffb30360000 - 0x00007ffb3038c000 	C:\WINDOWS\SYSTEM32\Wldp.dll
0x00007ffb321b0000 - 0x00007ffb3225e000 	C:\WINDOWS\System32\SHCORE.dll
0x00007ffb323a0000 - 0x00007ffb323f5000 	C:\WINDOWS\System32\shlwapi.dll
0x00007ffb30830000 - 0x00007ffb3084f000 	C:\WINDOWS\SYSTEM32\profapi.dll
0x00000000650d0000 - 0x00000000650ea000 	C:\Program Files\Java\jdk1.8.0_77\jre\bin\net.dll
0x00007ffb300c0000 - 0x00007ffb3012a000 	C:\WINDOWS\system32\mswsock.dll
0x00000000650b0000 - 0x00000000650c1000 	C:\Program Files\Java\jdk1.8.0_77\jre\bin\nio.dll
0x00007ffb28330000 - 0x00007ffb28357000 	C:\Users\wagner.prado\.gradle\native\8bec1ad78214c89d9ad589b4d07fe93259594b29d510b10fafb7a158f7737e5d\windows-amd64\native-platform.dll
0x00007ffaf77a0000 - 0x00007ffaf78dd000 	C:\Users\wagner.prado\.gradle\native\53dbd7edfb1c66fb8903c78663c9afc45aea4f116125fa6feffd364cf09443e8\windows-amd64\native-platform-file-events.dll
0x00000000650a0000 - 0x00000000650ad000 	C:\Program Files\Java\jdk1.8.0_77\jre\bin\management.dll
0x00007ffb302a0000 - 0x00007ffb302b8000 	C:\WINDOWS\SYSTEM32\CRYPTSP.dll
0x00007ffb2f9f0000 - 0x00007ffb2fa24000 	C:\WINDOWS\system32\rsaenh.dll
0x00007ffb30c20000 - 0x00007ffb30c47000 	C:\WINDOWS\System32\bcrypt.dll
0x00007ffb307f0000 - 0x00007ffb3081e000 	C:\WINDOWS\SYSTEM32\USERENV.dll
0x00007ffb30d60000 - 0x00007ffb30de3000 	C:\WINDOWS\System32\bcryptprimitives.dll
0x00007ffb310c0000 - 0x00007ffb3121f000 	C:\WINDOWS\System32\CRYPT32.dll
0x00007ffb306f0000 - 0x00007ffb306fa000 	C:\WINDOWS\SYSTEM32\DPAPI.dll
0x00007ffb302c0000 - 0x00007ffb302cc000 	C:\WINDOWS\SYSTEM32\CRYPTBASE.dll
0x00007ffb2fd60000 - 0x00007ffb2fd9b000 	C:\WINDOWS\SYSTEM32\IPHLPAPI.DLL
0x00007ffb318d0000 - 0x00007ffb318d8000 	C:\WINDOWS\System32\NSI.dll
0x00007ffb2bc40000 - 0x00007ffb2bc57000 	C:\WINDOWS\SYSTEM32\dhcpcsvc6.DLL
0x00007ffb2bbb0000 - 0x00007ffb2bbcd000 	C:\WINDOWS\SYSTEM32\dhcpcsvc.DLL
0x00007ffb2fdb0000 - 0x00007ffb2fe7c000 	C:\WINDOWS\SYSTEM32\DNSAPI.dll

VM Arguments:
jvm_args: -XX:MaxMetaspaceSize=256m -XX:+HeapDumpOnOutOfMemoryError -Xms256m -Xmx512m -Dfile.encoding=windows-1252 -Duser.country=BR -Duser.language=pt -Duser.variant 
java_command: org.gradle.launcher.daemon.bootstrap.GradleDaemon 7.1.1
java_class_path (initial): C:\Users\wagner.prado\.gradle\wrapper\dists\gradle-7.1.1-bin\f29rtwfnc96ub43tt7p47zsru\gradle-7.1.1\lib\gradle-launcher-7.1.1.jar
Launcher Type: SUN_STANDARD

Environment Variables:
JAVA_HOME=C:\Program Files\Java\jdk1.8.0_77\
PATH=C:\oracle\product\10.2.0\client_3;C:\Program Files (x86)\Common Files\Oracle\Java\javapath;C:\ProgramData\Oracle\Java\javapath;C:\WINDOWS\system32;C:\WINDOWS;C:\WINDOWS\System32\Wbem;C:\WINDOWS\System32\WindowsPowerShell\v1.0\;C:\WINDOWS\System32\OpenSSH\;C:\Users\teste\Downloads.\scrcpy-win32-v1.16;C:\Program Files (x86)\ClockworkMod\Universal Adb Driver\;C:\Program Files\Java\jdk1.8.0_77\\bin;C:\Program Files\Git\cmd;C:\Users\wagner.prado\AppData\Local\Microsoft\WindowsApps
USERNAME=wagner.prado
OS=Windows_NT
PROCESSOR_IDENTIFIER=Intel64 Family 6 Model 42 Stepping 7, GenuineIntel



---------------  S Y S T E M  ---------------

OS: Windows 10.0 , 64 bit Build 19041 (10.0.19041.1023)

CPU:total 4 (2 cores per cpu, 2 threads per core) family 6 model 42 stepping 7, cmov, cx8, fxsr, mmx, sse, sse2, sse3, ssse3, sse4.1, sse4.2, popcnt, avx, clmul, ht, tsc, tscinvbit

Memory: 4k page, physical 6196404k(420280k free), swap 11340980k(4756k free)

vm_info: Java HotSpot(TM) 64-Bit Server VM (25.77-b03) for windows-amd64 JRE (1.8.0_77-b03), built on Mar 20 2016 22:01:33 by "java_re" with MS VC++ 10.0 (VS2010)

time: Wed Aug 04 23:37:10 2021
elapsed time: 193 seconds (0d 0h 3m 13s)

